<?xml version="1.0" encoding="UTF-8"?>
<!-- Generated by org.testng.reporters.JUnitXMLReporter -->
<testsuite hostname="Vinay.local" ignored="0" name="Regression" tests="1" failures="0" timestamp="23 Apr 2022 06:28:14 GMT" time="21.75" errors="0">
  <testcase name="@AfterTest tearDown" time="0.007" classname="com.automation.framework.testcases.LoginTest">
    <failure type="java.lang.StackOverflowError">
      <![CDATA[java.lang.StackOverflowError
at com.automation.framework.testcases.LoginTest.tearDown(LoginTest.java:25)
at com.automation.framework.testcases.LoginTest.tearDown(LoginTest.java:25)
at com.automation.framework.testcases.LoginTest.tearDown(LoginTest.java:25)
at com.automation.framework.testcases.LoginTest.tearDown(LoginTest.java:25)
at com.automation.framework.testcases.LoginTest.tearDown(LoginTest.java:25)
at com.automation.framework.testcases.LoginTest.tearDown(LoginTest.java:25)
at com.automation.framework.testcases.LoginTest.tearDown(LoginTest.java:25)
at com.automation.framework.testcases.LoginTest.tearDown(LoginTest.java:25)
at com.automation.framework.testcases.LoginTest.tearDown(LoginTest.java:25)
at com.automation.framework.testcases.LoginTest.tearDown(LoginTest.java:25)
at com.automation.framework.testcases.LoginTest.tearDown(LoginTest.java:25)
at com.automation.framework.testcases.LoginTest.tearDown(LoginTest.java:25)
at com.automation.framework.testcases.LoginTest.tearDown(LoginTest.java:25)
at com.automation.framework.testcases.LoginTest.tearDown(LoginTest.java:25)
at com.automation.framework.testcases.LoginTest.tearDown(LoginTest.java:25)
at com.automation.framework.testcases.LoginTest.tearDown(LoginTest.java:25)
at com.automation.framework.testcases.LoginTest.tearDown(LoginTest.java:25)
at com.automation.framework.testcases.LoginTest.tearDown(LoginTest.java:25)
at com.automation.framework.testcases.LoginTest.tearDown(LoginTest.java:25)
at com.automation.framework.testcases.LoginTest.tearDown(LoginTest.java:25)
at com.automation.framework.testcases.LoginTest.tearDown(LoginTest.java:25)
at com.automation.framework.testcases.LoginTest.tearDown(LoginTest.java:25)
at com.automation.framework.testcases.LoginTest.tearDown(LoginTest.java:25)
at com.automation.framework.testcases.LoginTest.tearDown(LoginTest.java:25)
at com.automation.framework.testcases.LoginTest.tearDown(LoginTest.java:25)
at com.automation.framework.testcases.LoginTest.tearDown(LoginTest.java:25)
at com.automation.framework.testcases.LoginTest.tearDown(LoginTest.java:25)
at com.automation.framework.testcases.LoginTest.tearDown(LoginTest.java:25)
at com.automation.framework.testcases.LoginTest.tearDown(LoginTest.java:25)
at com.automation.framework.testcases.LoginTest.tearDown(LoginTest.java:25)
at com.automation.framework.testcases.LoginTest.tearDown(LoginTest.java:25)
at com.automation.framework.testcases.LoginTest.tearDown(LoginTest.java:25)
at com.automation.framework.testcases.LoginTest.tearDown(LoginTest.java:25)
at com.automation.framework.testcases.LoginTest.tearDown(LoginTest.java:25)
at com.automation.framework.testcases.LoginTest.tearDown(LoginTest.java:25)
at com.automation.framework.testcases.LoginTest.tearDown(LoginTest.java:25)
at com.automation.framework.testcases.LoginTest.tearDown(LoginTest.java:25)
at com.automation.framework.testcases.LoginTest.tearDown(LoginTest.java:25)
at com.automation.framework.testcases.LoginTest.tearDown(LoginTest.java:25)
at com.automation.framework.testcases.LoginTest.tearDown(LoginTest.java:25)
at com.automation.framework.testcases.LoginTest.tearDown(LoginTest.java:25)
at com.automation.framework.testcases.LoginTest.tearDown(LoginTest.java:25)
at com.automation.framework.testcases.LoginTest.tearDown(LoginTest.java:25)
at com.automation.framework.testcases.LoginTest.tearDown(LoginTest.java:25)
at com.automation.framework.testcases.LoginTest.tearDown(LoginTest.java:25)
at com.automation.framework.testcases.LoginTest.tearDown(LoginTest.java:25)
at com.automation.framework.testcases.LoginTest.tearDown(LoginTest.java:25)
at com.automation.framework.testcases.LoginTest.tearDown(LoginTest.java:25)
at com.automation.framework.testcases.LoginTest.tearDown(LoginTest.java:25)
at com.automation.framework.testcases.LoginTest.tearDown(LoginTest.java:25)
at com.automation.framework.testcases.LoginTest.tearDown(LoginTest.java:25)
at com.automation.framework.testcases.LoginTest.tearDown(LoginTest.java:25)
at com.automation.framework.testcases.LoginTest.tearDown(LoginTest.java:25)
at com.automation.framework.testcases.LoginTest.tearDown(LoginTest.java:25)
at com.automation.framework.testcases.LoginTest.tearDown(LoginTest.java:25)
at com.automation.framework.testcases.LoginTest.tearDown(LoginTest.java:25)
at com.automation.framework.testcases.LoginTest.tearDown(LoginTest.java:25)
at com.automation.framework.testcases.LoginTest.tearDown(LoginTest.java:25)
at com.automation.framework.testcases.LoginTest.tearDown(LoginTest.java:25)
at com.automation.framework.testcases.LoginTest.tearDown(LoginTest.java:25)
at com.automation.framework.testcases.LoginTest.tearDown(LoginTest.java:25)
at com.automation.framework.testcases.LoginTest.tearDown(LoginTest.java:25)
at com.automation.framework.testcases.LoginTest.tearDown(LoginTest.java:25)
at com.automation.framework.testcases.LoginTest.tearDown(LoginTest.java:25)
at com.automation.framework.testcases.LoginTest.tearDown(LoginTest.java:25)
at com.automation.framework.testcases.LoginTest.tearDown(LoginTest.java:25)
at com.automation.framework.testcases.LoginTest.tearDown(LoginTest.java:25)
at com.automation.framework.testcases.LoginTest.tearDown(LoginTest.java:25)
at com.automation.framework.testcases.LoginTest.tearDown(LoginTest.java:25)
at com.automation.framework.testcases.LoginTest.tearDown(LoginTest.java:25)
at com.automation.framework.testcases.LoginTest.tearDown(LoginTest.java:25)
at com.automation.framework.testcases.LoginTest.tearDown(LoginTest.java:25)
at com.automation.framework.testcases.LoginTest.tearDown(LoginTest.java:25)
at com.automation.framework.testcases.LoginTest.tearDown(LoginTest.java:25)
at com.automation.framework.testcases.LoginTest.tearDown(LoginTest.java:25)
at com.automation.framework.testcases.LoginTest.tearDown(LoginTest.java:25)
at com.automation.framework.testcases.LoginTest.tearDown(LoginTest.java:25)
at com.automation.framework.testcases.LoginTest.tearDown(LoginTest.java:25)
at com.automation.framework.testcases.LoginTest.tearDown(LoginTest.java:25)
at com.automation.framework.testcases.LoginTest.tearDown(LoginTest.java:25)
at com.automation.framework.testcases.LoginTest.tearDown(LoginTest.java:25)
at com.automation.framework.testcases.LoginTest.tearDown(LoginTest.java:25)
at com.automation.framework.testcases.LoginTest.tearDown(LoginTest.java:25)
at com.automation.framework.testcases.LoginTest.tearDown(LoginTest.java:25)
at com.automation.framework.testcases.LoginTest.tearDown(LoginTest.java:25)
at com.automation.framework.testcases.LoginTest.tearDown(LoginTest.java:25)
at com.automation.framework.testcases.LoginTest.tearDown(LoginTest.java:25)
at com.automation.framework.testcases.LoginTest.tearDown(LoginTest.java:25)
at com.automation.framework.testcases.LoginTest.tearDown(LoginTest.java:25)
at com.automation.framework.testcases.LoginTest.tearDown(LoginTest.java:25)
at com.automation.framework.testcases.LoginTest.tearDown(LoginTest.java:25)
at com.automation.framework.testcases.LoginTest.tearDown(LoginTest.java:25)
at com.automation.framework.testcases.LoginTest.tearDown(LoginTest.java:25)
at com.automation.framework.testcases.LoginTest.tearDown(LoginTest.java:25)
at com.automation.framework.testcases.LoginTest.tearDown(LoginTest.java:25)
at com.automation.framework.testcases.LoginTest.tearDown(LoginTest.java:25)
at com.automation.framework.testcases.LoginTest.tearDown(LoginTest.java:25)
at com.automation.framework.testcases.LoginTest.tearDown(LoginTest.java:25)
at com.automation.framework.testcases.LoginTest.tearDown(LoginTest.java:25)
at com.automation.framework.testcases.LoginTest.tearDown(LoginTest.java:25)
at com.automation.framework.testcases.LoginTest.tearDown(LoginTest.java:25)
at com.automation.framework.testcases.LoginTest.tearDown(LoginTest.java:25)
at com.automation.framework.testcases.LoginTest.tearDown(LoginTest.java:25)
at com.automation.framework.testcases.LoginTest.tearDown(LoginTest.java:25)
at com.automation.framework.testcases.LoginTest.tearDown(LoginTest.java:25)
at com.automation.framework.testcases.LoginTest.tearDown(LoginTest.java:25)
at com.automation.framework.testcases.LoginTest.tearDown(LoginTest.java:25)
at com.automation.framework.testcases.LoginTest.tearDown(LoginTest.java:25)
at com.automation.framework.testcases.LoginTest.tearDown(LoginTest.java:25)
at com.automation.framework.testcases.LoginTest.tearDown(LoginTest.java:25)
at com.automation.framework.testcases.LoginTest.tearDown(LoginTest.java:25)
at com.automation.framework.testcases.LoginTest.tearDown(LoginTest.java:25)
at com.automation.framework.testcases.LoginTest.tearDown(LoginTest.java:25)
at com.automation.framework.testcases.LoginTest.tearDown(LoginTest.java:25)
at com.automation.framework.testcases.LoginTest.tearDown(LoginTest.java:25)
at com.automation.framework.testcases.LoginTest.tearDown(LoginTest.java:25)
at com.automation.framework.testcases.LoginTest.tearDown(LoginTest.java:25)
at com.automation.framework.testcases.LoginTest.tearDown(LoginTest.java:25)
at com.automation.framework.testcases.LoginTest.tearDown(LoginTest.java:25)
at com.automation.framework.testcases.LoginTest.tearDown(LoginTest.java:25)
at com.automation.framework.testcases.LoginTest.tearDown(LoginTest.java:25)
at com.automation.framework.testcases.LoginTest.tearDown(LoginTest.java:25)
at com.automation.framework.testcases.LoginTest.tearDown(LoginTest.java:25)
at com.automation.framework.testcases.LoginTest.tearDown(LoginTest.java:25)
at com.automation.framework.testcases.LoginTest.tearDown(LoginTest.java:25)
at com.automation.framework.testcases.LoginTest.tearDown(LoginTest.java:25)
at com.automation.framework.testcases.LoginTest.tearDown(LoginTest.java:25)
at com.automation.framework.testcases.LoginTest.tearDown(LoginTest.java:25)
at com.automation.framework.testcases.LoginTest.tearDown(LoginTest.java:25)
at com.automation.framework.testcases.LoginTest.tearDown(LoginTest.java:25)
at com.automation.framework.testcases.LoginTest.tearDown(LoginTest.java:25)
at com.automation.framework.testcases.LoginTest.tearDown(LoginTest.java:25)
at com.automation.framework.testcases.LoginTest.tearDown(LoginTest.java:25)
at com.automation.framework.testcases.LoginTest.tearDown(LoginTest.java:25)
at com.automation.framework.testcases.LoginTest.tearDown(LoginTest.java:25)
at com.automation.framework.testcases.LoginTest.tearDown(LoginTest.java:25)
at com.automation.framework.testcases.LoginTest.tearDown(LoginTest.java:25)
at com.automation.framework.testcases.LoginTest.tearDown(LoginTest.java:25)
at com.automation.framework.testcases.LoginTest.tearDown(LoginTest.java:25)
at com.automation.framework.testcases.LoginTest.tearDown(LoginTest.java:25)
at com.automation.framework.testcases.LoginTest.tearDown(LoginTest.java:25)
at com.automation.framework.testcases.LoginTest.tearDown(LoginTest.java:25)
at com.automation.framework.testcases.LoginTest.tearDown(LoginTest.java:25)
at com.automation.framework.testcases.LoginTest.tearDown(LoginTest.java:25)
at com.automation.framework.testcases.LoginTest.tearDown(LoginTest.java:25)
at com.automation.framework.testcases.LoginTest.tearDown(LoginTest.java:25)
at com.automation.framework.testcases.LoginTest.tearDown(LoginTest.java:25)
at com.automation.framework.testcases.LoginTest.tearDown(LoginTest.java:25)
at com.automation.framework.testcases.LoginTest.tearDown(LoginTest.java:25)
at com.automation.framework.testcases.LoginTest.tearDown(LoginTest.java:25)
at com.automation.framework.testcases.LoginTest.tearDown(LoginTest.java:25)
at com.automation.framework.testcases.LoginTest.tearDown(LoginTest.java:25)
at com.automation.framework.testcases.LoginTest.tearDown(LoginTest.java:25)
at com.automation.framework.testcases.LoginTest.tearDown(LoginTest.java:25)
at com.automation.framework.testcases.LoginTest.tearDown(LoginTest.java:25)
at com.automation.framework.testcases.LoginTest.tearDown(LoginTest.java:25)
at com.automation.framework.testcases.LoginTest.tearDown(LoginTest.java:25)
at com.automation.framework.testcases.LoginTest.tearDown(LoginTest.java:25)
at com.automation.framework.testcases.LoginTest.tearDown(LoginTest.java:25)
at com.automation.framework.testcases.LoginTest.tearDown(LoginTest.java:25)
at com.automation.framework.testcases.LoginTest.tearDown(LoginTest.java:25)
at com.automation.framework.testcases.LoginTest.tearDown(LoginTest.java:25)
at com.automation.framework.testcases.LoginTest.tearDown(LoginTest.java:25)
at com.automation.framework.testcases.LoginTest.tearDown(LoginTest.java:25)
at com.automation.framework.testcases.LoginTest.tearDown(LoginTest.java:25)
at com.automation.framework.testcases.LoginTest.tearDown(LoginTest.java:25)
at com.automation.framework.testcases.LoginTest.tearDown(LoginTest.java:25)
at com.automation.framework.testcases.LoginTest.tearDown(LoginTest.java:25)
at com.automation.framework.testcases.LoginTest.tearDown(LoginTest.java:25)
at com.automation.framework.testcases.LoginTest.tearDown(LoginTest.java:25)
at com.automation.framework.testcases.LoginTest.tearDown(LoginTest.java:25)
at com.automation.framework.testcases.LoginTest.tearDown(LoginTest.java:25)
at com.automation.framework.testcases.LoginTest.tearDown(LoginTest.java:25)
at com.automation.framework.testcases.LoginTest.tearDown(LoginTest.java:25)
at com.automation.framework.testcases.LoginTest.tearDown(LoginTest.java:25)
at com.automation.framework.testcases.LoginTest.tearDown(LoginTest.java:25)
at com.automation.framework.testcases.LoginTest.tearDown(LoginTest.java:25)
at com.automation.framework.testcases.LoginTest.tearDown(LoginTest.java:25)
at com.automation.framework.testcases.LoginTest.tearDown(LoginTest.java:25)
at com.automation.framework.testcases.LoginTest.tearDown(LoginTest.java:25)
at com.automation.framework.testcases.LoginTest.tearDown(LoginTest.java:25)
at com.automation.framework.testcases.LoginTest.tearDown(LoginTest.java:25)
at com.automation.framework.testcases.LoginTest.tearDown(LoginTest.java:25)
at com.automation.framework.testcases.LoginTest.tearDown(LoginTest.java:25)
at com.automation.framework.testcases.LoginTest.tearDown(LoginTest.java:25)
at com.automation.framework.testcases.LoginTest.tearDown(LoginTest.java:25)
at com.automation.framework.testcases.LoginTest.tearDown(LoginTest.java:25)
at com.automation.framework.testcases.LoginTest.tearDown(LoginTest.java:25)
at com.automation.framework.testcases.LoginTest.tearDown(LoginTest.java:25)
at com.automation.framework.testcases.LoginTest.tearDown(LoginTest.java:25)
at com.automation.framework.testcases.LoginTest.tearDown(LoginTest.java:25)
at com.automation.framework.testcases.LoginTest.tearDown(LoginTest.java:25)
at com.automation.framework.testcases.LoginTest.tearDown(LoginTest.java:25)
at com.automation.framework.testcases.LoginTest.tearDown(LoginTest.java:25)
at com.automation.framework.testcases.LoginTest.tearDown(LoginTest.java:25)
at com.automation.framework.testcases.LoginTest.tearDown(LoginTest.java:25)
at com.automation.framework.testcases.LoginTest.tearDown(LoginTest.java:25)
at com.automation.framework.testcases.LoginTest.tearDown(LoginTest.java:25)
at com.automation.framework.testcases.LoginTest.tearDown(LoginTest.java:25)
at com.automation.framework.testcases.LoginTest.tearDown(LoginTest.java:25)
at com.automation.framework.testcases.LoginTest.tearDown(LoginTest.java:25)
at com.automation.framework.testcases.LoginTest.tearDown(LoginTest.java:25)
at com.automation.framework.testcases.LoginTest.tearDown(LoginTest.java:25)
at com.automation.framework.testcases.LoginTest.tearDown(LoginTest.java:25)
at com.automation.framework.testcases.LoginTest.tearDown(LoginTest.java:25)
at com.automation.framework.testcases.LoginTest.tearDown(LoginTest.java:25)
at com.automation.framework.testcases.LoginTest.tearDown(LoginTest.java:25)
at com.automation.framework.testcases.LoginTest.tearDown(LoginTest.java:25)
at com.automation.framework.testcases.LoginTest.tearDown(LoginTest.java:25)
at com.automation.framework.testcases.LoginTest.tearDown(LoginTest.java:25)
at com.automation.framework.testcases.LoginTest.tearDown(LoginTest.java:25)
at com.automation.framework.testcases.LoginTest.tearDown(LoginTest.java:25)
at com.automation.framework.testcases.LoginTest.tearDown(LoginTest.java:25)
at com.automation.framework.testcases.LoginTest.tearDown(LoginTest.java:25)
at com.automation.framework.testcases.LoginTest.tearDown(LoginTest.java:25)
at com.automation.framework.testcases.LoginTest.tearDown(LoginTest.java:25)
at com.automation.framework.testcases.LoginTest.tearDown(LoginTest.java:25)
at com.automation.framework.testcases.LoginTest.tearDown(LoginTest.java:25)
at com.automation.framework.testcases.LoginTest.tearDown(LoginTest.java:25)
at com.automation.framework.testcases.LoginTest.tearDown(LoginTest.java:25)
at com.automation.framework.testcases.LoginTest.tearDown(LoginTest.java:25)
at com.automation.framework.testcases.LoginTest.tearDown(LoginTest.java:25)
at com.automation.framework.testcases.LoginTest.tearDown(LoginTest.java:25)
at com.automation.framework.testcases.LoginTest.tearDown(LoginTest.java:25)
at com.automation.framework.testcases.LoginTest.tearDown(LoginTest.java:25)
at com.automation.framework.testcases.LoginTest.tearDown(LoginTest.java:25)
at com.automation.framework.testcases.LoginTest.tearDown(LoginTest.java:25)
at com.automation.framework.testcases.LoginTest.tearDown(LoginTest.java:25)
at com.automation.framework.testcases.LoginTest.tearDown(LoginTest.java:25)
at com.automation.framework.testcases.LoginTest.tearDown(LoginTest.java:25)
at com.automation.framework.testcases.LoginTest.tearDown(LoginTest.java:25)
at com.automation.framework.testcases.LoginTest.tearDown(LoginTest.java:25)
at com.automation.framework.testcases.LoginTest.tearDown(LoginTest.java:25)
at com.automation.framework.testcases.LoginTest.tearDown(LoginTest.java:25)
at com.automation.framework.testcases.LoginTest.tearDown(LoginTest.java:25)
at com.automation.framework.testcases.LoginTest.tearDown(LoginTest.java:25)
at com.automation.framework.testcases.LoginTest.tearDown(LoginTest.java:25)
at com.automation.framework.testcases.LoginTest.tearDown(LoginTest.java:25)
at com.automation.framework.testcases.LoginTest.tearDown(LoginTest.java:25)
at com.automation.framework.testcases.LoginTest.tearDown(LoginTest.java:25)
at com.automation.framework.testcases.LoginTest.tearDown(LoginTest.java:25)
at com.automation.framework.testcases.LoginTest.tearDown(LoginTest.java:25)
at com.automation.framework.testcases.LoginTest.tearDown(LoginTest.java:25)
at com.automation.framework.testcases.LoginTest.tearDown(LoginTest.java:25)
at com.automation.framework.testcases.LoginTest.tearDown(LoginTest.java:25)
at com.automation.framework.testcases.LoginTest.tearDown(LoginTest.java:25)
at com.automation.framework.testcases.LoginTest.tearDown(LoginTest.java:25)
at com.automation.framework.testcases.LoginTest.tearDown(LoginTest.java:25)
at com.automation.framework.testcases.LoginTest.tearDown(LoginTest.java:25)
at com.automation.framework.testcases.LoginTest.tearDown(LoginTest.java:25)
at com.automation.framework.testcases.LoginTest.tearDown(LoginTest.java:25)
at com.automation.framework.testcases.LoginTest.tearDown(LoginTest.java:25)
at com.automation.framework.testcases.LoginTest.tearDown(LoginTest.java:25)
at com.automation.framework.testcases.LoginTest.tearDown(LoginTest.java:25)
at com.automation.framework.testcases.LoginTest.tearDown(LoginTest.java:25)
at com.automation.framework.testcases.LoginTest.tearDown(LoginTest.java:25)
at com.automation.framework.testcases.LoginTest.tearDown(LoginTest.java:25)
at com.automation.framework.testcases.LoginTest.tearDown(LoginTest.java:25)
at com.automation.framework.testcases.LoginTest.tearDown(LoginTest.java:25)
at com.automation.framework.testcases.LoginTest.tearDown(LoginTest.java:25)
at com.automation.framework.testcases.LoginTest.tearDown(LoginTest.java:25)
at com.automation.framework.testcases.LoginTest.tearDown(LoginTest.java:25)
at com.automation.framework.testcases.LoginTest.tearDown(LoginTest.java:25)
at com.automation.framework.testcases.LoginTest.tearDown(LoginTest.java:25)
at com.automation.framework.testcases.LoginTest.tearDown(LoginTest.java:25)
at com.automation.framework.testcases.LoginTest.tearDown(LoginTest.java:25)
at com.automation.framework.testcases.LoginTest.tearDown(LoginTest.java:25)
at com.automation.framework.testcases.LoginTest.tearDown(LoginTest.java:25)
at com.automation.framework.testcases.LoginTest.tearDown(LoginTest.java:25)
at com.automation.framework.testcases.LoginTest.tearDown(LoginTest.java:25)
at com.automation.framework.testcases.LoginTest.tearDown(LoginTest.java:25)
at com.automation.framework.testcases.LoginTest.tearDown(LoginTest.java:25)
at com.automation.framework.testcases.LoginTest.tearDown(LoginTest.java:25)
at com.automation.framework.testcases.LoginTest.tearDown(LoginTest.java:25)
at com.automation.framework.testcases.LoginTest.tearDown(LoginTest.java:25)
at com.automation.framework.testcases.LoginTest.tearDown(LoginTest.java:25)
at com.automation.framework.testcases.LoginTest.tearDown(LoginTest.java:25)
at com.automation.framework.testcases.LoginTest.tearDown(LoginTest.java:25)
at com.automation.framework.testcases.LoginTest.tearDown(LoginTest.java:25)
at com.automation.framework.testcases.LoginTest.tearDown(LoginTest.java:25)
at com.automation.framework.testcases.LoginTest.tearDown(LoginTest.java:25)
at com.automation.framework.testcases.LoginTest.tearDown(LoginTest.java:25)
at com.automation.framework.testcases.LoginTest.tearDown(LoginTest.java:25)
at com.automation.framework.testcases.LoginTest.tearDown(LoginTest.java:25)
at com.automation.framework.testcases.LoginTest.tearDown(LoginTest.java:25)
at com.automation.framework.testcases.LoginTest.tearDown(LoginTest.java:25)
at com.automation.framework.testcases.LoginTest.tearDown(LoginTest.java:25)
at com.automation.framework.testcases.LoginTest.tearDown(LoginTest.java:25)
at com.automation.framework.testcases.LoginTest.tearDown(LoginTest.java:25)
at com.automation.framework.testcases.LoginTest.tearDown(LoginTest.java:25)
at com.automation.framework.testcases.LoginTest.tearDown(LoginTest.java:25)
at com.automation.framework.testcases.LoginTest.tearDown(LoginTest.java:25)
at com.automation.framework.testcases.LoginTest.tearDown(LoginTest.java:25)
at com.automation.framework.testcases.LoginTest.tearDown(LoginTest.java:25)
at com.automation.framework.testcases.LoginTest.tearDown(LoginTest.java:25)
at com.automation.framework.testcases.LoginTest.tearDown(LoginTest.java:25)
at com.automation.framework.testcases.LoginTest.tearDown(LoginTest.java:25)
at com.automation.framework.testcases.LoginTest.tearDown(LoginTest.java:25)
at com.automation.framework.testcases.LoginTest.tearDown(LoginTest.java:25)
at com.automation.framework.testcases.LoginTest.tearDown(LoginTest.java:25)
at com.automation.framework.testcases.LoginTest.tearDown(LoginTest.java:25)
at com.automation.framework.testcases.LoginTest.tearDown(LoginTest.java:25)
at com.automation.framework.testcases.LoginTest.tearDown(LoginTest.java:25)
at com.automation.framework.testcases.LoginTest.tearDown(LoginTest.java:25)
at com.automation.framework.testcases.LoginTest.tearDown(LoginTest.java:25)
at com.automation.framework.testcases.LoginTest.tearDown(LoginTest.java:25)
at com.automation.framework.testcases.LoginTest.tearDown(LoginTest.java:25)
at com.automation.framework.testcases.LoginTest.tearDown(LoginTest.java:25)
at com.automation.framework.testcases.LoginTest.tearDown(LoginTest.java:25)
at com.automation.framework.testcases.LoginTest.tearDown(LoginTest.java:25)
at com.automation.framework.testcases.LoginTest.tearDown(LoginTest.java:25)
at com.automation.framework.testcases.LoginTest.tearDown(LoginTest.java:25)
at com.automation.framework.testcases.LoginTest.tearDown(LoginTest.java:25)
at com.automation.framework.testcases.LoginTest.tearDown(LoginTest.java:25)
at com.automation.framework.testcases.LoginTest.tearDown(LoginTest.java:25)
at com.automation.framework.testcases.LoginTest.tearDown(LoginTest.java:25)
at com.automation.framework.testcases.LoginTest.tearDown(LoginTest.java:25)
at com.automation.framework.testcases.LoginTest.tearDown(LoginTest.java:25)
at com.automation.framework.testcases.LoginTest.tearDown(LoginTest.java:25)
at com.automation.framework.testcases.LoginTest.tearDown(LoginTest.java:25)
at com.automation.framework.testcases.LoginTest.tearDown(LoginTest.java:25)
at com.automation.framework.testcases.LoginTest.tearDown(LoginTest.java:25)
at com.automation.framework.testcases.LoginTest.tearDown(LoginTest.java:25)
at com.automation.framework.testcases.LoginTest.tearDown(LoginTest.java:25)
at com.automation.framework.testcases.LoginTest.tearDown(LoginTest.java:25)
at com.automation.framework.testcases.LoginTest.tearDown(LoginTest.java:25)
at com.automation.framework.testcases.LoginTest.tearDown(LoginTest.java:25)
at com.automation.framework.testcases.LoginTest.tearDown(LoginTest.java:25)
at com.automation.framework.testcases.LoginTest.tearDown(LoginTest.java:25)
at com.automation.framework.testcases.LoginTest.tearDown(LoginTest.java:25)
at com.automation.framework.testcases.LoginTest.tearDown(LoginTest.java:25)
at com.automation.framework.testcases.LoginTest.tearDown(LoginTest.java:25)
at com.automation.framework.testcases.LoginTest.tearDown(LoginTest.java:25)
at com.automation.framework.testcases.LoginTest.tearDown(LoginTest.java:25)
at com.automation.framework.testcases.LoginTest.tearDown(LoginTest.java:25)
at com.automation.framework.testcases.LoginTest.tearDown(LoginTest.java:25)
at com.automation.framework.testcases.LoginTest.tearDown(LoginTest.java:25)
at com.automation.framework.testcases.LoginTest.tearDown(LoginTest.java:25)
at com.automation.framework.testcases.LoginTest.tearDown(LoginTest.java:25)
at com.automation.framework.testcases.LoginTest.tearDown(LoginTest.java:25)
at com.automation.framework.testcases.LoginTest.tearDown(LoginTest.java:25)
at com.automation.framework.testcases.LoginTest.tearDown(LoginTest.java:25)
at com.automation.framework.testcases.LoginTest.tearDown(LoginTest.java:25)
at com.automation.framework.testcases.LoginTest.tearDown(LoginTest.java:25)
at com.automation.framework.testcases.LoginTest.tearDown(LoginTest.java:25)
at com.automation.framework.testcases.LoginTest.tearDown(LoginTest.java:25)
at com.automation.framework.testcases.LoginTest.tearDown(LoginTest.java:25)
at com.automation.framework.testcases.LoginTest.tearDown(LoginTest.java:25)
at com.automation.framework.testcases.LoginTest.tearDown(LoginTest.java:25)
at com.automation.framework.testcases.LoginTest.tearDown(LoginTest.java:25)
at com.automation.framework.testcases.LoginTest.tearDown(LoginTest.java:25)
at com.automation.framework.testcases.LoginTest.tearDown(LoginTest.java:25)
at com.automation.framework.testcases.LoginTest.tearDown(LoginTest.java:25)
at com.automation.framework.testcases.LoginTest.tearDown(LoginTest.java:25)
at com.automation.framework.testcases.LoginTest.tearDown(LoginTest.java:25)
at com.automation.framework.testcases.LoginTest.tearDown(LoginTest.java:25)
at com.automation.framework.testcases.LoginTest.tearDown(LoginTest.java:25)
at com.automation.framework.testcases.LoginTest.tearDown(LoginTest.java:25)
at com.automation.framework.testcases.LoginTest.tearDown(LoginTest.java:25)
at com.automation.framework.testcases.LoginTest.tearDown(LoginTest.java:25)
at com.automation.framework.testcases.LoginTest.tearDown(LoginTest.java:25)
at com.automation.framework.testcases.LoginTest.tearDown(LoginTest.java:25)
at com.automation.framework.testcases.LoginTest.tearDown(LoginTest.java:25)
at com.automation.framework.testcases.LoginTest.tearDown(LoginTest.java:25)
at com.automation.framework.testcases.LoginTest.tearDown(LoginTest.java:25)
at com.automation.framework.testcases.LoginTest.tearDown(LoginTest.java:25)
at com.automation.framework.testcases.LoginTest.tearDown(LoginTest.java:25)
at com.automation.framework.testcases.LoginTest.tearDown(LoginTest.java:25)
at com.automation.framework.testcases.LoginTest.tearDown(LoginTest.java:25)
at com.automation.framework.testcases.LoginTest.tearDown(LoginTest.java:25)
at com.automation.framework.testcases.LoginTest.tearDown(LoginTest.java:25)
at com.automation.framework.testcases.LoginTest.tearDown(LoginTest.java:25)
at com.automation.framework.testcases.LoginTest.tearDown(LoginTest.java:25)
at com.automation.framework.testcases.LoginTest.tearDown(LoginTest.java:25)
at com.automation.framework.testcases.LoginTest.tearDown(LoginTest.java:25)
at com.automation.framework.testcases.LoginTest.tearDown(LoginTest.java:25)
at com.automation.framework.testcases.LoginTest.tearDown(LoginTest.java:25)
at com.automation.framework.testcases.LoginTest.tearDown(LoginTest.java:25)
at com.automation.framework.testcases.LoginTest.tearDown(LoginTest.java:25)
at com.automation.framework.testcases.LoginTest.tearDown(LoginTest.java:25)
at com.automation.framework.testcases.LoginTest.tearDown(LoginTest.java:25)
at com.automation.framework.testcases.LoginTest.tearDown(LoginTest.java:25)
at com.automation.framework.testcases.LoginTest.tearDown(LoginTest.java:25)
at com.automation.framework.testcases.LoginTest.tearDown(LoginTest.java:25)
at com.automation.framework.testcases.LoginTest.tearDown(LoginTest.java:25)
at com.automation.framework.testcases.LoginTest.tearDown(LoginTest.java:25)
at com.automation.framework.testcases.LoginTest.tearDown(LoginTest.java:25)
at com.automation.framework.testcases.LoginTest.tearDown(LoginTest.java:25)
at com.automation.framework.testcases.LoginTest.tearDown(LoginTest.java:25)
at com.automation.framework.testcases.LoginTest.tearDown(LoginTest.java:25)
at com.automation.framework.testcases.LoginTest.tearDown(LoginTest.java:25)
at com.automation.framework.testcases.LoginTest.tearDown(LoginTest.java:25)
at com.automation.framework.testcases.LoginTest.tearDown(LoginTest.java:25)
at com.automation.framework.testcases.LoginTest.tearDown(LoginTest.java:25)
at com.automation.framework.testcases.LoginTest.tearDown(LoginTest.java:25)
at com.automation.framework.testcases.LoginTest.tearDown(LoginTest.java:25)
at com.automation.framework.testcases.LoginTest.tearDown(LoginTest.java:25)
at com.automation.framework.testcases.LoginTest.tearDown(LoginTest.java:25)
at com.automation.framework.testcases.LoginTest.tearDown(LoginTest.java:25)
at com.automation.framework.testcases.LoginTest.tearDown(LoginTest.java:25)
at com.automation.framework.testcases.LoginTest.tearDown(LoginTest.java:25)
at com.automation.framework.testcases.LoginTest.tearDown(LoginTest.java:25)
at com.automation.framework.testcases.LoginTest.tearDown(LoginTest.java:25)
at com.automation.framework.testcases.LoginTest.tearDown(LoginTest.java:25)
at com.automation.framework.testcases.LoginTest.tearDown(LoginTest.java:25)
at com.automation.framework.testcases.LoginTest.tearDown(LoginTest.java:25)
at com.automation.framework.testcases.LoginTest.tearDown(LoginTest.java:25)
at com.automation.framework.testcases.LoginTest.tearDown(LoginTest.java:25)
at com.automation.framework.testcases.LoginTest.tearDown(LoginTest.java:25)
at com.automation.framework.testcases.LoginTest.tearDown(LoginTest.java:25)
at com.automation.framework.testcases.LoginTest.tearDown(LoginTest.java:25)
at com.automation.framework.testcases.LoginTest.tearDown(LoginTest.java:25)
at com.automation.framework.testcases.LoginTest.tearDown(LoginTest.java:25)
at com.automation.framework.testcases.LoginTest.tearDown(LoginTest.java:25)
at com.automation.framework.testcases.LoginTest.tearDown(LoginTest.java:25)
at com.automation.framework.testcases.LoginTest.tearDown(LoginTest.java:25)
at com.automation.framework.testcases.LoginTest.tearDown(LoginTest.java:25)
at com.automation.framework.testcases.LoginTest.tearDown(LoginTest.java:25)
at com.automation.framework.testcases.LoginTest.tearDown(LoginTest.java:25)
at com.automation.framework.testcases.LoginTest.tearDown(LoginTest.java:25)
at com.automation.framework.testcases.LoginTest.tearDown(LoginTest.java:25)
at com.automation.framework.testcases.LoginTest.tearDown(LoginTest.java:25)
at com.automation.framework.testcases.LoginTest.tearDown(LoginTest.java:25)
at com.automation.framework.testcases.LoginTest.tearDown(LoginTest.java:25)
at com.automation.framework.testcases.LoginTest.tearDown(LoginTest.java:25)
at com.automation.framework.testcases.LoginTest.tearDown(LoginTest.java:25)
at com.automation.framework.testcases.LoginTest.tearDown(LoginTest.java:25)
at com.automation.framework.testcases.LoginTest.tearDown(LoginTest.java:25)
at com.automation.framework.testcases.LoginTest.tearDown(LoginTest.java:25)
at com.automation.framework.testcases.LoginTest.tearDown(LoginTest.java:25)
at com.automation.framework.testcases.LoginTest.tearDown(LoginTest.java:25)
at com.automation.framework.testcases.LoginTest.tearDown(LoginTest.java:25)
at com.automation.framework.testcases.LoginTest.tearDown(LoginTest.java:25)
at com.automation.framework.testcases.LoginTest.tearDown(LoginTest.java:25)
at com.automation.framework.testcases.LoginTest.tearDown(LoginTest.java:25)
at com.automation.framework.testcases.LoginTest.tearDown(LoginTest.java:25)
at com.automation.framework.testcases.LoginTest.tearDown(LoginTest.java:25)
at com.automation.framework.testcases.LoginTest.tearDown(LoginTest.java:25)
at com.automation.framework.testcases.LoginTest.tearDown(LoginTest.java:25)
at com.automation.framework.testcases.LoginTest.tearDown(LoginTest.java:25)
at com.automation.framework.testcases.LoginTest.tearDown(LoginTest.java:25)
at com.automation.framework.testcases.LoginTest.tearDown(LoginTest.java:25)
at com.automation.framework.testcases.LoginTest.tearDown(LoginTest.java:25)
at com.automation.framework.testcases.LoginTest.tearDown(LoginTest.java:25)
at com.automation.framework.testcases.LoginTest.tearDown(LoginTest.java:25)
at com.automation.framework.testcases.LoginTest.tearDown(LoginTest.java:25)
at com.automation.framework.testcases.LoginTest.tearDown(LoginTest.java:25)
at com.automation.framework.testcases.LoginTest.tearDown(LoginTest.java:25)
at com.automation.framework.testcases.LoginTest.tearDown(LoginTest.java:25)
at com.automation.framework.testcases.LoginTest.tearDown(LoginTest.java:25)
at com.automation.framework.testcases.LoginTest.tearDown(LoginTest.java:25)
at com.automation.framework.testcases.LoginTest.tearDown(LoginTest.java:25)
at com.automation.framework.testcases.LoginTest.tearDown(LoginTest.java:25)
at com.automation.framework.testcases.LoginTest.tearDown(LoginTest.java:25)
at com.automation.framework.testcases.LoginTest.tearDown(LoginTest.java:25)
at com.automation.framework.testcases.LoginTest.tearDown(LoginTest.java:25)
at com.automation.framework.testcases.LoginTest.tearDown(LoginTest.java:25)
at com.automation.framework.testcases.LoginTest.tearDown(LoginTest.java:25)
at com.automation.framework.testcases.LoginTest.tearDown(LoginTest.java:25)
at com.automation.framework.testcases.LoginTest.tearDown(LoginTest.java:25)
at com.automation.framework.testcases.LoginTest.tearDown(LoginTest.java:25)
at com.automation.framework.testcases.LoginTest.tearDown(LoginTest.java:25)
at com.automation.framework.testcases.LoginTest.tearDown(LoginTest.java:25)
at com.automation.framework.testcases.LoginTest.tearDown(LoginTest.java:25)
at com.automation.framework.testcases.LoginTest.tearDown(LoginTest.java:25)
at com.automation.framework.testcases.LoginTest.tearDown(LoginTest.java:25)
at com.automation.framework.testcases.LoginTest.tearDown(LoginTest.java:25)
at com.automation.framework.testcases.LoginTest.tearDown(LoginTest.java:25)
at com.automation.framework.testcases.LoginTest.tearDown(LoginTest.java:25)
at com.automation.framework.testcases.LoginTest.tearDown(LoginTest.java:25)
at com.automation.framework.testcases.LoginTest.tearDown(LoginTest.java:25)
at com.automation.framework.testcases.LoginTest.tearDown(LoginTest.java:25)
at com.automation.framework.testcases.LoginTest.tearDown(LoginTest.java:25)
at com.automation.framework.testcases.LoginTest.tearDown(LoginTest.java:25)
at com.automation.framework.testcases.LoginTest.tearDown(LoginTest.java:25)
at com.automation.framework.testcases.LoginTest.tearDown(LoginTest.java:25)
at com.automation.framework.testcases.LoginTest.tearDown(LoginTest.java:25)
at com.automation.framework.testcases.LoginTest.tearDown(LoginTest.java:25)
at com.automation.framework.testcases.LoginTest.tearDown(LoginTest.java:25)
at com.automation.framework.testcases.LoginTest.tearDown(LoginTest.java:25)
at com.automation.framework.testcases.LoginTest.tearDown(LoginTest.java:25)
at com.automation.framework.testcases.LoginTest.tearDown(LoginTest.java:25)
at com.automation.framework.testcases.LoginTest.tearDown(LoginTest.java:25)
at com.automation.framework.testcases.LoginTest.tearDown(LoginTest.java:25)
at com.automation.framework.testcases.LoginTest.tearDown(LoginTest.java:25)
at com.automation.framework.testcases.LoginTest.tearDown(LoginTest.java:25)
at com.automation.framework.testcases.LoginTest.tearDown(LoginTest.java:25)
at com.automation.framework.testcases.LoginTest.tearDown(LoginTest.java:25)
at com.automation.framework.testcases.LoginTest.tearDown(LoginTest.java:25)
at com.automation.framework.testcases.LoginTest.tearDown(LoginTest.java:25)
at com.automation.framework.testcases.LoginTest.tearDown(LoginTest.java:25)
at com.automation.framework.testcases.LoginTest.tearDown(LoginTest.java:25)
at com.automation.framework.testcases.LoginTest.tearDown(LoginTest.java:25)
at com.automation.framework.testcases.LoginTest.tearDown(LoginTest.java:25)
at com.automation.framework.testcases.LoginTest.tearDown(LoginTest.java:25)
at com.automation.framework.testcases.LoginTest.tearDown(LoginTest.java:25)
at com.automation.framework.testcases.LoginTest.tearDown(LoginTest.java:25)
at com.automation.framework.testcases.LoginTest.tearDown(LoginTest.java:25)
at com.automation.framework.testcases.LoginTest.tearDown(LoginTest.java:25)
at com.automation.framework.testcases.LoginTest.tearDown(LoginTest.java:25)
at com.automation.framework.testcases.LoginTest.tearDown(LoginTest.java:25)
at com.automation.framework.testcases.LoginTest.tearDown(LoginTest.java:25)
at com.automation.framework.testcases.LoginTest.tearDown(LoginTest.java:25)
at com.automation.framework.testcases.LoginTest.tearDown(LoginTest.java:25)
at com.automation.framework.testcases.LoginTest.tearDown(LoginTest.java:25)
at com.automation.framework.testcases.LoginTest.tearDown(LoginTest.java:25)
at com.automation.framework.testcases.LoginTest.tearDown(LoginTest.java:25)
at com.automation.framework.testcases.LoginTest.tearDown(LoginTest.java:25)
at com.automation.framework.testcases.LoginTest.tearDown(LoginTest.java:25)
at com.automation.framework.testcases.LoginTest.tearDown(LoginTest.java:25)
at com.automation.framework.testcases.LoginTest.tearDown(LoginTest.java:25)
at com.automation.framework.testcases.LoginTest.tearDown(LoginTest.java:25)
at com.automation.framework.testcases.LoginTest.tearDown(LoginTest.java:25)
at com.automation.framework.testcases.LoginTest.tearDown(LoginTest.java:25)
at com.automation.framework.testcases.LoginTest.tearDown(LoginTest.java:25)
at com.automation.framework.testcases.LoginTest.tearDown(LoginTest.java:25)
at com.automation.framework.testcases.LoginTest.tearDown(LoginTest.java:25)
at com.automation.framework.testcases.LoginTest.tearDown(LoginTest.java:25)
at com.automation.framework.testcases.LoginTest.tearDown(LoginTest.java:25)
at com.automation.framework.testcases.LoginTest.tearDown(LoginTest.java:25)
at com.automation.framework.testcases.LoginTest.tearDown(LoginTest.java:25)
at com.automation.framework.testcases.LoginTest.tearDown(LoginTest.java:25)
at com.automation.framework.testcases.LoginTest.tearDown(LoginTest.java:25)
at com.automation.framework.testcases.LoginTest.tearDown(LoginTest.java:25)
at com.automation.framework.testcases.LoginTest.tearDown(LoginTest.java:25)
at com.automation.framework.testcases.LoginTest.tearDown(LoginTest.java:25)
at com.automation.framework.testcases.LoginTest.tearDown(LoginTest.java:25)
at com.automation.framework.testcases.LoginTest.tearDown(LoginTest.java:25)
at com.automation.framework.testcases.LoginTest.tearDown(LoginTest.java:25)
at com.automation.framework.testcases.LoginTest.tearDown(LoginTest.java:25)
at com.automation.framework.testcases.LoginTest.tearDown(LoginTest.java:25)
at com.automation.framework.testcases.LoginTest.tearDown(LoginTest.java:25)
at com.automation.framework.testcases.LoginTest.tearDown(LoginTest.java:25)
at com.automation.framework.testcases.LoginTest.tearDown(LoginTest.java:25)
at com.automation.framework.testcases.LoginTest.tearDown(LoginTest.java:25)
at com.automation.framework.testcases.LoginTest.tearDown(LoginTest.java:25)
at com.automation.framework.testcases.LoginTest.tearDown(LoginTest.java:25)
at com.automation.framework.testcases.LoginTest.tearDown(LoginTest.java:25)
at com.automation.framework.testcases.LoginTest.tearDown(LoginTest.java:25)
at com.automation.framework.testcases.LoginTest.tearDown(LoginTest.java:25)
at com.automation.framework.testcases.LoginTest.tearDown(LoginTest.java:25)
at com.automation.framework.testcases.LoginTest.tearDown(LoginTest.java:25)
at com.automation.framework.testcases.LoginTest.tearDown(LoginTest.java:25)
at com.automation.framework.testcases.LoginTest.tearDown(LoginTest.java:25)
at com.automation.framework.testcases.LoginTest.tearDown(LoginTest.java:25)
at com.automation.framework.testcases.LoginTest.tearDown(LoginTest.java:25)
at com.automation.framework.testcases.LoginTest.tearDown(LoginTest.java:25)
at com.automation.framework.testcases.LoginTest.tearDown(LoginTest.java:25)
at com.automation.framework.testcases.LoginTest.tearDown(LoginTest.java:25)
at com.automation.framework.testcases.LoginTest.tearDown(LoginTest.java:25)
at com.automation.framework.testcases.LoginTest.tearDown(LoginTest.java:25)
at com.automation.framework.testcases.LoginTest.tearDown(LoginTest.java:25)
at com.automation.framework.testcases.LoginTest.tearDown(LoginTest.java:25)
at com.automation.framework.testcases.LoginTest.tearDown(LoginTest.java:25)
at com.automation.framework.testcases.LoginTest.tearDown(LoginTest.java:25)
at com.automation.framework.testcases.LoginTest.tearDown(LoginTest.java:25)
at com.automation.framework.testcases.LoginTest.tearDown(LoginTest.java:25)
at com.automation.framework.testcases.LoginTest.tearDown(LoginTest.java:25)
at com.automation.framework.testcases.LoginTest.tearDown(LoginTest.java:25)
at com.automation.framework.testcases.LoginTest.tearDown(LoginTest.java:25)
at com.automation.framework.testcases.LoginTest.tearDown(LoginTest.java:25)
at com.automation.framework.testcases.LoginTest.tearDown(LoginTest.java:25)
at com.automation.framework.testcases.LoginTest.tearDown(LoginTest.java:25)
at com.automation.framework.testcases.LoginTest.tearDown(LoginTest.java:25)
at com.automation.framework.testcases.LoginTest.tearDown(LoginTest.java:25)
at com.automation.framework.testcases.LoginTest.tearDown(LoginTest.java:25)
at com.automation.framework.testcases.LoginTest.tearDown(LoginTest.java:25)
at com.automation.framework.testcases.LoginTest.tearDown(LoginTest.java:25)
at com.automation.framework.testcases.LoginTest.tearDown(LoginTest.java:25)
at com.automation.framework.testcases.LoginTest.tearDown(LoginTest.java:25)
at com.automation.framework.testcases.LoginTest.tearDown(LoginTest.java:25)
at com.automation.framework.testcases.LoginTest.tearDown(LoginTest.java:25)
at com.automation.framework.testcases.LoginTest.tearDown(LoginTest.java:25)
at com.automation.framework.testcases.LoginTest.tearDown(LoginTest.java:25)
at com.automation.framework.testcases.LoginTest.tearDown(LoginTest.java:25)
at com.automation.framework.testcases.LoginTest.tearDown(LoginTest.java:25)
at com.automation.framework.testcases.LoginTest.tearDown(LoginTest.java:25)
at com.automation.framework.testcases.LoginTest.tearDown(LoginTest.java:25)
at com.automation.framework.testcases.LoginTest.tearDown(LoginTest.java:25)
at com.automation.framework.testcases.LoginTest.tearDown(LoginTest.java:25)
at com.automation.framework.testcases.LoginTest.tearDown(LoginTest.java:25)
at com.automation.framework.testcases.LoginTest.tearDown(LoginTest.java:25)
at com.automation.framework.testcases.LoginTest.tearDown(LoginTest.java:25)
at com.automation.framework.testcases.LoginTest.tearDown(LoginTest.java:25)
at com.automation.framework.testcases.LoginTest.tearDown(LoginTest.java:25)
at com.automation.framework.testcases.LoginTest.tearDown(LoginTest.java:25)
at com.automation.framework.testcases.LoginTest.tearDown(LoginTest.java:25)
at com.automation.framework.testcases.LoginTest.tearDown(LoginTest.java:25)
at com.automation.framework.testcases.LoginTest.tearDown(LoginTest.java:25)
at com.automation.framework.testcases.LoginTest.tearDown(LoginTest.java:25)
at com.automation.framework.testcases.LoginTest.tearDown(LoginTest.java:25)
at com.automation.framework.testcases.LoginTest.tearDown(LoginTest.java:25)
at com.automation.framework.testcases.LoginTest.tearDown(LoginTest.java:25)
at com.automation.framework.testcases.LoginTest.tearDown(LoginTest.java:25)
at com.automation.framework.testcases.LoginTest.tearDown(LoginTest.java:25)
at com.automation.framework.testcases.LoginTest.tearDown(LoginTest.java:25)
at com.automation.framework.testcases.LoginTest.tearDown(LoginTest.java:25)
at com.automation.framework.testcases.LoginTest.tearDown(LoginTest.java:25)
at com.automation.framework.testcases.LoginTest.tearDown(LoginTest.java:25)
at com.automation.framework.testcases.LoginTest.tearDown(LoginTest.java:25)
at com.automation.framework.testcases.LoginTest.tearDown(LoginTest.java:25)
at com.automation.framework.testcases.LoginTest.tearDown(LoginTest.java:25)
at com.automation.framework.testcases.LoginTest.tearDown(LoginTest.java:25)
at com.automation.framework.testcases.LoginTest.tearDown(LoginTest.java:25)
at com.automation.framework.testcases.LoginTest.tearDown(LoginTest.java:25)
at com.automation.framework.testcases.LoginTest.tearDown(LoginTest.java:25)
at com.automation.framework.testcases.LoginTest.tearDown(LoginTest.java:25)
at com.automation.framework.testcases.LoginTest.tearDown(LoginTest.java:25)
at com.automation.framework.testcases.LoginTest.tearDown(LoginTest.java:25)
at com.automation.framework.testcases.LoginTest.tearDown(LoginTest.java:25)
at com.automation.framework.testcases.LoginTest.tearDown(LoginTest.java:25)
at com.automation.framework.testcases.LoginTest.tearDown(LoginTest.java:25)
at com.automation.framework.testcases.LoginTest.tearDown(LoginTest.java:25)
at com.automation.framework.testcases.LoginTest.tearDown(LoginTest.java:25)
at com.automation.framework.testcases.LoginTest.tearDown(LoginTest.java:25)
at com.automation.framework.testcases.LoginTest.tearDown(LoginTest.java:25)
at com.automation.framework.testcases.LoginTest.tearDown(LoginTest.java:25)
at com.automation.framework.testcases.LoginTest.tearDown(LoginTest.java:25)
at com.automation.framework.testcases.LoginTest.tearDown(LoginTest.java:25)
at com.automation.framework.testcases.LoginTest.tearDown(LoginTest.java:25)
at com.automation.framework.testcases.LoginTest.tearDown(LoginTest.java:25)
at com.automation.framework.testcases.LoginTest.tearDown(LoginTest.java:25)
at com.automation.framework.testcases.LoginTest.tearDown(LoginTest.java:25)
at com.automation.framework.testcases.LoginTest.tearDown(LoginTest.java:25)
at com.automation.framework.testcases.LoginTest.tearDown(LoginTest.java:25)
at com.automation.framework.testcases.LoginTest.tearDown(LoginTest.java:25)
at com.automation.framework.testcases.LoginTest.tearDown(LoginTest.java:25)
at com.automation.framework.testcases.LoginTest.tearDown(LoginTest.java:25)
at com.automation.framework.testcases.LoginTest.tearDown(LoginTest.java:25)
at com.automation.framework.testcases.LoginTest.tearDown(LoginTest.java:25)
at com.automation.framework.testcases.LoginTest.tearDown(LoginTest.java:25)
at com.automation.framework.testcases.LoginTest.tearDown(LoginTest.java:25)
at com.automation.framework.testcases.LoginTest.tearDown(LoginTest.java:25)
at com.automation.framework.testcases.LoginTest.tearDown(LoginTest.java:25)
at com.automation.framework.testcases.LoginTest.tearDown(LoginTest.java:25)
at com.automation.framework.testcases.LoginTest.tearDown(LoginTest.java:25)
at com.automation.framework.testcases.LoginTest.tearDown(LoginTest.java:25)
at com.automation.framework.testcases.LoginTest.tearDown(LoginTest.java:25)
at com.automation.framework.testcases.LoginTest.tearDown(LoginTest.java:25)
at com.automation.framework.testcases.LoginTest.tearDown(LoginTest.java:25)
at com.automation.framework.testcases.LoginTest.tearDown(LoginTest.java:25)
at com.automation.framework.testcases.LoginTest.tearDown(LoginTest.java:25)
at com.automation.framework.testcases.LoginTest.tearDown(LoginTest.java:25)
at com.automation.framework.testcases.LoginTest.tearDown(LoginTest.java:25)
at com.automation.framework.testcases.LoginTest.tearDown(LoginTest.java:25)
at com.automation.framework.testcases.LoginTest.tearDown(LoginTest.java:25)
at com.automation.framework.testcases.LoginTest.tearDown(LoginTest.java:25)
at com.automation.framework.testcases.LoginTest.tearDown(LoginTest.java:25)
at com.automation.framework.testcases.LoginTest.tearDown(LoginTest.java:25)
at com.automation.framework.testcases.LoginTest.tearDown(LoginTest.java:25)
at com.automation.framework.testcases.LoginTest.tearDown(LoginTest.java:25)
at com.automation.framework.testcases.LoginTest.tearDown(LoginTest.java:25)
at com.automation.framework.testcases.LoginTest.tearDown(LoginTest.java:25)
at com.automation.framework.testcases.LoginTest.tearDown(LoginTest.java:25)
at com.automation.framework.testcases.LoginTest.tearDown(LoginTest.java:25)
at com.automation.framework.testcases.LoginTest.tearDown(LoginTest.java:25)
at com.automation.framework.testcases.LoginTest.tearDown(LoginTest.java:25)
at com.automation.framework.testcases.LoginTest.tearDown(LoginTest.java:25)
at com.automation.framework.testcases.LoginTest.tearDown(LoginTest.java:25)
at com.automation.framework.testcases.LoginTest.tearDown(LoginTest.java:25)
at com.automation.framework.testcases.LoginTest.tearDown(LoginTest.java:25)
at com.automation.framework.testcases.LoginTest.tearDown(LoginTest.java:25)
at com.automation.framework.testcases.LoginTest.tearDown(LoginTest.java:25)
at com.automation.framework.testcases.LoginTest.tearDown(LoginTest.java:25)
at com.automation.framework.testcases.LoginTest.tearDown(LoginTest.java:25)
at com.automation.framework.testcases.LoginTest.tearDown(LoginTest.java:25)
at com.automation.framework.testcases.LoginTest.tearDown(LoginTest.java:25)
at com.automation.framework.testcases.LoginTest.tearDown(LoginTest.java:25)
at com.automation.framework.testcases.LoginTest.tearDown(LoginTest.java:25)
at com.automation.framework.testcases.LoginTest.tearDown(LoginTest.java:25)
at com.automation.framework.testcases.LoginTest.tearDown(LoginTest.java:25)
at com.automation.framework.testcases.LoginTest.tearDown(LoginTest.java:25)
at com.automation.framework.testcases.LoginTest.tearDown(LoginTest.java:25)
at com.automation.framework.testcases.LoginTest.tearDown(LoginTest.java:25)
at com.automation.framework.testcases.LoginTest.tearDown(LoginTest.java:25)
at com.automation.framework.testcases.LoginTest.tearDown(LoginTest.java:25)
at com.automation.framework.testcases.LoginTest.tearDown(LoginTest.java:25)
at com.automation.framework.testcases.LoginTest.tearDown(LoginTest.java:25)
at com.automation.framework.testcases.LoginTest.tearDown(LoginTest.java:25)
at com.automation.framework.testcases.LoginTest.tearDown(LoginTest.java:25)
at com.automation.framework.testcases.LoginTest.tearDown(LoginTest.java:25)
at com.automation.framework.testcases.LoginTest.tearDown(LoginTest.java:25)
at com.automation.framework.testcases.LoginTest.tearDown(LoginTest.java:25)
at com.automation.framework.testcases.LoginTest.tearDown(LoginTest.java:25)
at com.automation.framework.testcases.LoginTest.tearDown(LoginTest.java:25)
at com.automation.framework.testcases.LoginTest.tearDown(LoginTest.java:25)
at com.automation.framework.testcases.LoginTest.tearDown(LoginTest.java:25)
at com.automation.framework.testcases.LoginTest.tearDown(LoginTest.java:25)
at com.automation.framework.testcases.LoginTest.tearDown(LoginTest.java:25)
at com.automation.framework.testcases.LoginTest.tearDown(LoginTest.java:25)
at com.automation.framework.testcases.LoginTest.tearDown(LoginTest.java:25)
at com.automation.framework.testcases.LoginTest.tearDown(LoginTest.java:25)
at com.automation.framework.testcases.LoginTest.tearDown(LoginTest.java:25)
at com.automation.framework.testcases.LoginTest.tearDown(LoginTest.java:25)
at com.automation.framework.testcases.LoginTest.tearDown(LoginTest.java:25)
at com.automation.framework.testcases.LoginTest.tearDown(LoginTest.java:25)
at com.automation.framework.testcases.LoginTest.tearDown(LoginTest.java:25)
at com.automation.framework.testcases.LoginTest.tearDown(LoginTest.java:25)
at com.automation.framework.testcases.LoginTest.tearDown(LoginTest.java:25)
at com.automation.framework.testcases.LoginTest.tearDown(LoginTest.java:25)
at com.automation.framework.testcases.LoginTest.tearDown(LoginTest.java:25)
at com.automation.framework.testcases.LoginTest.tearDown(LoginTest.java:25)
at com.automation.framework.testcases.LoginTest.tearDown(LoginTest.java:25)
at com.automation.framework.testcases.LoginTest.tearDown(LoginTest.java:25)
at com.automation.framework.testcases.LoginTest.tearDown(LoginTest.java:25)
at com.automation.framework.testcases.LoginTest.tearDown(LoginTest.java:25)
at com.automation.framework.testcases.LoginTest.tearDown(LoginTest.java:25)
at com.automation.framework.testcases.LoginTest.tearDown(LoginTest.java:25)
at com.automation.framework.testcases.LoginTest.tearDown(LoginTest.java:25)
at com.automation.framework.testcases.LoginTest.tearDown(LoginTest.java:25)
at com.automation.framework.testcases.LoginTest.tearDown(LoginTest.java:25)
at com.automation.framework.testcases.LoginTest.tearDown(LoginTest.java:25)
at com.automation.framework.testcases.LoginTest.tearDown(LoginTest.java:25)
at com.automation.framework.testcases.LoginTest.tearDown(LoginTest.java:25)
at com.automation.framework.testcases.LoginTest.tearDown(LoginTest.java:25)
at com.automation.framework.testcases.LoginTest.tearDown(LoginTest.java:25)
at com.automation.framework.testcases.LoginTest.tearDown(LoginTest.java:25)
at com.automation.framework.testcases.LoginTest.tearDown(LoginTest.java:25)
at com.automation.framework.testcases.LoginTest.tearDown(LoginTest.java:25)
at com.automation.framework.testcases.LoginTest.tearDown(LoginTest.java:25)
at com.automation.framework.testcases.LoginTest.tearDown(LoginTest.java:25)
at com.automation.framework.testcases.LoginTest.tearDown(LoginTest.java:25)
at com.automation.framework.testcases.LoginTest.tearDown(LoginTest.java:25)
at com.automation.framework.testcases.LoginTest.tearDown(LoginTest.java:25)
at com.automation.framework.testcases.LoginTest.tearDown(LoginTest.java:25)
at com.automation.framework.testcases.LoginTest.tearDown(LoginTest.java:25)
at com.automation.framework.testcases.LoginTest.tearDown(LoginTest.java:25)
at com.automation.framework.testcases.LoginTest.tearDown(LoginTest.java:25)
at com.automation.framework.testcases.LoginTest.tearDown(LoginTest.java:25)
at com.automation.framework.testcases.LoginTest.tearDown(LoginTest.java:25)
at com.automation.framework.testcases.LoginTest.tearDown(LoginTest.java:25)
at com.automation.framework.testcases.LoginTest.tearDown(LoginTest.java:25)
at com.automation.framework.testcases.LoginTest.tearDown(LoginTest.java:25)
at com.automation.framework.testcases.LoginTest.tearDown(LoginTest.java:25)
at com.automation.framework.testcases.LoginTest.tearDown(LoginTest.java:25)
at com.automation.framework.testcases.LoginTest.tearDown(LoginTest.java:25)
at com.automation.framework.testcases.LoginTest.tearDown(LoginTest.java:25)
at com.automation.framework.testcases.LoginTest.tearDown(LoginTest.java:25)
at com.automation.framework.testcases.LoginTest.tearDown(LoginTest.java:25)
at com.automation.framework.testcases.LoginTest.tearDown(LoginTest.java:25)
at com.automation.framework.testcases.LoginTest.tearDown(LoginTest.java:25)
at com.automation.framework.testcases.LoginTest.tearDown(LoginTest.java:25)
at com.automation.framework.testcases.LoginTest.tearDown(LoginTest.java:25)
at com.automation.framework.testcases.LoginTest.tearDown(LoginTest.java:25)
at com.automation.framework.testcases.LoginTest.tearDown(LoginTest.java:25)
at com.automation.framework.testcases.LoginTest.tearDown(LoginTest.java:25)
at com.automation.framework.testcases.LoginTest.tearDown(LoginTest.java:25)
at com.automation.framework.testcases.LoginTest.tearDown(LoginTest.java:25)
at com.automation.framework.testcases.LoginTest.tearDown(LoginTest.java:25)
at com.automation.framework.testcases.LoginTest.tearDown(LoginTest.java:25)
at com.automation.framework.testcases.LoginTest.tearDown(LoginTest.java:25)
at com.automation.framework.testcases.LoginTest.tearDown(LoginTest.java:25)
at com.automation.framework.testcases.LoginTest.tearDown(LoginTest.java:25)
at com.automation.framework.testcases.LoginTest.tearDown(LoginTest.java:25)
at com.automation.framework.testcases.LoginTest.tearDown(LoginTest.java:25)
at com.automation.framework.testcases.LoginTest.tearDown(LoginTest.java:25)
at com.automation.framework.testcases.LoginTest.tearDown(LoginTest.java:25)
at com.automation.framework.testcases.LoginTest.tearDown(LoginTest.java:25)
at com.automation.framework.testcases.LoginTest.tearDown(LoginTest.java:25)
at com.automation.framework.testcases.LoginTest.tearDown(LoginTest.java:25)
at com.automation.framework.testcases.LoginTest.tearDown(LoginTest.java:25)
at com.automation.framework.testcases.LoginTest.tearDown(LoginTest.java:25)
at com.automation.framework.testcases.LoginTest.tearDown(LoginTest.java:25)
at com.automation.framework.testcases.LoginTest.tearDown(LoginTest.java:25)
at com.automation.framework.testcases.LoginTest.tearDown(LoginTest.java:25)
at com.automation.framework.testcases.LoginTest.tearDown(LoginTest.java:25)
at com.automation.framework.testcases.LoginTest.tearDown(LoginTest.java:25)
at com.automation.framework.testcases.LoginTest.tearDown(LoginTest.java:25)
at com.automation.framework.testcases.LoginTest.tearDown(LoginTest.java:25)
at com.automation.framework.testcases.LoginTest.tearDown(LoginTest.java:25)
at com.automation.framework.testcases.LoginTest.tearDown(LoginTest.java:25)
at com.automation.framework.testcases.LoginTest.tearDown(LoginTest.java:25)
at com.automation.framework.testcases.LoginTest.tearDown(LoginTest.java:25)
at com.automation.framework.testcases.LoginTest.tearDown(LoginTest.java:25)
at com.automation.framework.testcases.LoginTest.tearDown(LoginTest.java:25)
at com.automation.framework.testcases.LoginTest.tearDown(LoginTest.java:25)
at com.automation.framework.testcases.LoginTest.tearDown(LoginTest.java:25)
at com.automation.framework.testcases.LoginTest.tearDown(LoginTest.java:25)
at com.automation.framework.testcases.LoginTest.tearDown(LoginTest.java:25)
at com.automation.framework.testcases.LoginTest.tearDown(LoginTest.java:25)
at com.automation.framework.testcases.LoginTest.tearDown(LoginTest.java:25)
at com.automation.framework.testcases.LoginTest.tearDown(LoginTest.java:25)
at com.automation.framework.testcases.LoginTest.tearDown(LoginTest.java:25)
at com.automation.framework.testcases.LoginTest.tearDown(LoginTest.java:25)
at com.automation.framework.testcases.LoginTest.tearDown(LoginTest.java:25)
at com.automation.framework.testcases.LoginTest.tearDown(LoginTest.java:25)
at com.automation.framework.testcases.LoginTest.tearDown(LoginTest.java:25)
at com.automation.framework.testcases.LoginTest.tearDown(LoginTest.java:25)
at com.automation.framework.testcases.LoginTest.tearDown(LoginTest.java:25)
at com.automation.framework.testcases.LoginTest.tearDown(LoginTest.java:25)
at com.automation.framework.testcases.LoginTest.tearDown(LoginTest.java:25)
at com.automation.framework.testcases.LoginTest.tearDown(LoginTest.java:25)
at com.automation.framework.testcases.LoginTest.tearDown(LoginTest.java:25)
at com.automation.framework.testcases.LoginTest.tearDown(LoginTest.java:25)
at com.automation.framework.testcases.LoginTest.tearDown(LoginTest.java:25)
at com.automation.framework.testcases.LoginTest.tearDown(LoginTest.java:25)
at com.automation.framework.testcases.LoginTest.tearDown(LoginTest.java:25)
at com.automation.framework.testcases.LoginTest.tearDown(LoginTest.java:25)
at com.automation.framework.testcases.LoginTest.tearDown(LoginTest.java:25)
at com.automation.framework.testcases.LoginTest.tearDown(LoginTest.java:25)
at com.automation.framework.testcases.LoginTest.tearDown(LoginTest.java:25)
at com.automation.framework.testcases.LoginTest.tearDown(LoginTest.java:25)
at com.automation.framework.testcases.LoginTest.tearDown(LoginTest.java:25)
at com.automation.framework.testcases.LoginTest.tearDown(LoginTest.java:25)
at com.automation.framework.testcases.LoginTest.tearDown(LoginTest.java:25)
at com.automation.framework.testcases.LoginTest.tearDown(LoginTest.java:25)
at com.automation.framework.testcases.LoginTest.tearDown(LoginTest.java:25)
at com.automation.framework.testcases.LoginTest.tearDown(LoginTest.java:25)
at com.automation.framework.testcases.LoginTest.tearDown(LoginTest.java:25)
at com.automation.framework.testcases.LoginTest.tearDown(LoginTest.java:25)
at com.automation.framework.testcases.LoginTest.tearDown(LoginTest.java:25)
at com.automation.framework.testcases.LoginTest.tearDown(LoginTest.java:25)
at com.automation.framework.testcases.LoginTest.tearDown(LoginTest.java:25)
at com.automation.framework.testcases.LoginTest.tearDown(LoginTest.java:25)
at com.automation.framework.testcases.LoginTest.tearDown(LoginTest.java:25)
at com.automation.framework.testcases.LoginTest.tearDown(LoginTest.java:25)
at com.automation.framework.testcases.LoginTest.tearDown(LoginTest.java:25)
at com.automation.framework.testcases.LoginTest.tearDown(LoginTest.java:25)
at com.automation.framework.testcases.LoginTest.tearDown(LoginTest.java:25)
at com.automation.framework.testcases.LoginTest.tearDown(LoginTest.java:25)
at com.automation.framework.testcases.LoginTest.tearDown(LoginTest.java:25)
at com.automation.framework.testcases.LoginTest.tearDown(LoginTest.java:25)
at com.automation.framework.testcases.LoginTest.tearDown(LoginTest.java:25)
at com.automation.framework.testcases.LoginTest.tearDown(LoginTest.java:25)
at com.automation.framework.testcases.LoginTest.tearDown(LoginTest.java:25)
at com.automation.framework.testcases.LoginTest.tearDown(LoginTest.java:25)
at com.automation.framework.testcases.LoginTest.tearDown(LoginTest.java:25)
at com.automation.framework.testcases.LoginTest.tearDown(LoginTest.java:25)
at com.automation.framework.testcases.LoginTest.tearDown(LoginTest.java:25)
at com.automation.framework.testcases.LoginTest.tearDown(LoginTest.java:25)
at com.automation.framework.testcases.LoginTest.tearDown(LoginTest.java:25)
at com.automation.framework.testcases.LoginTest.tearDown(LoginTest.java:25)
at com.automation.framework.testcases.LoginTest.tearDown(LoginTest.java:25)
at com.automation.framework.testcases.LoginTest.tearDown(LoginTest.java:25)
at com.automation.framework.testcases.LoginTest.tearDown(LoginTest.java:25)
at com.automation.framework.testcases.LoginTest.tearDown(LoginTest.java:25)
at com.automation.framework.testcases.LoginTest.tearDown(LoginTest.java:25)
at com.automation.framework.testcases.LoginTest.tearDown(LoginTest.java:25)
at com.automation.framework.testcases.LoginTest.tearDown(LoginTest.java:25)
at com.automation.framework.testcases.LoginTest.tearDown(LoginTest.java:25)
at com.automation.framework.testcases.LoginTest.tearDown(LoginTest.java:25)
at com.automation.framework.testcases.LoginTest.tearDown(LoginTest.java:25)
at com.automation.framework.testcases.LoginTest.tearDown(LoginTest.java:25)
at com.automation.framework.testcases.LoginTest.tearDown(LoginTest.java:25)
at com.automation.framework.testcases.LoginTest.tearDown(LoginTest.java:25)
at com.automation.framework.testcases.LoginTest.tearDown(LoginTest.java:25)
at com.automation.framework.testcases.LoginTest.tearDown(LoginTest.java:25)
at com.automation.framework.testcases.LoginTest.tearDown(LoginTest.java:25)
at com.automation.framework.testcases.LoginTest.tearDown(LoginTest.java:25)
at com.automation.framework.testcases.LoginTest.tearDown(LoginTest.java:25)
at com.automation.framework.testcases.LoginTest.tearDown(LoginTest.java:25)
at com.automation.framework.testcases.LoginTest.tearDown(LoginTest.java:25)
at com.automation.framework.testcases.LoginTest.tearDown(LoginTest.java:25)
at com.automation.framework.testcases.LoginTest.tearDown(LoginTest.java:25)
at com.automation.framework.testcases.LoginTest.tearDown(LoginTest.java:25)
at com.automation.framework.testcases.LoginTest.tearDown(LoginTest.java:25)
at com.automation.framework.testcases.LoginTest.tearDown(LoginTest.java:25)
at com.automation.framework.testcases.LoginTest.tearDown(LoginTest.java:25)
at com.automation.framework.testcases.LoginTest.tearDown(LoginTest.java:25)
at com.automation.framework.testcases.LoginTest.tearDown(LoginTest.java:25)
at com.automation.framework.testcases.LoginTest.tearDown(LoginTest.java:25)
at com.automation.framework.testcases.LoginTest.tearDown(LoginTest.java:25)
at com.automation.framework.testcases.LoginTest.tearDown(LoginTest.java:25)
at com.automation.framework.testcases.LoginTest.tearDown(LoginTest.java:25)
at com.automation.framework.testcases.LoginTest.tearDown(LoginTest.java:25)
at com.automation.framework.testcases.LoginTest.tearDown(LoginTest.java:25)
at com.automation.framework.testcases.LoginTest.tearDown(LoginTest.java:25)
at com.automation.framework.testcases.LoginTest.tearDown(LoginTest.java:25)
at com.automation.framework.testcases.LoginTest.tearDown(LoginTest.java:25)
at com.automation.framework.testcases.LoginTest.tearDown(LoginTest.java:25)
at com.automation.framework.testcases.LoginTest.tearDown(LoginTest.java:25)
at com.automation.framework.testcases.LoginTest.tearDown(LoginTest.java:25)
at com.automation.framework.testcases.LoginTest.tearDown(LoginTest.java:25)
at com.automation.framework.testcases.LoginTest.tearDown(LoginTest.java:25)
at com.automation.framework.testcases.LoginTest.tearDown(LoginTest.java:25)
at com.automation.framework.testcases.LoginTest.tearDown(LoginTest.java:25)
at com.automation.framework.testcases.LoginTest.tearDown(LoginTest.java:25)
at com.automation.framework.testcases.LoginTest.tearDown(LoginTest.java:25)
at com.automation.framework.testcases.LoginTest.tearDown(LoginTest.java:25)
at com.automation.framework.testcases.LoginTest.tearDown(LoginTest.java:25)
at com.automation.framework.testcases.LoginTest.tearDown(LoginTest.java:25)
at com.automation.framework.testcases.LoginTest.tearDown(LoginTest.java:25)
at com.automation.framework.testcases.LoginTest.tearDown(LoginTest.java:25)
at com.automation.framework.testcases.LoginTest.tearDown(LoginTest.java:25)
at com.automation.framework.testcases.LoginTest.tearDown(LoginTest.java:25)
at com.automation.framework.testcases.LoginTest.tearDown(LoginTest.java:25)
at com.automation.framework.testcases.LoginTest.tearDown(LoginTest.java:25)
at com.automation.framework.testcases.LoginTest.tearDown(LoginTest.java:25)
at com.automation.framework.testcases.LoginTest.tearDown(LoginTest.java:25)
at com.automation.framework.testcases.LoginTest.tearDown(LoginTest.java:25)
at com.automation.framework.testcases.LoginTest.tearDown(LoginTest.java:25)
at com.automation.framework.testcases.LoginTest.tearDown(LoginTest.java:25)
at com.automation.framework.testcases.LoginTest.tearDown(LoginTest.java:25)
at com.automation.framework.testcases.LoginTest.tearDown(LoginTest.java:25)
at com.automation.framework.testcases.LoginTest.tearDown(LoginTest.java:25)
at com.automation.framework.testcases.LoginTest.tearDown(LoginTest.java:25)
at com.automation.framework.testcases.LoginTest.tearDown(LoginTest.java:25)
at com.automation.framework.testcases.LoginTest.tearDown(LoginTest.java:25)
at com.automation.framework.testcases.LoginTest.tearDown(LoginTest.java:25)
at com.automation.framework.testcases.LoginTest.tearDown(LoginTest.java:25)
at com.automation.framework.testcases.LoginTest.tearDown(LoginTest.java:25)
at com.automation.framework.testcases.LoginTest.tearDown(LoginTest.java:25)
at com.automation.framework.testcases.LoginTest.tearDown(LoginTest.java:25)
at com.automation.framework.testcases.LoginTest.tearDown(LoginTest.java:25)
at com.automation.framework.testcases.LoginTest.tearDown(LoginTest.java:25)
at com.automation.framework.testcases.LoginTest.tearDown(LoginTest.java:25)
at com.automation.framework.testcases.LoginTest.tearDown(LoginTest.java:25)
at com.automation.framework.testcases.LoginTest.tearDown(LoginTest.java:25)
at com.automation.framework.testcases.LoginTest.tearDown(LoginTest.java:25)
at com.automation.framework.testcases.LoginTest.tearDown(LoginTest.java:25)
at com.automation.framework.testcases.LoginTest.tearDown(LoginTest.java:25)
at com.automation.framework.testcases.LoginTest.tearDown(LoginTest.java:25)
at com.automation.framework.testcases.LoginTest.tearDown(LoginTest.java:25)
at com.automation.framework.testcases.LoginTest.tearDown(LoginTest.java:25)
at com.automation.framework.testcases.LoginTest.tearDown(LoginTest.java:25)
at com.automation.framework.testcases.LoginTest.tearDown(LoginTest.java:25)
at com.automation.framework.testcases.LoginTest.tearDown(LoginTest.java:25)
at com.automation.framework.testcases.LoginTest.tearDown(LoginTest.java:25)
at com.automation.framework.testcases.LoginTest.tearDown(LoginTest.java:25)
at com.automation.framework.testcases.LoginTest.tearDown(LoginTest.java:25)
at com.automation.framework.testcases.LoginTest.tearDown(LoginTest.java:25)
at com.automation.framework.testcases.LoginTest.tearDown(LoginTest.java:25)
at com.automation.framework.testcases.LoginTest.tearDown(LoginTest.java:25)
at com.automation.framework.testcases.LoginTest.tearDown(LoginTest.java:25)
at com.automation.framework.testcases.LoginTest.tearDown(LoginTest.java:25)
at com.automation.framework.testcases.LoginTest.tearDown(LoginTest.java:25)
at com.automation.framework.testcases.LoginTest.tearDown(LoginTest.java:25)
at com.automation.framework.testcases.LoginTest.tearDown(LoginTest.java:25)
at com.automation.framework.testcases.LoginTest.tearDown(LoginTest.java:25)
at com.automation.framework.testcases.LoginTest.tearDown(LoginTest.java:25)
at com.automation.framework.testcases.LoginTest.tearDown(LoginTest.java:25)
at com.automation.framework.testcases.LoginTest.tearDown(LoginTest.java:25)
at com.automation.framework.testcases.LoginTest.tearDown(LoginTest.java:25)
at com.automation.framework.testcases.LoginTest.tearDown(LoginTest.java:25)
at com.automation.framework.testcases.LoginTest.tearDown(LoginTest.java:25)
at com.automation.framework.testcases.LoginTest.tearDown(LoginTest.java:25)
at com.automation.framework.testcases.LoginTest.tearDown(LoginTest.java:25)
at com.automation.framework.testcases.LoginTest.tearDown(LoginTest.java:25)
at com.automation.framework.testcases.LoginTest.tearDown(LoginTest.java:25)
at com.automation.framework.testcases.LoginTest.tearDown(LoginTest.java:25)
at com.automation.framework.testcases.LoginTest.tearDown(LoginTest.java:25)
at com.automation.framework.testcases.LoginTest.tearDown(LoginTest.java:25)
at com.automation.framework.testcases.LoginTest.tearDown(LoginTest.java:25)
at com.automation.framework.testcases.LoginTest.tearDown(LoginTest.java:25)
at com.automation.framework.testcases.LoginTest.tearDown(LoginTest.java:25)
at com.automation.framework.testcases.LoginTest.tearDown(LoginTest.java:25)
at com.automation.framework.testcases.LoginTest.tearDown(LoginTest.java:25)
at com.automation.framework.testcases.LoginTest.tearDown(LoginTest.java:25)
at com.automation.framework.testcases.LoginTest.tearDown(LoginTest.java:25)
at com.automation.framework.testcases.LoginTest.tearDown(LoginTest.java:25)
at com.automation.framework.testcases.LoginTest.tearDown(LoginTest.java:25)
at com.automation.framework.testcases.LoginTest.tearDown(LoginTest.java:25)
at com.automation.framework.testcases.LoginTest.tearDown(LoginTest.java:25)
at com.automation.framework.testcases.LoginTest.tearDown(LoginTest.java:25)
at com.automation.framework.testcases.LoginTest.tearDown(LoginTest.java:25)
at com.automation.framework.testcases.LoginTest.tearDown(LoginTest.java:25)
at com.automation.framework.testcases.LoginTest.tearDown(LoginTest.java:25)
at com.automation.framework.testcases.LoginTest.tearDown(LoginTest.java:25)
at com.automation.framework.testcases.LoginTest.tearDown(LoginTest.java:25)
at com.automation.framework.testcases.LoginTest.tearDown(LoginTest.java:25)
at com.automation.framework.testcases.LoginTest.tearDown(LoginTest.java:25)
at com.automation.framework.testcases.LoginTest.tearDown(LoginTest.java:25)
at com.automation.framework.testcases.LoginTest.tearDown(LoginTest.java:25)
at com.automation.framework.testcases.LoginTest.tearDown(LoginTest.java:25)
at com.automation.framework.testcases.LoginTest.tearDown(LoginTest.java:25)
at com.automation.framework.testcases.LoginTest.tearDown(LoginTest.java:25)
at com.automation.framework.testcases.LoginTest.tearDown(LoginTest.java:25)
at com.automation.framework.testcases.LoginTest.tearDown(LoginTest.java:25)
at com.automation.framework.testcases.LoginTest.tearDown(LoginTest.java:25)
at com.automation.framework.testcases.LoginTest.tearDown(LoginTest.java:25)
at com.automation.framework.testcases.LoginTest.tearDown(LoginTest.java:25)
at com.automation.framework.testcases.LoginTest.tearDown(LoginTest.java:25)
at com.automation.framework.testcases.LoginTest.tearDown(LoginTest.java:25)
at com.automation.framework.testcases.LoginTest.tearDown(LoginTest.java:25)
at com.automation.framework.testcases.LoginTest.tearDown(LoginTest.java:25)
at com.automation.framework.testcases.LoginTest.tearDown(LoginTest.java:25)
at com.automation.framework.testcases.LoginTest.tearDown(LoginTest.java:25)
at com.automation.framework.testcases.LoginTest.tearDown(LoginTest.java:25)
at com.automation.framework.testcases.LoginTest.tearDown(LoginTest.java:25)
at com.automation.framework.testcases.LoginTest.tearDown(LoginTest.java:25)
at com.automation.framework.testcases.LoginTest.tearDown(LoginTest.java:25)
at com.automation.framework.testcases.LoginTest.tearDown(LoginTest.java:25)
at com.automation.framework.testcases.LoginTest.tearDown(LoginTest.java:25)
at com.automation.framework.testcases.LoginTest.tearDown(LoginTest.java:25)
at com.automation.framework.testcases.LoginTest.tearDown(LoginTest.java:25)
at com.automation.framework.testcases.LoginTest.tearDown(LoginTest.java:25)
at com.automation.framework.testcases.LoginTest.tearDown(LoginTest.java:25)
at com.automation.framework.testcases.LoginTest.tearDown(LoginTest.java:25)
at com.automation.framework.testcases.LoginTest.tearDown(LoginTest.java:25)
at com.automation.framework.testcases.LoginTest.tearDown(LoginTest.java:25)
at com.automation.framework.testcases.LoginTest.tearDown(LoginTest.java:25)
at com.automation.framework.testcases.LoginTest.tearDown(LoginTest.java:25)
at com.automation.framework.testcases.LoginTest.tearDown(LoginTest.java:25)
at com.automation.framework.testcases.LoginTest.tearDown(LoginTest.java:25)
at com.automation.framework.testcases.LoginTest.tearDown(LoginTest.java:25)
at com.automation.framework.testcases.LoginTest.tearDown(LoginTest.java:25)
at com.automation.framework.testcases.LoginTest.tearDown(LoginTest.java:25)
at com.automation.framework.testcases.LoginTest.tearDown(LoginTest.java:25)
at com.automation.framework.testcases.LoginTest.tearDown(LoginTest.java:25)
at com.automation.framework.testcases.LoginTest.tearDown(LoginTest.java:25)
at com.automation.framework.testcases.LoginTest.tearDown(LoginTest.java:25)
at com.automation.framework.testcases.LoginTest.tearDown(LoginTest.java:25)
at com.automation.framework.testcases.LoginTest.tearDown(LoginTest.java:25)
at com.automation.framework.testcases.LoginTest.tearDown(LoginTest.java:25)
at com.automation.framework.testcases.LoginTest.tearDown(LoginTest.java:25)
at com.automation.framework.testcases.LoginTest.tearDown(LoginTest.java:25)
at com.automation.framework.testcases.LoginTest.tearDown(LoginTest.java:25)
at com.automation.framework.testcases.LoginTest.tearDown(LoginTest.java:25)
at com.automation.framework.testcases.LoginTest.tearDown(LoginTest.java:25)
at com.automation.framework.testcases.LoginTest.tearDown(LoginTest.java:25)
at com.automation.framework.testcases.LoginTest.tearDown(LoginTest.java:25)
at com.automation.framework.testcases.LoginTest.tearDown(LoginTest.java:25)
at com.automation.framework.testcases.LoginTest.tearDown(LoginTest.java:25)
at com.automation.framework.testcases.LoginTest.tearDown(LoginTest.java:25)
at com.automation.framework.testcases.LoginTest.tearDown(LoginTest.java:25)
at com.automation.framework.testcases.LoginTest.tearDown(LoginTest.java:25)
at com.automation.framework.testcases.LoginTest.tearDown(LoginTest.java:25)
at com.automation.framework.testcases.LoginTest.tearDown(LoginTest.java:25)
at com.automation.framework.testcases.LoginTest.tearDown(LoginTest.java:25)
at com.automation.framework.testcases.LoginTest.tearDown(LoginTest.java:25)
at com.automation.framework.testcases.LoginTest.tearDown(LoginTest.java:25)
at com.automation.framework.testcases.LoginTest.tearDown(LoginTest.java:25)
at com.automation.framework.testcases.LoginTest.tearDown(LoginTest.java:25)
at com.automation.framework.testcases.LoginTest.tearDown(LoginTest.java:25)
]]>
    </failure>
  </testcase> <!-- @AfterTest tearDown -->
  <testcase name="validateGetStartedButton" time="2.552" classname="com.automation.framework.testcases.LoginTest"/>
</testsuite> <!-- Regression -->
