-------------------------------------------------------------------------------
Test set: TestSuite
-------------------------------------------------------------------------------
Tests run: 2, Failures: 1, Errors: 0, Skipped: 0, Time elapsed: 24.693 s <<< FAILURE! - in TestSuite
com.automation.framework.testcases.LoginTest.tearDown  Time elapsed: 2.697 s  <<< FAILURE!
java.lang.StackOverflowError
	at com.automation.framework.testcases.LoginTest.tearDown(LoginTest.java:25)
	at com.automation.framework.testcases.LoginTest.tearDown(LoginTest.java:25)
	at com.automation.framework.testcases.LoginTest.tearDown(LoginTest.java:25)
	at com.automation.framework.testcases.LoginTest.tearDown(LoginTest.java:25)
	at com.automation.framework.testcases.LoginTest.tearDown(LoginTest.java:25)
	at com.automation.framework.testcases.LoginTest.tearDown(LoginTest.java:25)
	at com.automation.framework.testcases.LoginTest.tearDown(LoginTest.java:25)
	at com.automation.framework.testcases.LoginTest.tearDown(LoginTest.java:25)
	at com.automation.framework.testcases.LoginTest.tearDown(LoginTest.java:25)
	at com.automation.framework.testcases.LoginTest.tearDown(LoginTest.java:25)
	at com.automation.framework.testcases.LoginTest.tearDown(LoginTest.java:25)
	at com.automation.framework.testcases.LoginTest.tearDown(LoginTest.java:25)
	at com.automation.framework.testcases.LoginTest.tearDown(LoginTest.java:25)
	at com.automation.framework.testcases.LoginTest.tearDown(LoginTest.java:25)
	at com.automation.framework.testcases.LoginTest.tearDown(LoginTest.java:25)
	at com.automation.framework.testcases.LoginTest.tearDown(LoginTest.java:25)
	at com.automation.framework.testcases.LoginTest.tearDown(LoginTest.java:25)
	at com.automation.framework.testcases.LoginTest.tearDown(LoginTest.java:25)
	at com.automation.framework.testcases.LoginTest.tearDown(LoginTest.java:25)
	at com.automation.framework.testcases.LoginTest.tearDown(LoginTest.java:25)
	at com.automation.framework.testcases.LoginTest.tearDown(LoginTest.java:25)
	at com.automation.framework.testcases.LoginTest.tearDown(LoginTest.java:25)
	at com.automation.framework.testcases.LoginTest.tearDown(LoginTest.java:25)
	at com.automation.framework.testcases.LoginTest.tearDown(LoginTest.java:25)
	at com.automation.framework.testcases.LoginTest.tearDown(LoginTest.java:25)
	at com.automation.framework.testcases.LoginTest.tearDown(LoginTest.java:25)
	at com.automation.framework.testcases.LoginTest.tearDown(LoginTest.java:25)
	at com.automation.framework.testcases.LoginTest.tearDown(LoginTest.java:25)
	at com.automation.framework.testcases.LoginTest.tearDown(LoginTest.java:25)
	at com.automation.framework.testcases.LoginTest.tearDown(LoginTest.java:25)
	at com.automation.framework.testcases.LoginTest.tearDown(LoginTest.java:25)
	at com.automation.framework.testcases.LoginTest.tearDown(LoginTest.java:25)
	at com.automation.framework.testcases.LoginTest.tearDown(LoginTest.java:25)
	at com.automation.framework.testcases.LoginTest.tearDown(LoginTest.java:25)
	at com.automation.framework.testcases.LoginTest.tearDown(LoginTest.java:25)
	at com.automation.framework.testcases.LoginTest.tearDown(LoginTest.java:25)
	at com.automation.framework.testcases.LoginTest.tearDown(LoginTest.java:25)
	at com.automation.framework.testcases.LoginTest.tearDown(LoginTest.java:25)
	at com.automation.framework.testcases.LoginTest.tearDown(LoginTest.java:25)
	at com.automation.framework.testcases.LoginTest.tearDown(LoginTest.java:25)
	at com.automation.framework.testcases.LoginTest.tearDown(LoginTest.java:25)
	at com.automation.framework.testcases.LoginTest.tearDown(LoginTest.java:25)
	at com.automation.framework.testcases.LoginTest.tearDown(LoginTest.java:25)
	at com.automation.framework.testcases.LoginTest.tearDown(LoginTest.java:25)
	at com.automation.framework.testcases.LoginTest.tearDown(LoginTest.java:25)
	at com.automation.framework.testcases.LoginTest.tearDown(LoginTest.java:25)
	at com.automation.framework.testcases.LoginTest.tearDown(LoginTest.java:25)
	at com.automation.framework.testcases.LoginTest.tearDown(LoginTest.java:25)
	at com.automation.framework.testcases.LoginTest.tearDown(LoginTest.java:25)
	at com.automation.framework.testcases.LoginTest.tearDown(LoginTest.java:25)
	at com.automation.framework.testcases.LoginTest.tearDown(LoginTest.java:25)
	at com.automation.framework.testcases.LoginTest.tearDown(LoginTest.java:25)
	at com.automation.framework.testcases.LoginTest.tearDown(LoginTest.java:25)
	at com.automation.framework.testcases.LoginTest.tearDown(LoginTest.java:25)
	at com.automation.framework.testcases.LoginTest.tearDown(LoginTest.java:25)
	at com.automation.framework.testcases.LoginTest.tearDown(LoginTest.java:25)
	at com.automation.framework.testcases.LoginTest.tearDown(LoginTest.java:25)
	at com.automation.framework.testcases.LoginTest.tearDown(LoginTest.java:25)
	at com.automation.framework.testcases.LoginTest.tearDown(LoginTest.java:25)
	at com.automation.framework.testcases.LoginTest.tearDown(LoginTest.java:25)
	at com.automation.framework.testcases.LoginTest.tearDown(LoginTest.java:25)
	at com.automation.framework.testcases.LoginTest.tearDown(LoginTest.java:25)
	at com.automation.framework.testcases.LoginTest.tearDown(LoginTest.java:25)
	at com.automation.framework.testcases.LoginTest.tearDown(LoginTest.java:25)
	at com.automation.framework.testcases.LoginTest.tearDown(LoginTest.java:25)
	at com.automation.framework.testcases.LoginTest.tearDown(LoginTest.java:25)
	at com.automation.framework.testcases.LoginTest.tearDown(LoginTest.java:25)
	at com.automation.framework.testcases.LoginTest.tearDown(LoginTest.java:25)
	at com.automation.framework.testcases.LoginTest.tearDown(LoginTest.java:25)
	at com.automation.framework.testcases.LoginTest.tearDown(LoginTest.java:25)
	at com.automation.framework.testcases.LoginTest.tearDown(LoginTest.java:25)
	at com.automation.framework.testcases.LoginTest.tearDown(LoginTest.java:25)
	at com.automation.framework.testcases.LoginTest.tearDown(LoginTest.java:25)
	at com.automation.framework.testcases.LoginTest.tearDown(LoginTest.java:25)
	at com.automation.framework.testcases.LoginTest.tearDown(LoginTest.java:25)
	at com.automation.framework.testcases.LoginTest.tearDown(LoginTest.java:25)
	at com.automation.framework.testcases.LoginTest.tearDown(LoginTest.java:25)
	at com.automation.framework.testcases.LoginTest.tearDown(LoginTest.java:25)
	at com.automation.framework.testcases.LoginTest.tearDown(LoginTest.java:25)
	at com.automation.framework.testcases.LoginTest.tearDown(LoginTest.java:25)
	at com.automation.framework.testcases.LoginTest.tearDown(LoginTest.java:25)
	at com.automation.framework.testcases.LoginTest.tearDown(LoginTest.java:25)
	at com.automation.framework.testcases.LoginTest.tearDown(LoginTest.java:25)
	at com.automation.framework.testcases.LoginTest.tearDown(LoginTest.java:25)
	at com.automation.framework.testcases.LoginTest.tearDown(LoginTest.java:25)
	at com.automation.framework.testcases.LoginTest.tearDown(LoginTest.java:25)
	at com.automation.framework.testcases.LoginTest.tearDown(LoginTest.java:25)
	at com.automation.framework.testcases.LoginTest.tearDown(LoginTest.java:25)
	at com.automation.framework.testcases.LoginTest.tearDown(LoginTest.java:25)
	at com.automation.framework.testcases.LoginTest.tearDown(LoginTest.java:25)
	at com.automation.framework.testcases.LoginTest.tearDown(LoginTest.java:25)
	at com.automation.framework.testcases.LoginTest.tearDown(LoginTest.java:25)
	at com.automation.framework.testcases.LoginTest.tearDown(LoginTest.java:25)
	at com.automation.framework.testcases.LoginTest.tearDown(LoginTest.java:25)
	at com.automation.framework.testcases.LoginTest.tearDown(LoginTest.java:25)
	at com.automation.framework.testcases.LoginTest.tearDown(LoginTest.java:25)
	at com.automation.framework.testcases.LoginTest.tearDown(LoginTest.java:25)
	at com.automation.framework.testcases.LoginTest.tearDown(LoginTest.java:25)
	at com.automation.framework.testcases.LoginTest.tearDown(LoginTest.java:25)
	at com.automation.framework.testcases.LoginTest.tearDown(LoginTest.java:25)
	at com.automation.framework.testcases.LoginTest.tearDown(LoginTest.java:25)
	at com.automation.framework.testcases.LoginTest.tearDown(LoginTest.java:25)
	at com.automation.framework.testcases.LoginTest.tearDown(LoginTest.java:25)
	at com.automation.framework.testcases.LoginTest.tearDown(LoginTest.java:25)
	at com.automation.framework.testcases.LoginTest.tearDown(LoginTest.java:25)
	at com.automation.framework.testcases.LoginTest.tearDown(LoginTest.java:25)
	at com.automation.framework.testcases.LoginTest.tearDown(LoginTest.java:25)
	at com.automation.framework.testcases.LoginTest.tearDown(LoginTest.java:25)
	at com.automation.framework.testcases.LoginTest.tearDown(LoginTest.java:25)
	at com.automation.framework.testcases.LoginTest.tearDown(LoginTest.java:25)
	at com.automation.framework.testcases.LoginTest.tearDown(LoginTest.java:25)
	at com.automation.framework.testcases.LoginTest.tearDown(LoginTest.java:25)
	at com.automation.framework.testcases.LoginTest.tearDown(LoginTest.java:25)
	at com.automation.framework.testcases.LoginTest.tearDown(LoginTest.java:25)
	at com.automation.framework.testcases.LoginTest.tearDown(LoginTest.java:25)
	at com.automation.framework.testcases.LoginTest.tearDown(LoginTest.java:25)
	at com.automation.framework.testcases.LoginTest.tearDown(LoginTest.java:25)
	at com.automation.framework.testcases.LoginTest.tearDown(LoginTest.java:25)
	at com.automation.framework.testcases.LoginTest.tearDown(LoginTest.java:25)
	at com.automation.framework.testcases.LoginTest.tearDown(LoginTest.java:25)
	at com.automation.framework.testcases.LoginTest.tearDown(LoginTest.java:25)
	at com.automation.framework.testcases.LoginTest.tearDown(LoginTest.java:25)
	at com.automation.framework.testcases.LoginTest.tearDown(LoginTest.java:25)
	at com.automation.framework.testcases.LoginTest.tearDown(LoginTest.java:25)
	at com.automation.framework.testcases.LoginTest.tearDown(LoginTest.java:25)
	at com.automation.framework.testcases.LoginTest.tearDown(LoginTest.java:25)
	at com.automation.framework.testcases.LoginTest.tearDown(LoginTest.java:25)
	at com.automation.framework.testcases.LoginTest.tearDown(LoginTest.java:25)
	at com.automation.framework.testcases.LoginTest.tearDown(LoginTest.java:25)
	at com.automation.framework.testcases.LoginTest.tearDown(LoginTest.java:25)
	at com.automation.framework.testcases.LoginTest.tearDown(LoginTest.java:25)
	at com.automation.framework.testcases.LoginTest.tearDown(LoginTest.java:25)
	at com.automation.framework.testcases.LoginTest.tearDown(LoginTest.java:25)
	at com.automation.framework.testcases.LoginTest.tearDown(LoginTest.java:25)
	at com.automation.framework.testcases.LoginTest.tearDown(LoginTest.java:25)
	at com.automation.framework.testcases.LoginTest.tearDown(LoginTest.java:25)
	at com.automation.framework.testcases.LoginTest.tearDown(LoginTest.java:25)
	at com.automation.framework.testcases.LoginTest.tearDown(LoginTest.java:25)
	at com.automation.framework.testcases.LoginTest.tearDown(LoginTest.java:25)
	at com.automation.framework.testcases.LoginTest.tearDown(LoginTest.java:25)
	at com.automation.framework.testcases.LoginTest.tearDown(LoginTest.java:25)
	at com.automation.framework.testcases.LoginTest.tearDown(LoginTest.java:25)
	at com.automation.framework.testcases.LoginTest.tearDown(LoginTest.java:25)
	at com.automation.framework.testcases.LoginTest.tearDown(LoginTest.java:25)
	at com.automation.framework.testcases.LoginTest.tearDown(LoginTest.java:25)
	at com.automation.framework.testcases.LoginTest.tearDown(LoginTest.java:25)
	at com.automation.framework.testcases.LoginTest.tearDown(LoginTest.java:25)
	at com.automation.framework.testcases.LoginTest.tearDown(LoginTest.java:25)
	at com.automation.framework.testcases.LoginTest.tearDown(LoginTest.java:25)
	at com.automation.framework.testcases.LoginTest.tearDown(LoginTest.java:25)
	at com.automation.framework.testcases.LoginTest.tearDown(LoginTest.java:25)
	at com.automation.framework.testcases.LoginTest.tearDown(LoginTest.java:25)
	at com.automation.framework.testcases.LoginTest.tearDown(LoginTest.java:25)
	at com.automation.framework.testcases.LoginTest.tearDown(LoginTest.java:25)
	at com.automation.framework.testcases.LoginTest.tearDown(LoginTest.java:25)
	at com.automation.framework.testcases.LoginTest.tearDown(LoginTest.java:25)
	at com.automation.framework.testcases.LoginTest.tearDown(LoginTest.java:25)
	at com.automation.framework.testcases.LoginTest.tearDown(LoginTest.java:25)
	at com.automation.framework.testcases.LoginTest.tearDown(LoginTest.java:25)
	at com.automation.framework.testcases.LoginTest.tearDown(LoginTest.java:25)
	at com.automation.framework.testcases.LoginTest.tearDown(LoginTest.java:25)
	at com.automation.framework.testcases.LoginTest.tearDown(LoginTest.java:25)
	at com.automation.framework.testcases.LoginTest.tearDown(LoginTest.java:25)
	at com.automation.framework.testcases.LoginTest.tearDown(LoginTest.java:25)
	at com.automation.framework.testcases.LoginTest.tearDown(LoginTest.java:25)
	at com.automation.framework.testcases.LoginTest.tearDown(LoginTest.java:25)
	at com.automation.framework.testcases.LoginTest.tearDown(LoginTest.java:25)
	at com.automation.framework.testcases.LoginTest.tearDown(LoginTest.java:25)
	at com.automation.framework.testcases.LoginTest.tearDown(LoginTest.java:25)
	at com.automation.framework.testcases.LoginTest.tearDown(LoginTest.java:25)
	at com.automation.framework.testcases.LoginTest.tearDown(LoginTest.java:25)
	at com.automation.framework.testcases.LoginTest.tearDown(LoginTest.java:25)
	at com.automation.framework.testcases.LoginTest.tearDown(LoginTest.java:25)
	at com.automation.framework.testcases.LoginTest.tearDown(LoginTest.java:25)
	at com.automation.framework.testcases.LoginTest.tearDown(LoginTest.java:25)
	at com.automation.framework.testcases.LoginTest.tearDown(LoginTest.java:25)
	at com.automation.framework.testcases.LoginTest.tearDown(LoginTest.java:25)
	at com.automation.framework.testcases.LoginTest.tearDown(LoginTest.java:25)
	at com.automation.framework.testcases.LoginTest.tearDown(LoginTest.java:25)
	at com.automation.framework.testcases.LoginTest.tearDown(LoginTest.java:25)
	at com.automation.framework.testcases.LoginTest.tearDown(LoginTest.java:25)
	at com.automation.framework.testcases.LoginTest.tearDown(LoginTest.java:25)
	at com.automation.framework.testcases.LoginTest.tearDown(LoginTest.java:25)
	at com.automation.framework.testcases.LoginTest.tearDown(LoginTest.java:25)
	at com.automation.framework.testcases.LoginTest.tearDown(LoginTest.java:25)
	at com.automation.framework.testcases.LoginTest.tearDown(LoginTest.java:25)
	at com.automation.framework.testcases.LoginTest.tearDown(LoginTest.java:25)
	at com.automation.framework.testcases.LoginTest.tearDown(LoginTest.java:25)
	at com.automation.framework.testcases.LoginTest.tearDown(LoginTest.java:25)
	at com.automation.framework.testcases.LoginTest.tearDown(LoginTest.java:25)
	at com.automation.framework.testcases.LoginTest.tearDown(LoginTest.java:25)
	at com.automation.framework.testcases.LoginTest.tearDown(LoginTest.java:25)
	at com.automation.framework.testcases.LoginTest.tearDown(LoginTest.java:25)
	at com.automation.framework.testcases.LoginTest.tearDown(LoginTest.java:25)
	at com.automation.framework.testcases.LoginTest.tearDown(LoginTest.java:25)
	at com.automation.framework.testcases.LoginTest.tearDown(LoginTest.java:25)
	at com.automation.framework.testcases.LoginTest.tearDown(LoginTest.java:25)
	at com.automation.framework.testcases.LoginTest.tearDown(LoginTest.java:25)
	at com.automation.framework.testcases.LoginTest.tearDown(LoginTest.java:25)
	at com.automation.framework.testcases.LoginTest.tearDown(LoginTest.java:25)
	at com.automation.framework.testcases.LoginTest.tearDown(LoginTest.java:25)
	at com.automation.framework.testcases.LoginTest.tearDown(LoginTest.java:25)
	at com.automation.framework.testcases.LoginTest.tearDown(LoginTest.java:25)
	at com.automation.framework.testcases.LoginTest.tearDown(LoginTest.java:25)
	at com.automation.framework.testcases.LoginTest.tearDown(LoginTest.java:25)
	at com.automation.framework.testcases.LoginTest.tearDown(LoginTest.java:25)
	at com.automation.framework.testcases.LoginTest.tearDown(LoginTest.java:25)
	at com.automation.framework.testcases.LoginTest.tearDown(LoginTest.java:25)
	at com.automation.framework.testcases.LoginTest.tearDown(LoginTest.java:25)
	at com.automation.framework.testcases.LoginTest.tearDown(LoginTest.java:25)
	at com.automation.framework.testcases.LoginTest.tearDown(LoginTest.java:25)
	at com.automation.framework.testcases.LoginTest.tearDown(LoginTest.java:25)
	at com.automation.framework.testcases.LoginTest.tearDown(LoginTest.java:25)
	at com.automation.framework.testcases.LoginTest.tearDown(LoginTest.java:25)
	at com.automation.framework.testcases.LoginTest.tearDown(LoginTest.java:25)
	at com.automation.framework.testcases.LoginTest.tearDown(LoginTest.java:25)
	at com.automation.framework.testcases.LoginTest.tearDown(LoginTest.java:25)
	at com.automation.framework.testcases.LoginTest.tearDown(LoginTest.java:25)
	at com.automation.framework.testcases.LoginTest.tearDown(LoginTest.java:25)
	at com.automation.framework.testcases.LoginTest.tearDown(LoginTest.java:25)
	at com.automation.framework.testcases.LoginTest.tearDown(LoginTest.java:25)
	at com.automation.framework.testcases.LoginTest.tearDown(LoginTest.java:25)
	at com.automation.framework.testcases.LoginTest.tearDown(LoginTest.java:25)
	at com.automation.framework.testcases.LoginTest.tearDown(LoginTest.java:25)
	at com.automation.framework.testcases.LoginTest.tearDown(LoginTest.java:25)
	at com.automation.framework.testcases.LoginTest.tearDown(LoginTest.java:25)
	at com.automation.framework.testcases.LoginTest.tearDown(LoginTest.java:25)
	at com.automation.framework.testcases.LoginTest.tearDown(LoginTest.java:25)
	at com.automation.framework.testcases.LoginTest.tearDown(LoginTest.java:25)
	at com.automation.framework.testcases.LoginTest.tearDown(LoginTest.java:25)
	at com.automation.framework.testcases.LoginTest.tearDown(LoginTest.java:25)
	at com.automation.framework.testcases.LoginTest.tearDown(LoginTest.java:25)
	at com.automation.framework.testcases.LoginTest.tearDown(LoginTest.java:25)
	at com.automation.framework.testcases.LoginTest.tearDown(LoginTest.java:25)
	at com.automation.framework.testcases.LoginTest.tearDown(LoginTest.java:25)
	at com.automation.framework.testcases.LoginTest.tearDown(LoginTest.java:25)
	at com.automation.framework.testcases.LoginTest.tearDown(LoginTest.java:25)
	at com.automation.framework.testcases.LoginTest.tearDown(LoginTest.java:25)
	at com.automation.framework.testcases.LoginTest.tearDown(LoginTest.java:25)
	at com.automation.framework.testcases.LoginTest.tearDown(LoginTest.java:25)
	at com.automation.framework.testcases.LoginTest.tearDown(LoginTest.java:25)
	at com.automation.framework.testcases.LoginTest.tearDown(LoginTest.java:25)
	at com.automation.framework.testcases.LoginTest.tearDown(LoginTest.java:25)
	at com.automation.framework.testcases.LoginTest.tearDown(LoginTest.java:25)
	at com.automation.framework.testcases.LoginTest.tearDown(LoginTest.java:25)
	at com.automation.framework.testcases.LoginTest.tearDown(LoginTest.java:25)
	at com.automation.framework.testcases.LoginTest.tearDown(LoginTest.java:25)
	at com.automation.framework.testcases.LoginTest.tearDown(LoginTest.java:25)
	at com.automation.framework.testcases.LoginTest.tearDown(LoginTest.java:25)
	at com.automation.framework.testcases.LoginTest.tearDown(LoginTest.java:25)
	at com.automation.framework.testcases.LoginTest.tearDown(LoginTest.java:25)
	at com.automation.framework.testcases.LoginTest.tearDown(LoginTest.java:25)
	at com.automation.framework.testcases.LoginTest.tearDown(LoginTest.java:25)
	at com.automation.framework.testcases.LoginTest.tearDown(LoginTest.java:25)
	at com.automation.framework.testcases.LoginTest.tearDown(LoginTest.java:25)
	at com.automation.framework.testcases.LoginTest.tearDown(LoginTest.java:25)
	at com.automation.framework.testcases.LoginTest.tearDown(LoginTest.java:25)
	at com.automation.framework.testcases.LoginTest.tearDown(LoginTest.java:25)
	at com.automation.framework.testcases.LoginTest.tearDown(LoginTest.java:25)
	at com.automation.framework.testcases.LoginTest.tearDown(LoginTest.java:25)
	at com.automation.framework.testcases.LoginTest.tearDown(LoginTest.java:25)
	at com.automation.framework.testcases.LoginTest.tearDown(LoginTest.java:25)
	at com.automation.framework.testcases.LoginTest.tearDown(LoginTest.java:25)
	at com.automation.framework.testcases.LoginTest.tearDown(LoginTest.java:25)
	at com.automation.framework.testcases.LoginTest.tearDown(LoginTest.java:25)
	at com.automation.framework.testcases.LoginTest.tearDown(LoginTest.java:25)
	at com.automation.framework.testcases.LoginTest.tearDown(LoginTest.java:25)
	at com.automation.framework.testcases.LoginTest.tearDown(LoginTest.java:25)
	at com.automation.framework.testcases.LoginTest.tearDown(LoginTest.java:25)
	at com.automation.framework.testcases.LoginTest.tearDown(LoginTest.java:25)
	at com.automation.framework.testcases.LoginTest.tearDown(LoginTest.java:25)
	at com.automation.framework.testcases.LoginTest.tearDown(LoginTest.java:25)
	at com.automation.framework.testcases.LoginTest.tearDown(LoginTest.java:25)
	at com.automation.framework.testcases.LoginTest.tearDown(LoginTest.java:25)
	at com.automation.framework.testcases.LoginTest.tearDown(LoginTest.java:25)
	at com.automation.framework.testcases.LoginTest.tearDown(LoginTest.java:25)
	at com.automation.framework.testcases.LoginTest.tearDown(LoginTest.java:25)
	at com.automation.framework.testcases.LoginTest.tearDown(LoginTest.java:25)
	at com.automation.framework.testcases.LoginTest.tearDown(LoginTest.java:25)
	at com.automation.framework.testcases.LoginTest.tearDown(LoginTest.java:25)
	at com.automation.framework.testcases.LoginTest.tearDown(LoginTest.java:25)
	at com.automation.framework.testcases.LoginTest.tearDown(LoginTest.java:25)
	at com.automation.framework.testcases.LoginTest.tearDown(LoginTest.java:25)
	at com.automation.framework.testcases.LoginTest.tearDown(LoginTest.java:25)
	at com.automation.framework.testcases.LoginTest.tearDown(LoginTest.java:25)
	at com.automation.framework.testcases.LoginTest.tearDown(LoginTest.java:25)
	at com.automation.framework.testcases.LoginTest.tearDown(LoginTest.java:25)
	at com.automation.framework.testcases.LoginTest.tearDown(LoginTest.java:25)
	at com.automation.framework.testcases.LoginTest.tearDown(LoginTest.java:25)
	at com.automation.framework.testcases.LoginTest.tearDown(LoginTest.java:25)
	at com.automation.framework.testcases.LoginTest.tearDown(LoginTest.java:25)
	at com.automation.framework.testcases.LoginTest.tearDown(LoginTest.java:25)
	at com.automation.framework.testcases.LoginTest.tearDown(LoginTest.java:25)
	at com.automation.framework.testcases.LoginTest.tearDown(LoginTest.java:25)
	at com.automation.framework.testcases.LoginTest.tearDown(LoginTest.java:25)
	at com.automation.framework.testcases.LoginTest.tearDown(LoginTest.java:25)
	at com.automation.framework.testcases.LoginTest.tearDown(LoginTest.java:25)
	at com.automation.framework.testcases.LoginTest.tearDown(LoginTest.java:25)
	at com.automation.framework.testcases.LoginTest.tearDown(LoginTest.java:25)
	at com.automation.framework.testcases.LoginTest.tearDown(LoginTest.java:25)
	at com.automation.framework.testcases.LoginTest.tearDown(LoginTest.java:25)
	at com.automation.framework.testcases.LoginTest.tearDown(LoginTest.java:25)
	at com.automation.framework.testcases.LoginTest.tearDown(LoginTest.java:25)
	at com.automation.framework.testcases.LoginTest.tearDown(LoginTest.java:25)
	at com.automation.framework.testcases.LoginTest.tearDown(LoginTest.java:25)
	at com.automation.framework.testcases.LoginTest.tearDown(LoginTest.java:25)
	at com.automation.framework.testcases.LoginTest.tearDown(LoginTest.java:25)
	at com.automation.framework.testcases.LoginTest.tearDown(LoginTest.java:25)
	at com.automation.framework.testcases.LoginTest.tearDown(LoginTest.java:25)
	at com.automation.framework.testcases.LoginTest.tearDown(LoginTest.java:25)
	at com.automation.framework.testcases.LoginTest.tearDown(LoginTest.java:25)
	at com.automation.framework.testcases.LoginTest.tearDown(LoginTest.java:25)
	at com.automation.framework.testcases.LoginTest.tearDown(LoginTest.java:25)
	at com.automation.framework.testcases.LoginTest.tearDown(LoginTest.java:25)
	at com.automation.framework.testcases.LoginTest.tearDown(LoginTest.java:25)
	at com.automation.framework.testcases.LoginTest.tearDown(LoginTest.java:25)
	at com.automation.framework.testcases.LoginTest.tearDown(LoginTest.java:25)
	at com.automation.framework.testcases.LoginTest.tearDown(LoginTest.java:25)
	at com.automation.framework.testcases.LoginTest.tearDown(LoginTest.java:25)
	at com.automation.framework.testcases.LoginTest.tearDown(LoginTest.java:25)
	at com.automation.framework.testcases.LoginTest.tearDown(LoginTest.java:25)
	at com.automation.framework.testcases.LoginTest.tearDown(LoginTest.java:25)
	at com.automation.framework.testcases.LoginTest.tearDown(LoginTest.java:25)
	at com.automation.framework.testcases.LoginTest.tearDown(LoginTest.java:25)
	at com.automation.framework.testcases.LoginTest.tearDown(LoginTest.java:25)
	at com.automation.framework.testcases.LoginTest.tearDown(LoginTest.java:25)
	at com.automation.framework.testcases.LoginTest.tearDown(LoginTest.java:25)
	at com.automation.framework.testcases.LoginTest.tearDown(LoginTest.java:25)
	at com.automation.framework.testcases.LoginTest.tearDown(LoginTest.java:25)
	at com.automation.framework.testcases.LoginTest.tearDown(LoginTest.java:25)
	at com.automation.framework.testcases.LoginTest.tearDown(LoginTest.java:25)
	at com.automation.framework.testcases.LoginTest.tearDown(LoginTest.java:25)
	at com.automation.framework.testcases.LoginTest.tearDown(LoginTest.java:25)
	at com.automation.framework.testcases.LoginTest.tearDown(LoginTest.java:25)
	at com.automation.framework.testcases.LoginTest.tearDown(LoginTest.java:25)
	at com.automation.framework.testcases.LoginTest.tearDown(LoginTest.java:25)
	at com.automation.framework.testcases.LoginTest.tearDown(LoginTest.java:25)
	at com.automation.framework.testcases.LoginTest.tearDown(LoginTest.java:25)
	at com.automation.framework.testcases.LoginTest.tearDown(LoginTest.java:25)
	at com.automation.framework.testcases.LoginTest.tearDown(LoginTest.java:25)
	at com.automation.framework.testcases.LoginTest.tearDown(LoginTest.java:25)
	at com.automation.framework.testcases.LoginTest.tearDown(LoginTest.java:25)
	at com.automation.framework.testcases.LoginTest.tearDown(LoginTest.java:25)
	at com.automation.framework.testcases.LoginTest.tearDown(LoginTest.java:25)
	at com.automation.framework.testcases.LoginTest.tearDown(LoginTest.java:25)
	at com.automation.framework.testcases.LoginTest.tearDown(LoginTest.java:25)
	at com.automation.framework.testcases.LoginTest.tearDown(LoginTest.java:25)
	at com.automation.framework.testcases.LoginTest.tearDown(LoginTest.java:25)
	at com.automation.framework.testcases.LoginTest.tearDown(LoginTest.java:25)
	at com.automation.framework.testcases.LoginTest.tearDown(LoginTest.java:25)
	at com.automation.framework.testcases.LoginTest.tearDown(LoginTest.java:25)
	at com.automation.framework.testcases.LoginTest.tearDown(LoginTest.java:25)
	at com.automation.framework.testcases.LoginTest.tearDown(LoginTest.java:25)
	at com.automation.framework.testcases.LoginTest.tearDown(LoginTest.java:25)
	at com.automation.framework.testcases.LoginTest.tearDown(LoginTest.java:25)
	at com.automation.framework.testcases.LoginTest.tearDown(LoginTest.java:25)
	at com.automation.framework.testcases.LoginTest.tearDown(LoginTest.java:25)
	at com.automation.framework.testcases.LoginTest.tearDown(LoginTest.java:25)
	at com.automation.framework.testcases.LoginTest.tearDown(LoginTest.java:25)
	at com.automation.framework.testcases.LoginTest.tearDown(LoginTest.java:25)
	at com.automation.framework.testcases.LoginTest.tearDown(LoginTest.java:25)
	at com.automation.framework.testcases.LoginTest.tearDown(LoginTest.java:25)
	at com.automation.framework.testcases.LoginTest.tearDown(LoginTest.java:25)
	at com.automation.framework.testcases.LoginTest.tearDown(LoginTest.java:25)
	at com.automation.framework.testcases.LoginTest.tearDown(LoginTest.java:25)
	at com.automation.framework.testcases.LoginTest.tearDown(LoginTest.java:25)
	at com.automation.framework.testcases.LoginTest.tearDown(LoginTest.java:25)
	at com.automation.framework.testcases.LoginTest.tearDown(LoginTest.java:25)
	at com.automation.framework.testcases.LoginTest.tearDown(LoginTest.java:25)
	at com.automation.framework.testcases.LoginTest.tearDown(LoginTest.java:25)
	at com.automation.framework.testcases.LoginTest.tearDown(LoginTest.java:25)
	at com.automation.framework.testcases.LoginTest.tearDown(LoginTest.java:25)
	at com.automation.framework.testcases.LoginTest.tearDown(LoginTest.java:25)
	at com.automation.framework.testcases.LoginTest.tearDown(LoginTest.java:25)
	at com.automation.framework.testcases.LoginTest.tearDown(LoginTest.java:25)
	at com.automation.framework.testcases.LoginTest.tearDown(LoginTest.java:25)
	at com.automation.framework.testcases.LoginTest.tearDown(LoginTest.java:25)
	at com.automation.framework.testcases.LoginTest.tearDown(LoginTest.java:25)
	at com.automation.framework.testcases.LoginTest.tearDown(LoginTest.java:25)
	at com.automation.framework.testcases.LoginTest.tearDown(LoginTest.java:25)
	at com.automation.framework.testcases.LoginTest.tearDown(LoginTest.java:25)
	at com.automation.framework.testcases.LoginTest.tearDown(LoginTest.java:25)
	at com.automation.framework.testcases.LoginTest.tearDown(LoginTest.java:25)
	at com.automation.framework.testcases.LoginTest.tearDown(LoginTest.java:25)
	at com.automation.framework.testcases.LoginTest.tearDown(LoginTest.java:25)
	at com.automation.framework.testcases.LoginTest.tearDown(LoginTest.java:25)
	at com.automation.framework.testcases.LoginTest.tearDown(LoginTest.java:25)
	at com.automation.framework.testcases.LoginTest.tearDown(LoginTest.java:25)
	at com.automation.framework.testcases.LoginTest.tearDown(LoginTest.java:25)
	at com.automation.framework.testcases.LoginTest.tearDown(LoginTest.java:25)
	at com.automation.framework.testcases.LoginTest.tearDown(LoginTest.java:25)
	at com.automation.framework.testcases.LoginTest.tearDown(LoginTest.java:25)
	at com.automation.framework.testcases.LoginTest.tearDown(LoginTest.java:25)
	at com.automation.framework.testcases.LoginTest.tearDown(LoginTest.java:25)
	at com.automation.framework.testcases.LoginTest.tearDown(LoginTest.java:25)
	at com.automation.framework.testcases.LoginTest.tearDown(LoginTest.java:25)
	at com.automation.framework.testcases.LoginTest.tearDown(LoginTest.java:25)
	at com.automation.framework.testcases.LoginTest.tearDown(LoginTest.java:25)
	at com.automation.framework.testcases.LoginTest.tearDown(LoginTest.java:25)
	at com.automation.framework.testcases.LoginTest.tearDown(LoginTest.java:25)
	at com.automation.framework.testcases.LoginTest.tearDown(LoginTest.java:25)
	at com.automation.framework.testcases.LoginTest.tearDown(LoginTest.java:25)
	at com.automation.framework.testcases.LoginTest.tearDown(LoginTest.java:25)
	at com.automation.framework.testcases.LoginTest.tearDown(LoginTest.java:25)
	at com.automation.framework.testcases.LoginTest.tearDown(LoginTest.java:25)
	at com.automation.framework.testcases.LoginTest.tearDown(LoginTest.java:25)
	at com.automation.framework.testcases.LoginTest.tearDown(LoginTest.java:25)
	at com.automation.framework.testcases.LoginTest.tearDown(LoginTest.java:25)
	at com.automation.framework.testcases.LoginTest.tearDown(LoginTest.java:25)
	at com.automation.framework.testcases.LoginTest.tearDown(LoginTest.java:25)
	at com.automation.framework.testcases.LoginTest.tearDown(LoginTest.java:25)
	at com.automation.framework.testcases.LoginTest.tearDown(LoginTest.java:25)
	at com.automation.framework.testcases.LoginTest.tearDown(LoginTest.java:25)
	at com.automation.framework.testcases.LoginTest.tearDown(LoginTest.java:25)
	at com.automation.framework.testcases.LoginTest.tearDown(LoginTest.java:25)
	at com.automation.framework.testcases.LoginTest.tearDown(LoginTest.java:25)
	at com.automation.framework.testcases.LoginTest.tearDown(LoginTest.java:25)
	at com.automation.framework.testcases.LoginTest.tearDown(LoginTest.java:25)
	at com.automation.framework.testcases.LoginTest.tearDown(LoginTest.java:25)
	at com.automation.framework.testcases.LoginTest.tearDown(LoginTest.java:25)
	at com.automation.framework.testcases.LoginTest.tearDown(LoginTest.java:25)
	at com.automation.framework.testcases.LoginTest.tearDown(LoginTest.java:25)
	at com.automation.framework.testcases.LoginTest.tearDown(LoginTest.java:25)
	at com.automation.framework.testcases.LoginTest.tearDown(LoginTest.java:25)
	at com.automation.framework.testcases.LoginTest.tearDown(LoginTest.java:25)
	at com.automation.framework.testcases.LoginTest.tearDown(LoginTest.java:25)
	at com.automation.framework.testcases.LoginTest.tearDown(LoginTest.java:25)
	at com.automation.framework.testcases.LoginTest.tearDown(LoginTest.java:25)
	at com.automation.framework.testcases.LoginTest.tearDown(LoginTest.java:25)
	at com.automation.framework.testcases.LoginTest.tearDown(LoginTest.java:25)
	at com.automation.framework.testcases.LoginTest.tearDown(LoginTest.java:25)
	at com.automation.framework.testcases.LoginTest.tearDown(LoginTest.java:25)
	at com.automation.framework.testcases.LoginTest.tearDown(LoginTest.java:25)
	at com.automation.framework.testcases.LoginTest.tearDown(LoginTest.java:25)
	at com.automation.framework.testcases.LoginTest.tearDown(LoginTest.java:25)
	at com.automation.framework.testcases.LoginTest.tearDown(LoginTest.java:25)
	at com.automation.framework.testcases.LoginTest.tearDown(LoginTest.java:25)
	at com.automation.framework.testcases.LoginTest.tearDown(LoginTest.java:25)
	at com.automation.framework.testcases.LoginTest.tearDown(LoginTest.java:25)
	at com.automation.framework.testcases.LoginTest.tearDown(LoginTest.java:25)
	at com.automation.framework.testcases.LoginTest.tearDown(LoginTest.java:25)
	at com.automation.framework.testcases.LoginTest.tearDown(LoginTest.java:25)
	at com.automation.framework.testcases.LoginTest.tearDown(LoginTest.java:25)
	at com.automation.framework.testcases.LoginTest.tearDown(LoginTest.java:25)
	at com.automation.framework.testcases.LoginTest.tearDown(LoginTest.java:25)
	at com.automation.framework.testcases.LoginTest.tearDown(LoginTest.java:25)
	at com.automation.framework.testcases.LoginTest.tearDown(LoginTest.java:25)
	at com.automation.framework.testcases.LoginTest.tearDown(LoginTest.java:25)
	at com.automation.framework.testcases.LoginTest.tearDown(LoginTest.java:25)
	at com.automation.framework.testcases.LoginTest.tearDown(LoginTest.java:25)
	at com.automation.framework.testcases.LoginTest.tearDown(LoginTest.java:25)
	at com.automation.framework.testcases.LoginTest.tearDown(LoginTest.java:25)
	at com.automation.framework.testcases.LoginTest.tearDown(LoginTest.java:25)
	at com.automation.framework.testcases.LoginTest.tearDown(LoginTest.java:25)
	at com.automation.framework.testcases.LoginTest.tearDown(LoginTest.java:25)
	at com.automation.framework.testcases.LoginTest.tearDown(LoginTest.java:25)
	at com.automation.framework.testcases.LoginTest.tearDown(LoginTest.java:25)
	at com.automation.framework.testcases.LoginTest.tearDown(LoginTest.java:25)
	at com.automation.framework.testcases.LoginTest.tearDown(LoginTest.java:25)
	at com.automation.framework.testcases.LoginTest.tearDown(LoginTest.java:25)
	at com.automation.framework.testcases.LoginTest.tearDown(LoginTest.java:25)
	at com.automation.framework.testcases.LoginTest.tearDown(LoginTest.java:25)
	at com.automation.framework.testcases.LoginTest.tearDown(LoginTest.java:25)
	at com.automation.framework.testcases.LoginTest.tearDown(LoginTest.java:25)
	at com.automation.framework.testcases.LoginTest.tearDown(LoginTest.java:25)
	at com.automation.framework.testcases.LoginTest.tearDown(LoginTest.java:25)
	at com.automation.framework.testcases.LoginTest.tearDown(LoginTest.java:25)
	at com.automation.framework.testcases.LoginTest.tearDown(LoginTest.java:25)
	at com.automation.framework.testcases.LoginTest.tearDown(LoginTest.java:25)
	at com.automation.framework.testcases.LoginTest.tearDown(LoginTest.java:25)
	at com.automation.framework.testcases.LoginTest.tearDown(LoginTest.java:25)
	at com.automation.framework.testcases.LoginTest.tearDown(LoginTest.java:25)
	at com.automation.framework.testcases.LoginTest.tearDown(LoginTest.java:25)
	at com.automation.framework.testcases.LoginTest.tearDown(LoginTest.java:25)
	at com.automation.framework.testcases.LoginTest.tearDown(LoginTest.java:25)
	at com.automation.framework.testcases.LoginTest.tearDown(LoginTest.java:25)
	at com.automation.framework.testcases.LoginTest.tearDown(LoginTest.java:25)
	at com.automation.framework.testcases.LoginTest.tearDown(LoginTest.java:25)
	at com.automation.framework.testcases.LoginTest.tearDown(LoginTest.java:25)
	at com.automation.framework.testcases.LoginTest.tearDown(LoginTest.java:25)
	at com.automation.framework.testcases.LoginTest.tearDown(LoginTest.java:25)
	at com.automation.framework.testcases.LoginTest.tearDown(LoginTest.java:25)
	at com.automation.framework.testcases.LoginTest.tearDown(LoginTest.java:25)
	at com.automation.framework.testcases.LoginTest.tearDown(LoginTest.java:25)
	at com.automation.framework.testcases.LoginTest.tearDown(LoginTest.java:25)
	at com.automation.framework.testcases.LoginTest.tearDown(LoginTest.java:25)
	at com.automation.framework.testcases.LoginTest.tearDown(LoginTest.java:25)
	at com.automation.framework.testcases.LoginTest.tearDown(LoginTest.java:25)
	at com.automation.framework.testcases.LoginTest.tearDown(LoginTest.java:25)
	at com.automation.framework.testcases.LoginTest.tearDown(LoginTest.java:25)
	at com.automation.framework.testcases.LoginTest.tearDown(LoginTest.java:25)
	at com.automation.framework.testcases.LoginTest.tearDown(LoginTest.java:25)
	at com.automation.framework.testcases.LoginTest.tearDown(LoginTest.java:25)
	at com.automation.framework.testcases.LoginTest.tearDown(LoginTest.java:25)
	at com.automation.framework.testcases.LoginTest.tearDown(LoginTest.java:25)
	at com.automation.framework.testcases.LoginTest.tearDown(LoginTest.java:25)
	at com.automation.framework.testcases.LoginTest.tearDown(LoginTest.java:25)
	at com.automation.framework.testcases.LoginTest.tearDown(LoginTest.java:25)
	at com.automation.framework.testcases.LoginTest.tearDown(LoginTest.java:25)
	at com.automation.framework.testcases.LoginTest.tearDown(LoginTest.java:25)
	at com.automation.framework.testcases.LoginTest.tearDown(LoginTest.java:25)
	at com.automation.framework.testcases.LoginTest.tearDown(LoginTest.java:25)
	at com.automation.framework.testcases.LoginTest.tearDown(LoginTest.java:25)
	at com.automation.framework.testcases.LoginTest.tearDown(LoginTest.java:25)
	at com.automation.framework.testcases.LoginTest.tearDown(LoginTest.java:25)
	at com.automation.framework.testcases.LoginTest.tearDown(LoginTest.java:25)
	at com.automation.framework.testcases.LoginTest.tearDown(LoginTest.java:25)
	at com.automation.framework.testcases.LoginTest.tearDown(LoginTest.java:25)
	at com.automation.framework.testcases.LoginTest.tearDown(LoginTest.java:25)
	at com.automation.framework.testcases.LoginTest.tearDown(LoginTest.java:25)
	at com.automation.framework.testcases.LoginTest.tearDown(LoginTest.java:25)
	at com.automation.framework.testcases.LoginTest.tearDown(LoginTest.java:25)
	at com.automation.framework.testcases.LoginTest.tearDown(LoginTest.java:25)
	at com.automation.framework.testcases.LoginTest.tearDown(LoginTest.java:25)
	at com.automation.framework.testcases.LoginTest.tearDown(LoginTest.java:25)
	at com.automation.framework.testcases.LoginTest.tearDown(LoginTest.java:25)
	at com.automation.framework.testcases.LoginTest.tearDown(LoginTest.java:25)
	at com.automation.framework.testcases.LoginTest.tearDown(LoginTest.java:25)
	at com.automation.framework.testcases.LoginTest.tearDown(LoginTest.java:25)
	at com.automation.framework.testcases.LoginTest.tearDown(LoginTest.java:25)
	at com.automation.framework.testcases.LoginTest.tearDown(LoginTest.java:25)
	at com.automation.framework.testcases.LoginTest.tearDown(LoginTest.java:25)
	at com.automation.framework.testcases.LoginTest.tearDown(LoginTest.java:25)
	at com.automation.framework.testcases.LoginTest.tearDown(LoginTest.java:25)
	at com.automation.framework.testcases.LoginTest.tearDown(LoginTest.java:25)
	at com.automation.framework.testcases.LoginTest.tearDown(LoginTest.java:25)
	at com.automation.framework.testcases.LoginTest.tearDown(LoginTest.java:25)
	at com.automation.framework.testcases.LoginTest.tearDown(LoginTest.java:25)
	at com.automation.framework.testcases.LoginTest.tearDown(LoginTest.java:25)
	at com.automation.framework.testcases.LoginTest.tearDown(LoginTest.java:25)
	at com.automation.framework.testcases.LoginTest.tearDown(LoginTest.java:25)
	at com.automation.framework.testcases.LoginTest.tearDown(LoginTest.java:25)
	at com.automation.framework.testcases.LoginTest.tearDown(LoginTest.java:25)
	at com.automation.framework.testcases.LoginTest.tearDown(LoginTest.java:25)
	at com.automation.framework.testcases.LoginTest.tearDown(LoginTest.java:25)
	at com.automation.framework.testcases.LoginTest.tearDown(LoginTest.java:25)
	at com.automation.framework.testcases.LoginTest.tearDown(LoginTest.java:25)
	at com.automation.framework.testcases.LoginTest.tearDown(LoginTest.java:25)
	at com.automation.framework.testcases.LoginTest.tearDown(LoginTest.java:25)
	at com.automation.framework.testcases.LoginTest.tearDown(LoginTest.java:25)
	at com.automation.framework.testcases.LoginTest.tearDown(LoginTest.java:25)
	at com.automation.framework.testcases.LoginTest.tearDown(LoginTest.java:25)
	at com.automation.framework.testcases.LoginTest.tearDown(LoginTest.java:25)
	at com.automation.framework.testcases.LoginTest.tearDown(LoginTest.java:25)
	at com.automation.framework.testcases.LoginTest.tearDown(LoginTest.java:25)
	at com.automation.framework.testcases.LoginTest.tearDown(LoginTest.java:25)
	at com.automation.framework.testcases.LoginTest.tearDown(LoginTest.java:25)
	at com.automation.framework.testcases.LoginTest.tearDown(LoginTest.java:25)
	at com.automation.framework.testcases.LoginTest.tearDown(LoginTest.java:25)
	at com.automation.framework.testcases.LoginTest.tearDown(LoginTest.java:25)
	at com.automation.framework.testcases.LoginTest.tearDown(LoginTest.java:25)
	at com.automation.framework.testcases.LoginTest.tearDown(LoginTest.java:25)
	at com.automation.framework.testcases.LoginTest.tearDown(LoginTest.java:25)
	at com.automation.framework.testcases.LoginTest.tearDown(LoginTest.java:25)
	at com.automation.framework.testcases.LoginTest.tearDown(LoginTest.java:25)
	at com.automation.framework.testcases.LoginTest.tearDown(LoginTest.java:25)
	at com.automation.framework.testcases.LoginTest.tearDown(LoginTest.java:25)
	at com.automation.framework.testcases.LoginTest.tearDown(LoginTest.java:25)
	at com.automation.framework.testcases.LoginTest.tearDown(LoginTest.java:25)
	at com.automation.framework.testcases.LoginTest.tearDown(LoginTest.java:25)
	at com.automation.framework.testcases.LoginTest.tearDown(LoginTest.java:25)
	at com.automation.framework.testcases.LoginTest.tearDown(LoginTest.java:25)
	at com.automation.framework.testcases.LoginTest.tearDown(LoginTest.java:25)
	at com.automation.framework.testcases.LoginTest.tearDown(LoginTest.java:25)
	at com.automation.framework.testcases.LoginTest.tearDown(LoginTest.java:25)
	at com.automation.framework.testcases.LoginTest.tearDown(LoginTest.java:25)
	at com.automation.framework.testcases.LoginTest.tearDown(LoginTest.java:25)
	at com.automation.framework.testcases.LoginTest.tearDown(LoginTest.java:25)
	at com.automation.framework.testcases.LoginTest.tearDown(LoginTest.java:25)
	at com.automation.framework.testcases.LoginTest.tearDown(LoginTest.java:25)
	at com.automation.framework.testcases.LoginTest.tearDown(LoginTest.java:25)
	at com.automation.framework.testcases.LoginTest.tearDown(LoginTest.java:25)
	at com.automation.framework.testcases.LoginTest.tearDown(LoginTest.java:25)
	at com.automation.framework.testcases.LoginTest.tearDown(LoginTest.java:25)
	at com.automation.framework.testcases.LoginTest.tearDown(LoginTest.java:25)
	at com.automation.framework.testcases.LoginTest.tearDown(LoginTest.java:25)
	at com.automation.framework.testcases.LoginTest.tearDown(LoginTest.java:25)
	at com.automation.framework.testcases.LoginTest.tearDown(LoginTest.java:25)
	at com.automation.framework.testcases.LoginTest.tearDown(LoginTest.java:25)
	at com.automation.framework.testcases.LoginTest.tearDown(LoginTest.java:25)
	at com.automation.framework.testcases.LoginTest.tearDown(LoginTest.java:25)
	at com.automation.framework.testcases.LoginTest.tearDown(LoginTest.java:25)
	at com.automation.framework.testcases.LoginTest.tearDown(LoginTest.java:25)
	at com.automation.framework.testcases.LoginTest.tearDown(LoginTest.java:25)
	at com.automation.framework.testcases.LoginTest.tearDown(LoginTest.java:25)
	at com.automation.framework.testcases.LoginTest.tearDown(LoginTest.java:25)
	at com.automation.framework.testcases.LoginTest.tearDown(LoginTest.java:25)
	at com.automation.framework.testcases.LoginTest.tearDown(LoginTest.java:25)
	at com.automation.framework.testcases.LoginTest.tearDown(LoginTest.java:25)
	at com.automation.framework.testcases.LoginTest.tearDown(LoginTest.java:25)
	at com.automation.framework.testcases.LoginTest.tearDown(LoginTest.java:25)
	at com.automation.framework.testcases.LoginTest.tearDown(LoginTest.java:25)
	at com.automation.framework.testcases.LoginTest.tearDown(LoginTest.java:25)
	at com.automation.framework.testcases.LoginTest.tearDown(LoginTest.java:25)
	at com.automation.framework.testcases.LoginTest.tearDown(LoginTest.java:25)
	at com.automation.framework.testcases.LoginTest.tearDown(LoginTest.java:25)
	at com.automation.framework.testcases.LoginTest.tearDown(LoginTest.java:25)
	at com.automation.framework.testcases.LoginTest.tearDown(LoginTest.java:25)
	at com.automation.framework.testcases.LoginTest.tearDown(LoginTest.java:25)
	at com.automation.framework.testcases.LoginTest.tearDown(LoginTest.java:25)
	at com.automation.framework.testcases.LoginTest.tearDown(LoginTest.java:25)
	at com.automation.framework.testcases.LoginTest.tearDown(LoginTest.java:25)
	at com.automation.framework.testcases.LoginTest.tearDown(LoginTest.java:25)
	at com.automation.framework.testcases.LoginTest.tearDown(LoginTest.java:25)
	at com.automation.framework.testcases.LoginTest.tearDown(LoginTest.java:25)
	at com.automation.framework.testcases.LoginTest.tearDown(LoginTest.java:25)
	at com.automation.framework.testcases.LoginTest.tearDown(LoginTest.java:25)
	at com.automation.framework.testcases.LoginTest.tearDown(LoginTest.java:25)
	at com.automation.framework.testcases.LoginTest.tearDown(LoginTest.java:25)
	at com.automation.framework.testcases.LoginTest.tearDown(LoginTest.java:25)
	at com.automation.framework.testcases.LoginTest.tearDown(LoginTest.java:25)
	at com.automation.framework.testcases.LoginTest.tearDown(LoginTest.java:25)
	at com.automation.framework.testcases.LoginTest.tearDown(LoginTest.java:25)
	at com.automation.framework.testcases.LoginTest.tearDown(LoginTest.java:25)
	at com.automation.framework.testcases.LoginTest.tearDown(LoginTest.java:25)
	at com.automation.framework.testcases.LoginTest.tearDown(LoginTest.java:25)
	at com.automation.framework.testcases.LoginTest.tearDown(LoginTest.java:25)
	at com.automation.framework.testcases.LoginTest.tearDown(LoginTest.java:25)
	at com.automation.framework.testcases.LoginTest.tearDown(LoginTest.java:25)
	at com.automation.framework.testcases.LoginTest.tearDown(LoginTest.java:25)
	at com.automation.framework.testcases.LoginTest.tearDown(LoginTest.java:25)
	at com.automation.framework.testcases.LoginTest.tearDown(LoginTest.java:25)
	at com.automation.framework.testcases.LoginTest.tearDown(LoginTest.java:25)
	at com.automation.framework.testcases.LoginTest.tearDown(LoginTest.java:25)
	at com.automation.framework.testcases.LoginTest.tearDown(LoginTest.java:25)
	at com.automation.framework.testcases.LoginTest.tearDown(LoginTest.java:25)
	at com.automation.framework.testcases.LoginTest.tearDown(LoginTest.java:25)
	at com.automation.framework.testcases.LoginTest.tearDown(LoginTest.java:25)
	at com.automation.framework.testcases.LoginTest.tearDown(LoginTest.java:25)
	at com.automation.framework.testcases.LoginTest.tearDown(LoginTest.java:25)
	at com.automation.framework.testcases.LoginTest.tearDown(LoginTest.java:25)
	at com.automation.framework.testcases.LoginTest.tearDown(LoginTest.java:25)
	at com.automation.framework.testcases.LoginTest.tearDown(LoginTest.java:25)
	at com.automation.framework.testcases.LoginTest.tearDown(LoginTest.java:25)
	at com.automation.framework.testcases.LoginTest.tearDown(LoginTest.java:25)
	at com.automation.framework.testcases.LoginTest.tearDown(LoginTest.java:25)
	at com.automation.framework.testcases.LoginTest.tearDown(LoginTest.java:25)
	at com.automation.framework.testcases.LoginTest.tearDown(LoginTest.java:25)
	at com.automation.framework.testcases.LoginTest.tearDown(LoginTest.java:25)
	at com.automation.framework.testcases.LoginTest.tearDown(LoginTest.java:25)
	at com.automation.framework.testcases.LoginTest.tearDown(LoginTest.java:25)
	at com.automation.framework.testcases.LoginTest.tearDown(LoginTest.java:25)
	at com.automation.framework.testcases.LoginTest.tearDown(LoginTest.java:25)
	at com.automation.framework.testcases.LoginTest.tearDown(LoginTest.java:25)
	at com.automation.framework.testcases.LoginTest.tearDown(LoginTest.java:25)
	at com.automation.framework.testcases.LoginTest.tearDown(LoginTest.java:25)
	at com.automation.framework.testcases.LoginTest.tearDown(LoginTest.java:25)
	at com.automation.framework.testcases.LoginTest.tearDown(LoginTest.java:25)
	at com.automation.framework.testcases.LoginTest.tearDown(LoginTest.java:25)
	at com.automation.framework.testcases.LoginTest.tearDown(LoginTest.java:25)
	at com.automation.framework.testcases.LoginTest.tearDown(LoginTest.java:25)
	at com.automation.framework.testcases.LoginTest.tearDown(LoginTest.java:25)
	at com.automation.framework.testcases.LoginTest.tearDown(LoginTest.java:25)
	at com.automation.framework.testcases.LoginTest.tearDown(LoginTest.java:25)
	at com.automation.framework.testcases.LoginTest.tearDown(LoginTest.java:25)
	at com.automation.framework.testcases.LoginTest.tearDown(LoginTest.java:25)
	at com.automation.framework.testcases.LoginTest.tearDown(LoginTest.java:25)
	at com.automation.framework.testcases.LoginTest.tearDown(LoginTest.java:25)
	at com.automation.framework.testcases.LoginTest.tearDown(LoginTest.java:25)
	at com.automation.framework.testcases.LoginTest.tearDown(LoginTest.java:25)
	at com.automation.framework.testcases.LoginTest.tearDown(LoginTest.java:25)
	at com.automation.framework.testcases.LoginTest.tearDown(LoginTest.java:25)
	at com.automation.framework.testcases.LoginTest.tearDown(LoginTest.java:25)
	at com.automation.framework.testcases.LoginTest.tearDown(LoginTest.java:25)
	at com.automation.framework.testcases.LoginTest.tearDown(LoginTest.java:25)
	at com.automation.framework.testcases.LoginTest.tearDown(LoginTest.java:25)
	at com.automation.framework.testcases.LoginTest.tearDown(LoginTest.java:25)
	at com.automation.framework.testcases.LoginTest.tearDown(LoginTest.java:25)
	at com.automation.framework.testcases.LoginTest.tearDown(LoginTest.java:25)
	at com.automation.framework.testcases.LoginTest.tearDown(LoginTest.java:25)
	at com.automation.framework.testcases.LoginTest.tearDown(LoginTest.java:25)
	at com.automation.framework.testcases.LoginTest.tearDown(LoginTest.java:25)
	at com.automation.framework.testcases.LoginTest.tearDown(LoginTest.java:25)
	at com.automation.framework.testcases.LoginTest.tearDown(LoginTest.java:25)
	at com.automation.framework.testcases.LoginTest.tearDown(LoginTest.java:25)
	at com.automation.framework.testcases.LoginTest.tearDown(LoginTest.java:25)
	at com.automation.framework.testcases.LoginTest.tearDown(LoginTest.java:25)
	at com.automation.framework.testcases.LoginTest.tearDown(LoginTest.java:25)
	at com.automation.framework.testcases.LoginTest.tearDown(LoginTest.java:25)
	at com.automation.framework.testcases.LoginTest.tearDown(LoginTest.java:25)
	at com.automation.framework.testcases.LoginTest.tearDown(LoginTest.java:25)
	at com.automation.framework.testcases.LoginTest.tearDown(LoginTest.java:25)
	at com.automation.framework.testcases.LoginTest.tearDown(LoginTest.java:25)
	at com.automation.framework.testcases.LoginTest.tearDown(LoginTest.java:25)
	at com.automation.framework.testcases.LoginTest.tearDown(LoginTest.java:25)
	at com.automation.framework.testcases.LoginTest.tearDown(LoginTest.java:25)
	at com.automation.framework.testcases.LoginTest.tearDown(LoginTest.java:25)
	at com.automation.framework.testcases.LoginTest.tearDown(LoginTest.java:25)
	at com.automation.framework.testcases.LoginTest.tearDown(LoginTest.java:25)
	at com.automation.framework.testcases.LoginTest.tearDown(LoginTest.java:25)
	at com.automation.framework.testcases.LoginTest.tearDown(LoginTest.java:25)
	at com.automation.framework.testcases.LoginTest.tearDown(LoginTest.java:25)
	at com.automation.framework.testcases.LoginTest.tearDown(LoginTest.java:25)
	at com.automation.framework.testcases.LoginTest.tearDown(LoginTest.java:25)
	at com.automation.framework.testcases.LoginTest.tearDown(LoginTest.java:25)
	at com.automation.framework.testcases.LoginTest.tearDown(LoginTest.java:25)
	at com.automation.framework.testcases.LoginTest.tearDown(LoginTest.java:25)
	at com.automation.framework.testcases.LoginTest.tearDown(LoginTest.java:25)
	at com.automation.framework.testcases.LoginTest.tearDown(LoginTest.java:25)
	at com.automation.framework.testcases.LoginTest.tearDown(LoginTest.java:25)
	at com.automation.framework.testcases.LoginTest.tearDown(LoginTest.java:25)
	at com.automation.framework.testcases.LoginTest.tearDown(LoginTest.java:25)
	at com.automation.framework.testcases.LoginTest.tearDown(LoginTest.java:25)
	at com.automation.framework.testcases.LoginTest.tearDown(LoginTest.java:25)
	at com.automation.framework.testcases.LoginTest.tearDown(LoginTest.java:25)
	at com.automation.framework.testcases.LoginTest.tearDown(LoginTest.java:25)
	at com.automation.framework.testcases.LoginTest.tearDown(LoginTest.java:25)
	at com.automation.framework.testcases.LoginTest.tearDown(LoginTest.java:25)
	at com.automation.framework.testcases.LoginTest.tearDown(LoginTest.java:25)
	at com.automation.framework.testcases.LoginTest.tearDown(LoginTest.java:25)
	at com.automation.framework.testcases.LoginTest.tearDown(LoginTest.java:25)
	at com.automation.framework.testcases.LoginTest.tearDown(LoginTest.java:25)
	at com.automation.framework.testcases.LoginTest.tearDown(LoginTest.java:25)
	at com.automation.framework.testcases.LoginTest.tearDown(LoginTest.java:25)
	at com.automation.framework.testcases.LoginTest.tearDown(LoginTest.java:25)
	at com.automation.framework.testcases.LoginTest.tearDown(LoginTest.java:25)
	at com.automation.framework.testcases.LoginTest.tearDown(LoginTest.java:25)
	at com.automation.framework.testcases.LoginTest.tearDown(LoginTest.java:25)
	at com.automation.framework.testcases.LoginTest.tearDown(LoginTest.java:25)
	at com.automation.framework.testcases.LoginTest.tearDown(LoginTest.java:25)
	at com.automation.framework.testcases.LoginTest.tearDown(LoginTest.java:25)
	at com.automation.framework.testcases.LoginTest.tearDown(LoginTest.java:25)
	at com.automation.framework.testcases.LoginTest.tearDown(LoginTest.java:25)
	at com.automation.framework.testcases.LoginTest.tearDown(LoginTest.java:25)
	at com.automation.framework.testcases.LoginTest.tearDown(LoginTest.java:25)
	at com.automation.framework.testcases.LoginTest.tearDown(LoginTest.java:25)
	at com.automation.framework.testcases.LoginTest.tearDown(LoginTest.java:25)
	at com.automation.framework.testcases.LoginTest.tearDown(LoginTest.java:25)
	at com.automation.framework.testcases.LoginTest.tearDown(LoginTest.java:25)
	at com.automation.framework.testcases.LoginTest.tearDown(LoginTest.java:25)
	at com.automation.framework.testcases.LoginTest.tearDown(LoginTest.java:25)
	at com.automation.framework.testcases.LoginTest.tearDown(LoginTest.java:25)
	at com.automation.framework.testcases.LoginTest.tearDown(LoginTest.java:25)
	at com.automation.framework.testcases.LoginTest.tearDown(LoginTest.java:25)
	at com.automation.framework.testcases.LoginTest.tearDown(LoginTest.java:25)
	at com.automation.framework.testcases.LoginTest.tearDown(LoginTest.java:25)
	at com.automation.framework.testcases.LoginTest.tearDown(LoginTest.java:25)
	at com.automation.framework.testcases.LoginTest.tearDown(LoginTest.java:25)
	at com.automation.framework.testcases.LoginTest.tearDown(LoginTest.java:25)
	at com.automation.framework.testcases.LoginTest.tearDown(LoginTest.java:25)
	at com.automation.framework.testcases.LoginTest.tearDown(LoginTest.java:25)
	at com.automation.framework.testcases.LoginTest.tearDown(LoginTest.java:25)
	at com.automation.framework.testcases.LoginTest.tearDown(LoginTest.java:25)
	at com.automation.framework.testcases.LoginTest.tearDown(LoginTest.java:25)
	at com.automation.framework.testcases.LoginTest.tearDown(LoginTest.java:25)
	at com.automation.framework.testcases.LoginTest.tearDown(LoginTest.java:25)
	at com.automation.framework.testcases.LoginTest.tearDown(LoginTest.java:25)
	at com.automation.framework.testcases.LoginTest.tearDown(LoginTest.java:25)
	at com.automation.framework.testcases.LoginTest.tearDown(LoginTest.java:25)
	at com.automation.framework.testcases.LoginTest.tearDown(LoginTest.java:25)
	at com.automation.framework.testcases.LoginTest.tearDown(LoginTest.java:25)
	at com.automation.framework.testcases.LoginTest.tearDown(LoginTest.java:25)
	at com.automation.framework.testcases.LoginTest.tearDown(LoginTest.java:25)
	at com.automation.framework.testcases.LoginTest.tearDown(LoginTest.java:25)
	at com.automation.framework.testcases.LoginTest.tearDown(LoginTest.java:25)
	at com.automation.framework.testcases.LoginTest.tearDown(LoginTest.java:25)
	at com.automation.framework.testcases.LoginTest.tearDown(LoginTest.java:25)
	at com.automation.framework.testcases.LoginTest.tearDown(LoginTest.java:25)
	at com.automation.framework.testcases.LoginTest.tearDown(LoginTest.java:25)
	at com.automation.framework.testcases.LoginTest.tearDown(LoginTest.java:25)
	at com.automation.framework.testcases.LoginTest.tearDown(LoginTest.java:25)
	at com.automation.framework.testcases.LoginTest.tearDown(LoginTest.java:25)
	at com.automation.framework.testcases.LoginTest.tearDown(LoginTest.java:25)
	at com.automation.framework.testcases.LoginTest.tearDown(LoginTest.java:25)
	at com.automation.framework.testcases.LoginTest.tearDown(LoginTest.java:25)
	at com.automation.framework.testcases.LoginTest.tearDown(LoginTest.java:25)
	at com.automation.framework.testcases.LoginTest.tearDown(LoginTest.java:25)
	at com.automation.framework.testcases.LoginTest.tearDown(LoginTest.java:25)
	at com.automation.framework.testcases.LoginTest.tearDown(LoginTest.java:25)
	at com.automation.framework.testcases.LoginTest.tearDown(LoginTest.java:25)
	at com.automation.framework.testcases.LoginTest.tearDown(LoginTest.java:25)
	at com.automation.framework.testcases.LoginTest.tearDown(LoginTest.java:25)
	at com.automation.framework.testcases.LoginTest.tearDown(LoginTest.java:25)
	at com.automation.framework.testcases.LoginTest.tearDown(LoginTest.java:25)
	at com.automation.framework.testcases.LoginTest.tearDown(LoginTest.java:25)
	at com.automation.framework.testcases.LoginTest.tearDown(LoginTest.java:25)
	at com.automation.framework.testcases.LoginTest.tearDown(LoginTest.java:25)
	at com.automation.framework.testcases.LoginTest.tearDown(LoginTest.java:25)
	at com.automation.framework.testcases.LoginTest.tearDown(LoginTest.java:25)
	at com.automation.framework.testcases.LoginTest.tearDown(LoginTest.java:25)
	at com.automation.framework.testcases.LoginTest.tearDown(LoginTest.java:25)
	at com.automation.framework.testcases.LoginTest.tearDown(LoginTest.java:25)
	at com.automation.framework.testcases.LoginTest.tearDown(LoginTest.java:25)
	at com.automation.framework.testcases.LoginTest.tearDown(LoginTest.java:25)
	at com.automation.framework.testcases.LoginTest.tearDown(LoginTest.java:25)
	at com.automation.framework.testcases.LoginTest.tearDown(LoginTest.java:25)
	at com.automation.framework.testcases.LoginTest.tearDown(LoginTest.java:25)
	at com.automation.framework.testcases.LoginTest.tearDown(LoginTest.java:25)
	at com.automation.framework.testcases.LoginTest.tearDown(LoginTest.java:25)
	at com.automation.framework.testcases.LoginTest.tearDown(LoginTest.java:25)
	at com.automation.framework.testcases.LoginTest.tearDown(LoginTest.java:25)
	at com.automation.framework.testcases.LoginTest.tearDown(LoginTest.java:25)
	at com.automation.framework.testcases.LoginTest.tearDown(LoginTest.java:25)
	at com.automation.framework.testcases.LoginTest.tearDown(LoginTest.java:25)
	at com.automation.framework.testcases.LoginTest.tearDown(LoginTest.java:25)
	at com.automation.framework.testcases.LoginTest.tearDown(LoginTest.java:25)
	at com.automation.framework.testcases.LoginTest.tearDown(LoginTest.java:25)
	at com.automation.framework.testcases.LoginTest.tearDown(LoginTest.java:25)
	at com.automation.framework.testcases.LoginTest.tearDown(LoginTest.java:25)
	at com.automation.framework.testcases.LoginTest.tearDown(LoginTest.java:25)
	at com.automation.framework.testcases.LoginTest.tearDown(LoginTest.java:25)
	at com.automation.framework.testcases.LoginTest.tearDown(LoginTest.java:25)
	at com.automation.framework.testcases.LoginTest.tearDown(LoginTest.java:25)
	at com.automation.framework.testcases.LoginTest.tearDown(LoginTest.java:25)
	at com.automation.framework.testcases.LoginTest.tearDown(LoginTest.java:25)
	at com.automation.framework.testcases.LoginTest.tearDown(LoginTest.java:25)
	at com.automation.framework.testcases.LoginTest.tearDown(LoginTest.java:25)
	at com.automation.framework.testcases.LoginTest.tearDown(LoginTest.java:25)
	at com.automation.framework.testcases.LoginTest.tearDown(LoginTest.java:25)
	at com.automation.framework.testcases.LoginTest.tearDown(LoginTest.java:25)
	at com.automation.framework.testcases.LoginTest.tearDown(LoginTest.java:25)
	at com.automation.framework.testcases.LoginTest.tearDown(LoginTest.java:25)
	at com.automation.framework.testcases.LoginTest.tearDown(LoginTest.java:25)
	at com.automation.framework.testcases.LoginTest.tearDown(LoginTest.java:25)
	at com.automation.framework.testcases.LoginTest.tearDown(LoginTest.java:25)
	at com.automation.framework.testcases.LoginTest.tearDown(LoginTest.java:25)
	at com.automation.framework.testcases.LoginTest.tearDown(LoginTest.java:25)
	at com.automation.framework.testcases.LoginTest.tearDown(LoginTest.java:25)
	at com.automation.framework.testcases.LoginTest.tearDown(LoginTest.java:25)
	at com.automation.framework.testcases.LoginTest.tearDown(LoginTest.java:25)
	at com.automation.framework.testcases.LoginTest.tearDown(LoginTest.java:25)
	at com.automation.framework.testcases.LoginTest.tearDown(LoginTest.java:25)
	at com.automation.framework.testcases.LoginTest.tearDown(LoginTest.java:25)
	at com.automation.framework.testcases.LoginTest.tearDown(LoginTest.java:25)
	at com.automation.framework.testcases.LoginTest.tearDown(LoginTest.java:25)
	at com.automation.framework.testcases.LoginTest.tearDown(LoginTest.java:25)
	at com.automation.framework.testcases.LoginTest.tearDown(LoginTest.java:25)
	at com.automation.framework.testcases.LoginTest.tearDown(LoginTest.java:25)
	at com.automation.framework.testcases.LoginTest.tearDown(LoginTest.java:25)
	at com.automation.framework.testcases.LoginTest.tearDown(LoginTest.java:25)
	at com.automation.framework.testcases.LoginTest.tearDown(LoginTest.java:25)
	at com.automation.framework.testcases.LoginTest.tearDown(LoginTest.java:25)
	at com.automation.framework.testcases.LoginTest.tearDown(LoginTest.java:25)
	at com.automation.framework.testcases.LoginTest.tearDown(LoginTest.java:25)
	at com.automation.framework.testcases.LoginTest.tearDown(LoginTest.java:25)
	at com.automation.framework.testcases.LoginTest.tearDown(LoginTest.java:25)
	at com.automation.framework.testcases.LoginTest.tearDown(LoginTest.java:25)
	at com.automation.framework.testcases.LoginTest.tearDown(LoginTest.java:25)
	at com.automation.framework.testcases.LoginTest.tearDown(LoginTest.java:25)
	at com.automation.framework.testcases.LoginTest.tearDown(LoginTest.java:25)
	at com.automation.framework.testcases.LoginTest.tearDown(LoginTest.java:25)
	at com.automation.framework.testcases.LoginTest.tearDown(LoginTest.java:25)
	at com.automation.framework.testcases.LoginTest.tearDown(LoginTest.java:25)
	at com.automation.framework.testcases.LoginTest.tearDown(LoginTest.java:25)
	at com.automation.framework.testcases.LoginTest.tearDown(LoginTest.java:25)
	at com.automation.framework.testcases.LoginTest.tearDown(LoginTest.java:25)
	at com.automation.framework.testcases.LoginTest.tearDown(LoginTest.java:25)
	at com.automation.framework.testcases.LoginTest.tearDown(LoginTest.java:25)
	at com.automation.framework.testcases.LoginTest.tearDown(LoginTest.java:25)
	at com.automation.framework.testcases.LoginTest.tearDown(LoginTest.java:25)
	at com.automation.framework.testcases.LoginTest.tearDown(LoginTest.java:25)
	at com.automation.framework.testcases.LoginTest.tearDown(LoginTest.java:25)
	at com.automation.framework.testcases.LoginTest.tearDown(LoginTest.java:25)
	at com.automation.framework.testcases.LoginTest.tearDown(LoginTest.java:25)
	at com.automation.framework.testcases.LoginTest.tearDown(LoginTest.java:25)
	at com.automation.framework.testcases.LoginTest.tearDown(LoginTest.java:25)
	at com.automation.framework.testcases.LoginTest.tearDown(LoginTest.java:25)
	at com.automation.framework.testcases.LoginTest.tearDown(LoginTest.java:25)
	at com.automation.framework.testcases.LoginTest.tearDown(LoginTest.java:25)
	at com.automation.framework.testcases.LoginTest.tearDown(LoginTest.java:25)
	at com.automation.framework.testcases.LoginTest.tearDown(LoginTest.java:25)
	at com.automation.framework.testcases.LoginTest.tearDown(LoginTest.java:25)
	at com.automation.framework.testcases.LoginTest.tearDown(LoginTest.java:25)
	at com.automation.framework.testcases.LoginTest.tearDown(LoginTest.java:25)
	at com.automation.framework.testcases.LoginTest.tearDown(LoginTest.java:25)
	at com.automation.framework.testcases.LoginTest.tearDown(LoginTest.java:25)
	at com.automation.framework.testcases.LoginTest.tearDown(LoginTest.java:25)
	at com.automation.framework.testcases.LoginTest.tearDown(LoginTest.java:25)
	at com.automation.framework.testcases.LoginTest.tearDown(LoginTest.java:25)
	at com.automation.framework.testcases.LoginTest.tearDown(LoginTest.java:25)
	at com.automation.framework.testcases.LoginTest.tearDown(LoginTest.java:25)
	at com.automation.framework.testcases.LoginTest.tearDown(LoginTest.java:25)
	at com.automation.framework.testcases.LoginTest.tearDown(LoginTest.java:25)
	at com.automation.framework.testcases.LoginTest.tearDown(LoginTest.java:25)
	at com.automation.framework.testcases.LoginTest.tearDown(LoginTest.java:25)
	at com.automation.framework.testcases.LoginTest.tearDown(LoginTest.java:25)
	at com.automation.framework.testcases.LoginTest.tearDown(LoginTest.java:25)
	at com.automation.framework.testcases.LoginTest.tearDown(LoginTest.java:25)
	at com.automation.framework.testcases.LoginTest.tearDown(LoginTest.java:25)
	at com.automation.framework.testcases.LoginTest.tearDown(LoginTest.java:25)
	at com.automation.framework.testcases.LoginTest.tearDown(LoginTest.java:25)
	at com.automation.framework.testcases.LoginTest.tearDown(LoginTest.java:25)
	at com.automation.framework.testcases.LoginTest.tearDown(LoginTest.java:25)
	at com.automation.framework.testcases.LoginTest.tearDown(LoginTest.java:25)
	at com.automation.framework.testcases.LoginTest.tearDown(LoginTest.java:25)
	at com.automation.framework.testcases.LoginTest.tearDown(LoginTest.java:25)
	at com.automation.framework.testcases.LoginTest.tearDown(LoginTest.java:25)
	at com.automation.framework.testcases.LoginTest.tearDown(LoginTest.java:25)
	at com.automation.framework.testcases.LoginTest.tearDown(LoginTest.java:25)
	at com.automation.framework.testcases.LoginTest.tearDown(LoginTest.java:25)
	at com.automation.framework.testcases.LoginTest.tearDown(LoginTest.java:25)
	at com.automation.framework.testcases.LoginTest.tearDown(LoginTest.java:25)
	at com.automation.framework.testcases.LoginTest.tearDown(LoginTest.java:25)
	at com.automation.framework.testcases.LoginTest.tearDown(LoginTest.java:25)
	at com.automation.framework.testcases.LoginTest.tearDown(LoginTest.java:25)
	at com.automation.framework.testcases.LoginTest.tearDown(LoginTest.java:25)
	at com.automation.framework.testcases.LoginTest.tearDown(LoginTest.java:25)
	at com.automation.framework.testcases.LoginTest.tearDown(LoginTest.java:25)
	at com.automation.framework.testcases.LoginTest.tearDown(LoginTest.java:25)
	at com.automation.framework.testcases.LoginTest.tearDown(LoginTest.java:25)
	at com.automation.framework.testcases.LoginTest.tearDown(LoginTest.java:25)
	at com.automation.framework.testcases.LoginTest.tearDown(LoginTest.java:25)
	at com.automation.framework.testcases.LoginTest.tearDown(LoginTest.java:25)
	at com.automation.framework.testcases.LoginTest.tearDown(LoginTest.java:25)
	at com.automation.framework.testcases.LoginTest.tearDown(LoginTest.java:25)
	at com.automation.framework.testcases.LoginTest.tearDown(LoginTest.java:25)
	at com.automation.framework.testcases.LoginTest.tearDown(LoginTest.java:25)
	at com.automation.framework.testcases.LoginTest.tearDown(LoginTest.java:25)
	at com.automation.framework.testcases.LoginTest.tearDown(LoginTest.java:25)
	at com.automation.framework.testcases.LoginTest.tearDown(LoginTest.java:25)
	at com.automation.framework.testcases.LoginTest.tearDown(LoginTest.java:25)
	at com.automation.framework.testcases.LoginTest.tearDown(LoginTest.java:25)
	at com.automation.framework.testcases.LoginTest.tearDown(LoginTest.java:25)
	at com.automation.framework.testcases.LoginTest.tearDown(LoginTest.java:25)
	at com.automation.framework.testcases.LoginTest.tearDown(LoginTest.java:25)
	at com.automation.framework.testcases.LoginTest.tearDown(LoginTest.java:25)
	at com.automation.framework.testcases.LoginTest.tearDown(LoginTest.java:25)
	at com.automation.framework.testcases.LoginTest.tearDown(LoginTest.java:25)
	at com.automation.framework.testcases.LoginTest.tearDown(LoginTest.java:25)
	at com.automation.framework.testcases.LoginTest.tearDown(LoginTest.java:25)
	at com.automation.framework.testcases.LoginTest.tearDown(LoginTest.java:25)
	at com.automation.framework.testcases.LoginTest.tearDown(LoginTest.java:25)
	at com.automation.framework.testcases.LoginTest.tearDown(LoginTest.java:25)
	at com.automation.framework.testcases.LoginTest.tearDown(LoginTest.java:25)
	at com.automation.framework.testcases.LoginTest.tearDown(LoginTest.java:25)
	at com.automation.framework.testcases.LoginTest.tearDown(LoginTest.java:25)
	at com.automation.framework.testcases.LoginTest.tearDown(LoginTest.java:25)
	at com.automation.framework.testcases.LoginTest.tearDown(LoginTest.java:25)
	at com.automation.framework.testcases.LoginTest.tearDown(LoginTest.java:25)
	at com.automation.framework.testcases.LoginTest.tearDown(LoginTest.java:25)
	at com.automation.framework.testcases.LoginTest.tearDown(LoginTest.java:25)
	at com.automation.framework.testcases.LoginTest.tearDown(LoginTest.java:25)
	at com.automation.framework.testcases.LoginTest.tearDown(LoginTest.java:25)
	at com.automation.framework.testcases.LoginTest.tearDown(LoginTest.java:25)
	at com.automation.framework.testcases.LoginTest.tearDown(LoginTest.java:25)
	at com.automation.framework.testcases.LoginTest.tearDown(LoginTest.java:25)
	at com.automation.framework.testcases.LoginTest.tearDown(LoginTest.java:25)
	at com.automation.framework.testcases.LoginTest.tearDown(LoginTest.java:25)
	at com.automation.framework.testcases.LoginTest.tearDown(LoginTest.java:25)
	at com.automation.framework.testcases.LoginTest.tearDown(LoginTest.java:25)
	at com.automation.framework.testcases.LoginTest.tearDown(LoginTest.java:25)
	at com.automation.framework.testcases.LoginTest.tearDown(LoginTest.java:25)
	at com.automation.framework.testcases.LoginTest.tearDown(LoginTest.java:25)
	at com.automation.framework.testcases.LoginTest.tearDown(LoginTest.java:25)
	at com.automation.framework.testcases.LoginTest.tearDown(LoginTest.java:25)
	at com.automation.framework.testcases.LoginTest.tearDown(LoginTest.java:25)
	at com.automation.framework.testcases.LoginTest.tearDown(LoginTest.java:25)
	at com.automation.framework.testcases.LoginTest.tearDown(LoginTest.java:25)
	at com.automation.framework.testcases.LoginTest.tearDown(LoginTest.java:25)
	at com.automation.framework.testcases.LoginTest.tearDown(LoginTest.java:25)
	at com.automation.framework.testcases.LoginTest.tearDown(LoginTest.java:25)
	at com.automation.framework.testcases.LoginTest.tearDown(LoginTest.java:25)
	at com.automation.framework.testcases.LoginTest.tearDown(LoginTest.java:25)
	at com.automation.framework.testcases.LoginTest.tearDown(LoginTest.java:25)
	at com.automation.framework.testcases.LoginTest.tearDown(LoginTest.java:25)
	at com.automation.framework.testcases.LoginTest.tearDown(LoginTest.java:25)
	at com.automation.framework.testcases.LoginTest.tearDown(LoginTest.java:25)
	at com.automation.framework.testcases.LoginTest.tearDown(LoginTest.java:25)
	at com.automation.framework.testcases.LoginTest.tearDown(LoginTest.java:25)
	at com.automation.framework.testcases.LoginTest.tearDown(LoginTest.java:25)
	at com.automation.framework.testcases.LoginTest.tearDown(LoginTest.java:25)
	at com.automation.framework.testcases.LoginTest.tearDown(LoginTest.java:25)
	at com.automation.framework.testcases.LoginTest.tearDown(LoginTest.java:25)
	at com.automation.framework.testcases.LoginTest.tearDown(LoginTest.java:25)
	at com.automation.framework.testcases.LoginTest.tearDown(LoginTest.java:25)
	at com.automation.framework.testcases.LoginTest.tearDown(LoginTest.java:25)
	at com.automation.framework.testcases.LoginTest.tearDown(LoginTest.java:25)
	at com.automation.framework.testcases.LoginTest.tearDown(LoginTest.java:25)
	at com.automation.framework.testcases.LoginTest.tearDown(LoginTest.java:25)
	at com.automation.framework.testcases.LoginTest.tearDown(LoginTest.java:25)
	at com.automation.framework.testcases.LoginTest.tearDown(LoginTest.java:25)
	at com.automation.framework.testcases.LoginTest.tearDown(LoginTest.java:25)
	at com.automation.framework.testcases.LoginTest.tearDown(LoginTest.java:25)
	at com.automation.framework.testcases.LoginTest.tearDown(LoginTest.java:25)
	at com.automation.framework.testcases.LoginTest.tearDown(LoginTest.java:25)
	at com.automation.framework.testcases.LoginTest.tearDown(LoginTest.java:25)
	at com.automation.framework.testcases.LoginTest.tearDown(LoginTest.java:25)
	at com.automation.framework.testcases.LoginTest.tearDown(LoginTest.java:25)
	at com.automation.framework.testcases.LoginTest.tearDown(LoginTest.java:25)
	at com.automation.framework.testcases.LoginTest.tearDown(LoginTest.java:25)
	at com.automation.framework.testcases.LoginTest.tearDown(LoginTest.java:25)
	at com.automation.framework.testcases.LoginTest.tearDown(LoginTest.java:25)
	at com.automation.framework.testcases.LoginTest.tearDown(LoginTest.java:25)
	at com.automation.framework.testcases.LoginTest.tearDown(LoginTest.java:25)
	at com.automation.framework.testcases.LoginTest.tearDown(LoginTest.java:25)
	at com.automation.framework.testcases.LoginTest.tearDown(LoginTest.java:25)
	at com.automation.framework.testcases.LoginTest.tearDown(LoginTest.java:25)
	at com.automation.framework.testcases.LoginTest.tearDown(LoginTest.java:25)
	at com.automation.framework.testcases.LoginTest.tearDown(LoginTest.java:25)
	at com.automation.framework.testcases.LoginTest.tearDown(LoginTest.java:25)
	at com.automation.framework.testcases.LoginTest.tearDown(LoginTest.java:25)
	at com.automation.framework.testcases.LoginTest.tearDown(LoginTest.java:25)
	at com.automation.framework.testcases.LoginTest.tearDown(LoginTest.java:25)
	at com.automation.framework.testcases.LoginTest.tearDown(LoginTest.java:25)
	at com.automation.framework.testcases.LoginTest.tearDown(LoginTest.java:25)
	at com.automation.framework.testcases.LoginTest.tearDown(LoginTest.java:25)
	at com.automation.framework.testcases.LoginTest.tearDown(LoginTest.java:25)
	at com.automation.framework.testcases.LoginTest.tearDown(LoginTest.java:25)
	at com.automation.framework.testcases.LoginTest.tearDown(LoginTest.java:25)
	at com.automation.framework.testcases.LoginTest.tearDown(LoginTest.java:25)
	at com.automation.framework.testcases.LoginTest.tearDown(LoginTest.java:25)
	at com.automation.framework.testcases.LoginTest.tearDown(LoginTest.java:25)
	at com.automation.framework.testcases.LoginTest.tearDown(LoginTest.java:25)
	at com.automation.framework.testcases.LoginTest.tearDown(LoginTest.java:25)
	at com.automation.framework.testcases.LoginTest.tearDown(LoginTest.java:25)
	at com.automation.framework.testcases.LoginTest.tearDown(LoginTest.java:25)
	at com.automation.framework.testcases.LoginTest.tearDown(LoginTest.java:25)
	at com.automation.framework.testcases.LoginTest.tearDown(LoginTest.java:25)
	at com.automation.framework.testcases.LoginTest.tearDown(LoginTest.java:25)
	at com.automation.framework.testcases.LoginTest.tearDown(LoginTest.java:25)
	at com.automation.framework.testcases.LoginTest.tearDown(LoginTest.java:25)
	at com.automation.framework.testcases.LoginTest.tearDown(LoginTest.java:25)
	at com.automation.framework.testcases.LoginTest.tearDown(LoginTest.java:25)
	at com.automation.framework.testcases.LoginTest.tearDown(LoginTest.java:25)
	at com.automation.framework.testcases.LoginTest.tearDown(LoginTest.java:25)
	at com.automation.framework.testcases.LoginTest.tearDown(LoginTest.java:25)
	at com.automation.framework.testcases.LoginTest.tearDown(LoginTest.java:25)
	at com.automation.framework.testcases.LoginTest.tearDown(LoginTest.java:25)
	at com.automation.framework.testcases.LoginTest.tearDown(LoginTest.java:25)
	at com.automation.framework.testcases.LoginTest.tearDown(LoginTest.java:25)
	at com.automation.framework.testcases.LoginTest.tearDown(LoginTest.java:25)
	at com.automation.framework.testcases.LoginTest.tearDown(LoginTest.java:25)
	at com.automation.framework.testcases.LoginTest.tearDown(LoginTest.java:25)
	at com.automation.framework.testcases.LoginTest.tearDown(LoginTest.java:25)

