<?xml version="1.0" encoding="UTF-8"?>
<testsuite xmlns:xsi="http://www.w3.org/2001/XMLSchema-instance" xsi:noNamespaceSchemaLocation="https://maven.apache.org/surefire/maven-surefire-plugin/xsd/surefire-test-report-3.0.xsd" version="3.0" name="TestSuite" time="24.693" tests="2" errors="0" skipped="0" failures="1">
  <properties>
[...]
</properties>
  <testcase name="validateGetStartedButton" classname="com.automation.framework.testcases.LoginTest" time="2.561">
    <system-out><![CDATA[&amp#27;[35m[Appium]&amp#27;[39m Welcome to Appium v1.19.1
&amp#27;[35m[Appium]&amp#27;[39m Non-default server args:
&amp#27;[35m[Appium]&amp#27;[39m   logFile: /Users/vini/appiumbatch-workspace/appiumweekendbatch/AppiumFramework/src/test/resources/logs/appiumlogs.txt
&amp#27;[35m[Appium]&amp#27;[39m   localTimezone: true
&amp#27;[35m[Appium]&amp#27;[39m Appium REST http interface listener started on 0.0.0.0:4723
&amp#27;[35m[HTTP]&amp#27;[39m &amp#27;[37m-->&amp#27;[39m &amp#27;[37mGET&amp#27;[39m &amp#27;[37m/wd/hub/status&amp#27;[39m
&amp#27;[35m[HTTP]&amp#27;[39m &amp#27;[90m{}&amp#27;[39m
[debug] &amp#27;[35m[GENERIC]&amp#27;[39m Calling AppiumDriver.getStatus() with args: []
[debug] &amp#27;[35m[GENERIC]&amp#27;[39m Responding to client with driver.getStatus() result: {"build":{"version":"1.19.1"}}
&amp#27;[35m[HTTP]&amp#27;[39m &amp#27;[37m<-- GET /wd/hub/status &amp#27;[39m&amp#27;[32m200&amp#27;[39m &amp#27;[90m10 ms - 68&amp#27;[39m
&amp#27;[35m[HTTP]&amp#27;[39m &amp#27;[90m&amp#27;[39m
04-23-2022 11:57:55 TestBase.java INFO  [main] base.TestBase 31 - Android_Flipboard.properties Propeties file loaded for android.....
&amp#27;[35m[HTTP]&amp#27;[39m &amp#27;[37m-->&amp#27;[39m &amp#27;[37mPOST&amp#27;[39m &amp#27;[37m/wd/hub/session&amp#27;[39m
&amp#27;[35m[HTTP]&amp#27;[39m &amp#27;[90m{"desiredCapabilities":{"appActivity":"flipboard.activities.LaunchActivity","appPackage":"flipboard.app","platformVersion":"9","automationName":"UIAutomator2","platformName":"Android","deviceName":"Nexus:5554"},"capabilities":{"firstMatch":[{"appium:appActivity":"flipboard.activities.LaunchActivity","appium:appPackage":"flipboard.app","appium:automationName":"UIAutomator2","appium:deviceName":"Nexus:5554","platformName":"android","appium:platformVersion":"9"}]}}&amp#27;[39m
[debug] &amp#27;[35m[W3C]&amp#27;[39m Calling AppiumDriver.createSession() with args: [{"appActivity":"flipboard.activities.LaunchActivity","appPackage":"flipboard.app","platformVersion":"9","automationName":"UIAutomator2","platformName":"Android","deviceName":"Nexus:5554"},null,{"firstMatch":[{"appium:appActivity":"flipboard.activities.LaunchActivity","appium:appPackage":"flipboard.app","appium:automationName":"UIAutomator2","appium:deviceName":"Nexus:5554","platformName":"android","appium:platformVersion":"9"}]}]
[debug] &amp#27;[35m[BaseDriver]&amp#27;[39m Event 'newSessionRequested' logged at 1650695275958 (11:57:55 GMT+0530 (India Standard Time))
&amp#27;[35m[Appium]&amp#27;[39m Appium v1.19.1 creating new AndroidUiautomator2Driver (v1.59.0) session
[debug] &amp#27;[35m[BaseDriver]&amp#27;[39m W3C capabilities and MJSONWP desired capabilities were provided
[debug] &amp#27;[35m[BaseDriver]&amp#27;[39m Creating session with W3C capabilities: {
[debug] &amp#27;[35m[BaseDriver]&amp#27;[39m   "alwaysMatch": {
[debug] &amp#27;[35m[BaseDriver]&amp#27;[39m     "platformName": "android",
[debug] &amp#27;[35m[BaseDriver]&amp#27;[39m     "appium:appActivity": "flipboard.activities.LaunchActivity",
[debug] &amp#27;[35m[BaseDriver]&amp#27;[39m     "appium:appPackage": "flipboard.app",
[debug] &amp#27;[35m[BaseDriver]&amp#27;[39m     "appium:automationName": "UIAutomator2",
[debug] &amp#27;[35m[BaseDriver]&amp#27;[39m     "appium:deviceName": "Nexus:5554",
[debug] &amp#27;[35m[BaseDriver]&amp#27;[39m     "appium:platformVersion": "9"
[debug] &amp#27;[35m[BaseDriver]&amp#27;[39m   },
[debug] &amp#27;[35m[BaseDriver]&amp#27;[39m   "firstMatch": [
[debug] &amp#27;[35m[BaseDriver]&amp#27;[39m     {}
[debug] &amp#27;[35m[BaseDriver]&amp#27;[39m   ]
[debug] &amp#27;[35m[BaseDriver]&amp#27;[39m }
&amp#27;[35m[BaseDriver]&amp#27;[39m Session created with session id: 6c027153-de14-4360-bf21-330fdfd2de91
&amp#27;[35m[UiAutomator2]&amp#27;[39m Starting 'flipboard.app' directly on the device
&amp#27;[35m[ADB]&amp#27;[39m Found 3 'build-tools' folders under '/Users/vini/Library/Android/sdk/' (newest first):
&amp#27;[35m[ADB]&amp#27;[39m     /Users/vini/Library/Android/sdk/build-tools/30.0.2
&amp#27;[35m[ADB]&amp#27;[39m     /Users/vini/Library/Android/sdk/build-tools/28.0.1
&amp#27;[35m[ADB]&amp#27;[39m     /Users/vini/Library/Android/sdk/build-tools/27.0.3
&amp#27;[35m[ADB]&amp#27;[39m Using 'adb' from '/Users/vini/Library/Android/sdk/platform-tools/adb'
[debug] &amp#27;[35m[ADB]&amp#27;[39m Running '/Users/vini/Library/Android/sdk/platform-tools/adb -P 5037 start-server'
&amp#27;[35m[AndroidDriver]&amp#27;[39m Retrieving device list
[debug] &amp#27;[35m[ADB]&amp#27;[39m Trying to find a connected android device
[debug] &amp#27;[35m[ADB]&amp#27;[39m Getting connected devices
[debug] &amp#27;[35m[ADB]&amp#27;[39m Connected devices: [{"udid":"emulator-5554","state":"device"}]
&amp#27;[35m[AndroidDriver]&amp#27;[39m Looking for a device with Android '9.0.0'
[debug] &amp#27;[35m[ADB]&amp#27;[39m Setting device id to emulator-5554
&amp#27;[35m[ADB]&amp#27;[39m Getting device platform version
[debug] &amp#27;[35m[ADB]&amp#27;[39m Running '/Users/vini/Library/Android/sdk/platform-tools/adb -P 5037 -s emulator-5554 shell getprop ro.build.version.release'
[debug] &amp#27;[35m[ADB]&amp#27;[39m Current device property 'ro.build.version.release': 9
&amp#27;[35m[AndroidDriver]&amp#27;[39m Using device: emulator-5554
&amp#27;[35m[ADB]&amp#27;[39m Using 'adb' from '/Users/vini/Library/Android/sdk/platform-tools/adb'
[debug] &amp#27;[35m[ADB]&amp#27;[39m Running '/Users/vini/Library/Android/sdk/platform-tools/adb -P 5037 start-server'
[debug] &amp#27;[35m[ADB]&amp#27;[39m Setting device id to emulator-5554
[debug] &amp#27;[35m[ADB]&amp#27;[39m Running '/Users/vini/Library/Android/sdk/platform-tools/adb -P 5037 -s emulator-5554 shell getprop ro.build.version.sdk'
[debug] &amp#27;[35m[ADB]&amp#27;[39m Current device property 'ro.build.version.sdk': 28
&amp#27;[35m[ADB]&amp#27;[39m Getting device platform version
[debug] &amp#27;[35m[ADB]&amp#27;[39m Running '/Users/vini/Library/Android/sdk/platform-tools/adb -P 5037 -s emulator-5554 shell getprop ro.build.version.release'
[debug] &amp#27;[35m[ADB]&amp#27;[39m Current device property 'ro.build.version.release': 9
[debug] &amp#27;[35m[ADB]&amp#27;[39m Device API level: 28
&amp#27;[35m[UiAutomator2]&amp#27;[39m Relaxing hidden api policy
[debug] &amp#27;[35m[ADB]&amp#27;[39m Running '/Users/vini/Library/Android/sdk/platform-tools/adb -P 5037 -s emulator-5554 shell 'settings put global hidden_api_policy_pre_p_apps 1;settings put global hidden_api_policy_p_apps 1;settings put global hidden_api_policy 1''
&amp#27;[35m[AndroidDriver]&amp#27;[39m No app sent in, not parsing package/activity
[debug] &amp#27;[35m[ADB]&amp#27;[39m Running '/Users/vini/Library/Android/sdk/platform-tools/adb -P 5037 -s emulator-5554 wait-for-device'
[debug] &amp#27;[35m[ADB]&amp#27;[39m Running '/Users/vini/Library/Android/sdk/platform-tools/adb -P 5037 -s emulator-5554 shell echo ping'
[debug] &amp#27;[35m[AndroidDriver]&amp#27;[39m Pushing settings apk to device...
[debug] &amp#27;[35m[ADB]&amp#27;[39m Getting install status for io.appium.settings
[debug] &amp#27;[35m[ADB]&amp#27;[39m Running '/Users/vini/Library/Android/sdk/platform-tools/adb -P 5037 -s emulator-5554 shell dumpsys package io.appium.settings'
[debug] &amp#27;[35m[ADB]&amp#27;[39m 'io.appium.settings' is installed
[debug] &amp#27;[35m[ADB]&amp#27;[39m Getting package info for 'io.appium.settings'
[debug] &amp#27;[35m[ADB]&amp#27;[39m Running '/Users/vini/Library/Android/sdk/platform-tools/adb -P 5037 -s emulator-5554 shell dumpsys package io.appium.settings'
[debug] &amp#27;[35m[ADB]&amp#27;[39m The version name of the installed 'io.appium.settings' is greater or equal to the application version name ('3.2.1' >= '3.2.1')
[debug] &amp#27;[35m[ADB]&amp#27;[39m There is no need to install/upgrade '/Applications/Appium.app/Contents/Resources/app/node_modules/appium/node_modules/io.appium.settings/apks/settings_apk-debug.apk'
[debug] &amp#27;[35m[ADB]&amp#27;[39m Getting IDs of all 'io.appium.settings' processes
[debug] &amp#27;[35m[ADB]&amp#27;[39m Running '/Users/vini/Library/Android/sdk/platform-tools/adb -P 5037 -s emulator-5554 shell 'pgrep --help; echo $?''
[debug] &amp#27;[35m[ADB]&amp#27;[39m Running '/Users/vini/Library/Android/sdk/platform-tools/adb -P 5037 -s emulator-5554 shell pgrep -f \(\[\[:blank:\]\]\|\^\)io\.appium\.settings\(\[\[:blank:\]\]\|\$\)'
[debug] &amp#27;[35m[AndroidDriver]&amp#27;[39m io.appium.settings is already running. There is no need to reset its permissions.
[debug] &amp#27;[35m[Logcat]&amp#27;[39m Starting logs capture with command: /Users/vini/Library/Android/sdk/platform-tools/adb -P 5037 -s emulator-5554 logcat -v threadtime
[debug] &amp#27;[35m[UiAutomator2]&amp#27;[39m Forwarding UiAutomator2 Server port 6790 to local port 8200
[debug] &amp#27;[35m[ADB]&amp#27;[39m Forwarding system: 8200 to device: 6790
[debug] &amp#27;[35m[ADB]&amp#27;[39m Running '/Users/vini/Library/Android/sdk/platform-tools/adb -P 5037 -s emulator-5554 forward tcp:8200 tcp:6790'
[debug] &amp#27;[35m[ADB]&amp#27;[39m Getting install status for io.appium.uiautomator2.server
[debug] &amp#27;[35m[ADB]&amp#27;[39m Running '/Users/vini/Library/Android/sdk/platform-tools/adb -P 5037 -s emulator-5554 shell dumpsys package io.appium.uiautomator2.server'
[debug] &amp#27;[35m[ADB]&amp#27;[39m 'io.appium.uiautomator2.server' is installed
[debug] &amp#27;[35m[ADB]&amp#27;[39m Getting package info for 'io.appium.uiautomator2.server'
[debug] &amp#27;[35m[ADB]&amp#27;[39m Running '/Users/vini/Library/Android/sdk/platform-tools/adb -P 5037 -s emulator-5554 shell dumpsys package io.appium.uiautomator2.server'
[debug] &amp#27;[35m[ADB]&amp#27;[39m The version name of the installed 'io.appium.uiautomator2.server' is greater or equal to the application version name ('4.15.0' >= '4.15.0')
[debug] &amp#27;[35m[UiAutomator2]&amp#27;[39m io.appium.uiautomator2.server installation state: sameVersionInstalled
[debug] &amp#27;[35m[ADB]&amp#27;[39m Checking app cert for /Applications/Appium.app/Contents/Resources/app/node_modules/appium/node_modules/appium-uiautomator2-server/apks/appium-uiautomator2-server-v4.15.0.apk
&amp#27;[35m[ADB]&amp#27;[39m Using 'apksigner.jar' from '/Users/vini/Library/Android/sdk/build-tools/30.0.2/lib/apksigner.jar'
[debug] &amp#27;[35m[ADB]&amp#27;[39m Starting apksigner: /Library/Java/JavaVirtualMachines/jdk1.8.0_181.jdk/Contents/Home/bin/java -Xmx1024M -Xss1m -jar /Users/vini/Library/Android/sdk/build-tools/30.0.2/lib/apksigner.jar verify --print-certs /Applications/Appium.app/Contents/Resources/app/node_modules/appium/node_modules/appium-uiautomator2-server/apks/appium-uiautomator2-server-v4.15.0.apk
[debug] &amp#27;[35m[ADB]&amp#27;[39m apksigner stdout: Signer #1 certificate DN: EMAILADDRESS=android@android.com, CN=Android, OU=Android, O=Android, L=Mountain View, ST=California, C=US
[debug] &amp#27;[35m[ADB]&amp#27;[39m Signer #1 certificate SHA-256 digest: a40da80a59d170caa950cf15c18c454d47a39b26989d8b640ecd745ba71bf5dc
[debug] &amp#27;[35m[ADB]&amp#27;[39m Signer #1 certificate SHA-1 digest: 61ed377e85d386a8dfee6b864bd85b0bfaa5af81
[debug] &amp#27;[35m[ADB]&amp#27;[39m Signer #1 certificate MD5 digest: e89b158e4bcf988ebd09eb83f5378e87
[debug] &amp#27;[35m[ADB]&amp#27;[39m 
[debug] &amp#27;[35m[ADB]&amp#27;[39m sha256 hash did match for 'appium-uiautomator2-server-v4.15.0.apk'
&amp#27;[35m[ADB]&amp#27;[39m '/Applications/Appium.app/Contents/Resources/app/node_modules/appium/node_modules/appium-uiautomator2-server/apks/appium-uiautomator2-server-v4.15.0.apk' is signed with the default certificate
[debug] &amp#27;[35m[ADB]&amp#27;[39m Getting install status for io.appium.uiautomator2.server.test
[debug] &amp#27;[35m[ADB]&amp#27;[39m Running '/Users/vini/Library/Android/sdk/platform-tools/adb -P 5037 -s emulator-5554 shell dumpsys package io.appium.uiautomator2.server.test'
[debug] &amp#27;[35m[ADB]&amp#27;[39m 'io.appium.uiautomator2.server.test' is installed
[debug] &amp#27;[35m[ADB]&amp#27;[39m Checking app cert for /Applications/Appium.app/Contents/Resources/app/node_modules/appium/node_modules/appium-uiautomator2-server/apks/appium-uiautomator2-server-debug-androidTest.apk
[debug] &amp#27;[35m[ADB]&amp#27;[39m Starting apksigner: /Library/Java/JavaVirtualMachines/jdk1.8.0_181.jdk/Contents/Home/bin/java -Xmx1024M -Xss1m -jar /Users/vini/Library/Android/sdk/build-tools/30.0.2/lib/apksigner.jar verify --print-certs /Applications/Appium.app/Contents/Resources/app/node_modules/appium/node_modules/appium-uiautomator2-server/apks/appium-uiautomator2-server-debug-androidTest.apk
[debug] &amp#27;[35m[ADB]&amp#27;[39m apksigner stdout: Signer #1 certificate DN: EMAILADDRESS=android@android.com, CN=Android, OU=Android, O=Android, L=Mountain View, ST=California, C=US
[debug] &amp#27;[35m[ADB]&amp#27;[39m Signer #1 certificate SHA-256 digest: a40da80a59d170caa950cf15c18c454d47a39b26989d8b640ecd745ba71bf5dc
[debug] &amp#27;[35m[ADB]&amp#27;[39m Signer #1 certificate SHA-1 digest: 61ed377e85d386a8dfee6b864bd85b0bfaa5af81
[debug] &amp#27;[35m[ADB]&amp#27;[39m Signer #1 certificate MD5 digest: e89b158e4bcf988ebd09eb83f5378e87
[debug] &amp#27;[35m[ADB]&amp#27;[39m 
[debug] &amp#27;[35m[ADB]&amp#27;[39m sha256 hash did match for 'appium-uiautomator2-server-debug-androidTest.apk'
&amp#27;[35m[ADB]&amp#27;[39m '/Applications/Appium.app/Contents/Resources/app/node_modules/appium/node_modules/appium-uiautomator2-server/apks/appium-uiautomator2-server-debug-androidTest.apk' is signed with the default certificate
&amp#27;[35m[UiAutomator2]&amp#27;[39m Server packages are not going to be (re)installed
[debug] &amp#27;[35m[UiAutomator2]&amp#27;[39m Waiting up to 30000ms for services to be available
[debug] &amp#27;[35m[ADB]&amp#27;[39m Running '/Users/vini/Library/Android/sdk/platform-tools/adb -P 5037 -s emulator-5554 shell pm list instrumentation'
[debug] &amp#27;[35m[UiAutomator2]&amp#27;[39m Instrumentation target 'io.appium.uiautomator2.server.test/androidx.test.runner.AndroidJUnitRunner' is available
[debug] &amp#27;[35m[UiAutomator2]&amp#27;[39m No app capability. Assuming it is already on the device
[debug] &amp#27;[35m[ADB]&amp#27;[39m Getting install status for flipboard.app
[debug] &amp#27;[35m[ADB]&amp#27;[39m Running '/Users/vini/Library/Android/sdk/platform-tools/adb -P 5037 -s emulator-5554 shell dumpsys package flipboard.app'
[debug] &amp#27;[35m[ADB]&amp#27;[39m 'flipboard.app' is installed
[debug] &amp#27;[35m[ADB]&amp#27;[39m Running '/Users/vini/Library/Android/sdk/platform-tools/adb -P 5037 -s emulator-5554 shell am force-stop flipboard.app'
[debug] &amp#27;[35m[ADB]&amp#27;[39m Running '/Users/vini/Library/Android/sdk/platform-tools/adb -P 5037 -s emulator-5554 shell pm clear flipboard.app'
[debug] &amp#27;[35m[AndroidDriver]&amp#27;[39m Performed fast reset on the installed 'flipboard.app' application (stop and clear)
[debug] &amp#27;[35m[UiAutomator2]&amp#27;[39m Performing shallow cleanup of automation leftovers
[debug] &amp#27;[35m[UiAutomator2]&amp#27;[39m No obsolete sessions have been detected (socket hang up)
[debug] &amp#27;[35m[ADB]&amp#27;[39m Running '/Users/vini/Library/Android/sdk/platform-tools/adb -P 5037 -s emulator-5554 shell am force-stop io.appium.uiautomator2.server.test'
&amp#27;[35m[UiAutomator2]&amp#27;[39m Starting UIAutomator2 server 4.15.0
&amp#27;[35m[UiAutomator2]&amp#27;[39m Using UIAutomator2 server from '/Applications/Appium.app/Contents/Resources/app/node_modules/appium/node_modules/appium-uiautomator2-server/apks/appium-uiautomator2-server-v4.15.0.apk' and test from '/Applications/Appium.app/Contents/Resources/app/node_modules/appium/node_modules/appium-uiautomator2-server/apks/appium-uiautomator2-server-debug-androidTest.apk'
&amp#27;[35m[UiAutomator2]&amp#27;[39m Waiting up to 30000ms for UiAutomator2 to be online...
[debug] &amp#27;[35m[ADB]&amp#27;[39m Creating ADB subprocess with args: ["-P",5037,"-s","emulator-5554","shell","am","instrument","-w","io.appium.uiautomator2.server.test/androidx.test.runner.AndroidJUnitRunner"]
[debug] &amp#27;[35m[WD Proxy]&amp#27;[39m Matched '/status' to command name 'getStatus'
[debug] &amp#27;[35m[WD Proxy]&amp#27;[39m Proxying [GET /status] to [GET http://127.0.0.1:8200/wd/hub/status] with no body
&amp#27;[35m[WD Proxy]&amp#27;[39m socket hang up
[debug] &amp#27;[35m[Instrumentation]&amp#27;[39m io.appium.uiautomator2.server.test.AppiumUiAutomator2Server:
[debug] &amp#27;[35m[WD Proxy]&amp#27;[39m Matched '/status' to command name 'getStatus'
[debug] &amp#27;[35m[WD Proxy]&amp#27;[39m Proxying [GET /status] to [GET http://127.0.0.1:8200/wd/hub/status] with no body
&amp#27;[35m[WD Proxy]&amp#27;[39m socket hang up
[debug] &amp#27;[35m[WD Proxy]&amp#27;[39m Matched '/status' to command name 'getStatus'
[debug] &amp#27;[35m[WD Proxy]&amp#27;[39m Proxying [GET /status] to [GET http://127.0.0.1:8200/wd/hub/status] with no body
[debug] &amp#27;[35m[WD Proxy]&amp#27;[39m Got response with status 200: {"sessionId":"None","value":{"message":"UiAutomator2 Server is ready to accept commands","ready":true}}
[debug] &amp#27;[35m[UiAutomator2]&amp#27;[39m The initialization of the instrumentation process took 3239ms
[debug] &amp#27;[35m[WD Proxy]&amp#27;[39m Matched '/session' to command name 'createSession'
[debug] &amp#27;[35m[WD Proxy]&amp#27;[39m Proxying [POST /session] to [POST http://127.0.0.1:8200/wd/hub/session] with body: {"capabilities":{"firstMatch":[{"platform":"LINUX","webStorageEnabled":false,"takesScreenshot":true,"javascriptEnabled":true,"databaseEnabled":false,"networkConnectionEnabled":true,"locationContextEnabled":false,"warnings":{},"desired":{"platformName":"android","appActivity":"flipboard.activities.LaunchActivity","appPackage":"flipboard.app","automationName":"UIAutomator2","deviceName":"Nexus:5554","platformVersion":"9"},"platformName":"android","appActivity":"flipboard.activities.LaunchActivity","appPackage":"flipboard.app","automationName":"UIAutomator2","deviceName":"emulator-5554","platformVersion":"9","deviceUDID":"emulator-5554"}],"alwaysMatch":{}}}
[debug] &amp#27;[35m[WD Proxy]&amp#27;[39m Got response with status 200: {"sessionId":"b01b9567-541d-483f-ac26-a8bce9d5c12b","value":{"capabilities":{"firstMatch":[{"platform":"LINUX","webStorageEnabled":false,"takesScreenshot":true,"javascriptEnabled":true,"databaseEnabled":false,"networkConnectionEnabled":true,"locationContextEnabled":false,"warnings":{},"desired":{"platformName":"android","appActivity":"flipboard.activities.LaunchActivity","appPackage":"flipboard.app","automationName":"UIAutomator2","deviceName":"Nexus:5554","platformVersion":"9"},"platformName":"android","appActivity":"flipboard.activities.LaunchActivity","appPackage":"flipboard.app","automationName":"UIAutomator2","deviceName":"emulator-5554","platformVersion":"9","deviceUDID":"emulator-5554"}],"alwaysMatch":{}},"sessionId":"b01b9567-541d-483f-ac26-a8bce9d5c12b"}}
&amp#27;[35m[WD Proxy]&amp#27;[39m Determined the downstream protocol as 'W3C'
[debug] &amp#27;[35m[WD Proxy]&amp#27;[39m Proxying [GET /appium/device/info] to [GET http://127.0.0.1:8200/wd/hub/session/b01b9567-541d-483f-ac26-a8bce9d5c12b/appium/device/info] with no body
[debug] &amp#27;[35m[WD Proxy]&amp#27;[39m Got response with status 200: {"sessionId":"b01b9567-541d-483f-ac26-a8bce9d5c12b","value":{"androidId":"b21e6ec596b895fc","apiVersion":"28","bluetooth":null,"brand":"google","carrierName":"Android","displayDensity":240,"locale":"en_US","manufacturer":"Google","model":"Android SDK built for x86","networks":[{"capabilities":{"SSID":null,"linkDownBandwidthKbps":1048576,"linkUpstreamBandwidthKbps":1048576,"networkCapabilities":"NET_CAPABILITY_NOT_METERED,NET_CAPABILITY_INTERNET,NET_CAPABILITY_NOT_RESTRICTED,NET_CAPABILITY_TRUSTED,NET_CAPABILITY_NOT_VPN,NET_CAPABILITY_VALIDATED,NET_CAPABILITY_NOT_ROAMING,NET_CAPABILITY_FOREGROUND,NET_CAPABILITY_NOT_CONGESTED,NET_CAPABILITY_NOT_SUSPENDED","signalStrength":-50,"transportTypes":"TRANSPORT_WIFI"},"detailedState":"CONNECTED","extraInfo":null,"isAvailable":true,"isConnected":true,"isFailover":false,"isRoaming":false,"state":"CONNECTED","subtype":0,"subtypeName":"","type":1,"typeName":"WIFI"},{"capabilities":{"SSID":null,"linkDownBandwidthKbps":102400,"linkUpstreamBandwidthKbps":51200,"networkCapa...
[debug] &amp#27;[35m[ADB]&amp#27;[39m Running '/Users/vini/Library/Android/sdk/platform-tools/adb -P 5037 -s emulator-5554 shell dumpsys window'
&amp#27;[35m[AndroidDriver]&amp#27;[39m Screen already unlocked, doing nothing
&amp#27;[35m[UiAutomator2]&amp#27;[39m Starting 'flipboard.app/flipboard.activities.LaunchActivity and waiting for 'flipboard.app/flipboard.activities.LaunchActivity'
[debug] &amp#27;[35m[ADB]&amp#27;[39m Running '/Users/vini/Library/Android/sdk/platform-tools/adb -P 5037 -s emulator-5554 shell am start -W -n flipboard.app/flipboard.activities.LaunchActivity -S -a android.intent.action.MAIN -c android.intent.category.LAUNCHER -f 0x10200000'
[debug] &amp#27;[35m[WD Proxy]&amp#27;[39m Proxying [GET /appium/device/pixel_ratio] to [GET http://127.0.0.1:8200/wd/hub/session/b01b9567-541d-483f-ac26-a8bce9d5c12b/appium/device/pixel_ratio] with no body
[debug] &amp#27;[35m[WD Proxy]&amp#27;[39m Got response with status 200: {"sessionId":"b01b9567-541d-483f-ac26-a8bce9d5c12b","value":1.5}
[debug] &amp#27;[35m[WD Proxy]&amp#27;[39m Matched '/appium/device/system_bars' to command name 'getSystemBars'
[debug] &amp#27;[35m[WD Proxy]&amp#27;[39m Proxying [GET /appium/device/system_bars] to [GET http://127.0.0.1:8200/wd/hub/session/b01b9567-541d-483f-ac26-a8bce9d5c12b/appium/device/system_bars] with no body
[debug] &amp#27;[35m[WD Proxy]&amp#27;[39m Got response with status 200: {"sessionId":"b01b9567-541d-483f-ac26-a8bce9d5c12b","value":{"statusBar":36}}
[debug] &amp#27;[35m[WD Proxy]&amp#27;[39m Matched '/window/current/size' to command name 'getWindowSize'
[debug] &amp#27;[35m[WD Proxy]&amp#27;[39m Proxying [GET /window/current/size] to [GET http://127.0.0.1:8200/wd/hub/session/b01b9567-541d-483f-ac26-a8bce9d5c12b/window/current/size] with no body
[debug] &amp#27;[35m[WD Proxy]&amp#27;[39m Got response with status 200: {"sessionId":"b01b9567-541d-483f-ac26-a8bce9d5c12b","value":{"height":800,"width":480}}
&amp#27;[35m[Appium]&amp#27;[39m New AndroidUiautomator2Driver session created successfully, session 6c027153-de14-4360-bf21-330fdfd2de91 added to master session list
[debug] &amp#27;[35m[BaseDriver]&amp#27;[39m Event 'newSessionStarted' logged at 1650695290331 (11:58:10 GMT+0530 (India Standard Time))
[debug] &amp#27;[35m[W3C (6c027153)]&amp#27;[39m Cached the protocol value 'W3C' for the new session 6c027153-de14-4360-bf21-330fdfd2de91
[debug] &amp#27;[35m[W3C (6c027153)]&amp#27;[39m Responding to client with driver.createSession() result: {"capabilities":{"platform":"LINUX","webStorageEnabled":false,"takesScreenshot":true,"javascriptEnabled":true,"databaseEnabled":false,"networkConnectionEnabled":true,"locationContextEnabled":false,"warnings":{},"desired":{"platformName":"android","appActivity":"flipboard.activities.LaunchActivity","appPackage":"flipboard.app","automationName":"UIAutomator2","deviceName":"Nexus:5554","platformVersion":"9"},"platformName":"android","appActivity":"flipboard.activities.LaunchActivity","appPackage":"flipboard.app","automationName":"UIAutomator2","deviceName":"emulator-5554","platformVersion":"9","deviceUDID":"emulator-5554","deviceApiLevel":28,"deviceScreenSize":"480x800","deviceScreenDensity":240,"deviceModel":"Android SDK built for x86","deviceManufacturer":"Google","pixelRatio":1.5,"statBarHeight":36,"viewportRect":{"left":0,"top":36,"width":480,"height":764}}}
&amp#27;[35m[HTTP]&amp#27;[39m &amp#27;[37m<-- POST /wd/hub/session &amp#27;[39m&amp#27;[32m200&amp#27;[39m &amp#27;[90m14379 ms - 932&amp#27;[39m
&amp#27;[35m[HTTP]&amp#27;[39m &amp#27;[90m&amp#27;[39m
&amp#27;[35m[HTTP]&amp#27;[39m &amp#27;[37m-->&amp#27;[39m &amp#27;[37mGET&amp#27;[39m &amp#27;[37m/wd/hub/session/6c027153-de14-4360-bf21-330fdfd2de91&amp#27;[39m
&amp#27;[35m[HTTP]&amp#27;[39m &amp#27;[90m{}&amp#27;[39m
[debug] &amp#27;[35m[W3C (6c027153)]&amp#27;[39m Calling AppiumDriver.getSession() with args: ["6c027153-de14-4360-bf21-330fdfd2de91"]
[debug] &amp#27;[35m[UiAutomator2]&amp#27;[39m Getting session details from server to mix in
[debug] &amp#27;[35m[WD Proxy]&amp#27;[39m Matched '/' to command name 'getSession'
[debug] &amp#27;[35m[WD Proxy]&amp#27;[39m Proxying [GET /] to [GET http://127.0.0.1:8200/wd/hub/session/b01b9567-541d-483f-ac26-a8bce9d5c12b] with no body
[debug] &amp#27;[35m[WD Proxy]&amp#27;[39m Got response with status 200: {"sessionId":"b01b9567-541d-483f-ac26-a8bce9d5c12b","value":{"lastScrollData":null}}
[debug] &amp#27;[35m[W3C (6c027153)]&amp#27;[39m Responding to client with driver.getSession() result: {"platform":"LINUX","webStorageEnabled":false,"takesScreenshot":true,"javascriptEnabled":true,"databaseEnabled":false,"networkConnectionEnabled":true,"locationContextEnabled":false,"warnings":{},"desired":{"platformName":"android","appActivity":"flipboard.activities.LaunchActivity","appPackage":"flipboard.app","automationName":"UIAutomator2","deviceName":"Nexus:5554","platformVersion":"9"},"platformName":"android","appActivity":"flipboard.activities.LaunchActivity","appPackage":"flipboard.app","automationName":"UIAutomator2","deviceName":"emulator-5554","platformVersion":"9","deviceUDID":"emulator-5554","deviceApiLevel":28,"deviceScreenSize":"480x800","deviceScreenDensity":240,"deviceModel":"Android SDK built for x86","deviceManufacturer":"Google","pixelRatio":1.5,"statBarHeight":36,"viewportRect":{"left":0,"top":36,"width":480,"height":764},"lastScrollData":null}
&amp#27;[35m[HTTP]&amp#27;[39m &amp#27;[37m<-- GET /wd/hub/session/6c027153-de14-4360-bf21-330fdfd2de91 &amp#27;[39m&amp#27;[32m200&amp#27;[39m &amp#27;[90m116 ms - 886&amp#27;[39m
&amp#27;[35m[HTTP]&amp#27;[39m &amp#27;[90m&amp#27;[39m
&amp#27;[35m[HTTP]&amp#27;[39m &amp#27;[37m-->&amp#27;[39m &amp#27;[37mGET&amp#27;[39m &amp#27;[37m/wd/hub/session/6c027153-de14-4360-bf21-330fdfd2de91&amp#27;[39m
&amp#27;[35m[HTTP]&amp#27;[39m &amp#27;[90m{}&amp#27;[39m
[debug] &amp#27;[35m[W3C (6c027153)]&amp#27;[39m Calling AppiumDriver.getSession() with args: ["6c027153-de14-4360-bf21-330fdfd2de91"]
[debug] &amp#27;[35m[UiAutomator2]&amp#27;[39m Getting session details from server to mix in
[debug] &amp#27;[35m[WD Proxy]&amp#27;[39m Matched '/' to command name 'getSession'
[debug] &amp#27;[35m[WD Proxy]&amp#27;[39m Proxying [GET /] to [GET http://127.0.0.1:8200/wd/hub/session/b01b9567-541d-483f-ac26-a8bce9d5c12b] with no body
[debug] &amp#27;[35m[WD Proxy]&amp#27;[39m Got response with status 200: {"sessionId":"b01b9567-541d-483f-ac26-a8bce9d5c12b","value":{"lastScrollData":null}}
[debug] &amp#27;[35m[W3C (6c027153)]&amp#27;[39m Responding to client with driver.getSession() result: {"platform":"LINUX","webStorageEnabled":false,"takesScreenshot":true,"javascriptEnabled":true,"databaseEnabled":false,"networkConnectionEnabled":true,"locationContextEnabled":false,"warnings":{},"desired":{"platformName":"android","appActivity":"flipboard.activities.LaunchActivity","appPackage":"flipboard.app","automationName":"UIAutomator2","deviceName":"Nexus:5554","platformVersion":"9"},"platformName":"android","appActivity":"flipboard.activities.LaunchActivity","appPackage":"flipboard.app","automationName":"UIAutomator2","deviceName":"emulator-5554","platformVersion":"9","deviceUDID":"emulator-5554","deviceApiLevel":28,"deviceScreenSize":"480x800","deviceScreenDensity":240,"deviceModel":"Android SDK built for x86","deviceManufacturer":"Google","pixelRatio":1.5,"statBarHeight":36,"viewportRect":{"left":0,"top":36,"width":480,"height":764},"lastScrollData":null}
&amp#27;[35m[HTTP]&amp#27;[39m &amp#27;[37m<-- GET /wd/hub/session/6c027153-de14-4360-bf21-330fdfd2de91 &amp#27;[39m&amp#27;[32m200&amp#27;[39m &amp#27;[90m194 ms - 886&amp#27;[39m
&amp#27;[35m[HTTP]&amp#27;[39m &amp#27;[90m&amp#27;[39m
&amp#27;[35m[HTTP]&amp#27;[39m &amp#27;[37m-->&amp#27;[39m &amp#27;[37mPOST&amp#27;[39m &amp#27;[37m/wd/hub/session/6c027153-de14-4360-bf21-330fdfd2de91/timeouts&amp#27;[39m
&amp#27;[35m[HTTP]&amp#27;[39m &amp#27;[90m{"implicit":10}&amp#27;[39m
[debug] &amp#27;[35m[W3C (6c027153)]&amp#27;[39m Calling AppiumDriver.timeouts() with args: [null,null,null,null,10,"6c027153-de14-4360-bf21-330fdfd2de91"]
[debug] &amp#27;[35m[BaseDriver]&amp#27;[39m W3C timeout argument: {"implicit":10}}
[debug] &amp#27;[35m[BaseDriver]&amp#27;[39m Set implicit wait to 10ms
[debug] &amp#27;[35m[W3C (6c027153)]&amp#27;[39m Responding to client with driver.timeouts() result: null
&amp#27;[35m[HTTP]&amp#27;[39m &amp#27;[37m<-- POST /wd/hub/session/6c027153-de14-4360-bf21-330fdfd2de91/timeouts &amp#27;[39m&amp#27;[32m200&amp#27;[39m &amp#27;[90m59 ms - 14&amp#27;[39m
&amp#27;[35m[HTTP]&amp#27;[39m &amp#27;[90m&amp#27;[39m
&amp#27;[35m[HTTP]&amp#27;[39m &amp#27;[37m-->&amp#27;[39m &amp#27;[37mGET&amp#27;[39m &amp#27;[37m/wd/hub/session/6c027153-de14-4360-bf21-330fdfd2de91&amp#27;[39m
&amp#27;[35m[HTTP]&amp#27;[39m &amp#27;[90m{}&amp#27;[39m
[debug] &amp#27;[35m[W3C (6c027153)]&amp#27;[39m Calling AppiumDriver.getSession() with args: ["6c027153-de14-4360-bf21-330fdfd2de91"]
[debug] &amp#27;[35m[UiAutomator2]&amp#27;[39m Getting session details from server to mix in
[debug] &amp#27;[35m[WD Proxy]&amp#27;[39m Matched '/' to command name 'getSession'
[debug] &amp#27;[35m[WD Proxy]&amp#27;[39m Proxying [GET /] to [GET http://127.0.0.1:8200/wd/hub/session/b01b9567-541d-483f-ac26-a8bce9d5c12b] with no body
[debug] &amp#27;[35m[WD Proxy]&amp#27;[39m Got response with status 200: {"sessionId":"b01b9567-541d-483f-ac26-a8bce9d5c12b","value":{"lastScrollData":null}}
[debug] &amp#27;[35m[W3C (6c027153)]&amp#27;[39m Responding to client with driver.getSession() result: {"platform":"LINUX","webStorageEnabled":false,"takesScreenshot":true,"javascriptEnabled":true,"databaseEnabled":false,"networkConnectionEnabled":true,"locationContextEnabled":false,"warnings":{},"desired":{"platformName":"android","appActivity":"flipboard.activities.LaunchActivity","appPackage":"flipboard.app","automationName":"UIAutomator2","deviceName":"Nexus:5554","platformVersion":"9"},"platformName":"android","appActivity":"flipboard.activities.LaunchActivity","appPackage":"flipboard.app","automationName":"UIAutomator2","deviceName":"emulator-5554","platformVersion":"9","deviceUDID":"emulator-5554","deviceApiLevel":28,"deviceScreenSize":"480x800","deviceScreenDensity":240,"deviceModel":"Android SDK built for x86","deviceManufacturer":"Google","pixelRatio":1.5,"statBarHeight":36,"viewportRect":{"left":0,"top":36,"width":480,"height":764},"lastScrollData":null}
&amp#27;[35m[HTTP]&amp#27;[39m &amp#27;[37m<-- GET /wd/hub/session/6c027153-de14-4360-bf21-330fdfd2de91 &amp#27;[39m&amp#27;[32m200&amp#27;[39m &amp#27;[90m136 ms - 886&amp#27;[39m
&amp#27;[35m[HTTP]&amp#27;[39m &amp#27;[90m&amp#27;[39m
&amp#27;[35m[HTTP]&amp#27;[39m &amp#27;[37m-->&amp#27;[39m &amp#27;[37mGET&amp#27;[39m &amp#27;[37m/wd/hub/session/6c027153-de14-4360-bf21-330fdfd2de91&amp#27;[39m
&amp#27;[35m[HTTP]&amp#27;[39m &amp#27;[90m{}&amp#27;[39m
[debug] &amp#27;[35m[W3C (6c027153)]&amp#27;[39m Calling AppiumDriver.getSession() with args: ["6c027153-de14-4360-bf21-330fdfd2de91"]
[debug] &amp#27;[35m[UiAutomator2]&amp#27;[39m Getting session details from server to mix in
[debug] &amp#27;[35m[WD Proxy]&amp#27;[39m Matched '/' to command name 'getSession'
[debug] &amp#27;[35m[WD Proxy]&amp#27;[39m Proxying [GET /] to [GET http://127.0.0.1:8200/wd/hub/session/b01b9567-541d-483f-ac26-a8bce9d5c12b] with no body
[debug] &amp#27;[35m[WD Proxy]&amp#27;[39m Got response with status 200: {"sessionId":"b01b9567-541d-483f-ac26-a8bce9d5c12b","value":{"lastScrollData":null}}
[debug] &amp#27;[35m[W3C (6c027153)]&amp#27;[39m Responding to client with driver.getSession() result: {"platform":"LINUX","webStorageEnabled":false,"takesScreenshot":true,"javascriptEnabled":true,"databaseEnabled":false,"networkConnectionEnabled":true,"locationContextEnabled":false,"warnings":{},"desired":{"platformName":"android","appActivity":"flipboard.activities.LaunchActivity","appPackage":"flipboard.app","automationName":"UIAutomator2","deviceName":"Nexus:5554","platformVersion":"9"},"platformName":"android","appActivity":"flipboard.activities.LaunchActivity","appPackage":"flipboard.app","automationName":"UIAutomator2","deviceName":"emulator-5554","platformVersion":"9","deviceUDID":"emulator-5554","deviceApiLevel":28,"deviceScreenSize":"480x800","deviceScreenDensity":240,"deviceModel":"Android SDK built for x86","deviceManufacturer":"Google","pixelRatio":1.5,"statBarHeight":36,"viewportRect":{"left":0,"top":36,"width":480,"height":764},"lastScrollData":null}
&amp#27;[35m[HTTP]&amp#27;[39m &amp#27;[37m<-- GET /wd/hub/session/6c027153-de14-4360-bf21-330fdfd2de91 &amp#27;[39m&amp#27;[32m200&amp#27;[39m &amp#27;[90m66 ms - 886&amp#27;[39m
&amp#27;[35m[HTTP]&amp#27;[39m &amp#27;[90m&amp#27;[39m
&amp#27;[35m[HTTP]&amp#27;[39m &amp#27;[37m-->&amp#27;[39m &amp#27;[37mGET&amp#27;[39m &amp#27;[37m/wd/hub/session/6c027153-de14-4360-bf21-330fdfd2de91&amp#27;[39m
&amp#27;[35m[HTTP]&amp#27;[39m &amp#27;[90m{}&amp#27;[39m
[debug] &amp#27;[35m[W3C (6c027153)]&amp#27;[39m Calling AppiumDriver.getSession() with args: ["6c027153-de14-4360-bf21-330fdfd2de91"]
[debug] &amp#27;[35m[UiAutomator2]&amp#27;[39m Getting session details from server to mix in
[debug] &amp#27;[35m[WD Proxy]&amp#27;[39m Matched '/' to command name 'getSession'
[debug] &amp#27;[35m[WD Proxy]&amp#27;[39m Proxying [GET /] to [GET http://127.0.0.1:8200/wd/hub/session/b01b9567-541d-483f-ac26-a8bce9d5c12b] with no body
[debug] &amp#27;[35m[WD Proxy]&amp#27;[39m Got response with status 200: {"sessionId":"b01b9567-541d-483f-ac26-a8bce9d5c12b","value":{"lastScrollData":null}}
[debug] &amp#27;[35m[W3C (6c027153)]&amp#27;[39m Responding to client with driver.getSession() result: {"platform":"LINUX","webStorageEnabled":false,"takesScreenshot":true,"javascriptEnabled":true,"databaseEnabled":false,"networkConnectionEnabled":true,"locationContextEnabled":false,"warnings":{},"desired":{"platformName":"android","appActivity":"flipboard.activities.LaunchActivity","appPackage":"flipboard.app","automationName":"UIAutomator2","deviceName":"Nexus:5554","platformVersion":"9"},"platformName":"android","appActivity":"flipboard.activities.LaunchActivity","appPackage":"flipboard.app","automationName":"UIAutomator2","deviceName":"emulator-5554","platformVersion":"9","deviceUDID":"emulator-5554","deviceApiLevel":28,"deviceScreenSize":"480x800","deviceScreenDensity":240,"deviceModel":"Android SDK built for x86","deviceManufacturer":"Google","pixelRatio":1.5,"statBarHeight":36,"viewportRect":{"left":0,"top":36,"width":480,"height":764},"lastScrollData":null}
&amp#27;[35m[HTTP]&amp#27;[39m &amp#27;[37m<-- GET /wd/hub/session/6c027153-de14-4360-bf21-330fdfd2de91 &amp#27;[39m&amp#27;[32m200&amp#27;[39m &amp#27;[90m102 ms - 886&amp#27;[39m
&amp#27;[35m[HTTP]&amp#27;[39m &amp#27;[90m&amp#27;[39m
&amp#27;[35m[HTTP]&amp#27;[39m &amp#27;[37m-->&amp#27;[39m &amp#27;[37mPOST&amp#27;[39m &amp#27;[37m/wd/hub/session/6c027153-de14-4360-bf21-330fdfd2de91/element&amp#27;[39m
&amp#27;[35m[HTTP]&amp#27;[39m &amp#27;[90m{"using":"id","value":"flipboard.app:id/icon_button_text"}&amp#27;[39m
[debug] &amp#27;[35m[W3C (6c027153)]&amp#27;[39m Calling AppiumDriver.findElement() with args: ["id","flipboard.app:id/icon_button_text","6c027153-de14-4360-bf21-330fdfd2de91"]
[debug] &amp#27;[35m[BaseDriver]&amp#27;[39m Valid locator strategies for this request: xpath, id, class name, accessibility id, css selector, -android uiautomator
[debug] &amp#27;[35m[BaseDriver]&amp#27;[39m Waiting up to 10 ms for condition
[debug] &amp#27;[35m[WD Proxy]&amp#27;[39m Matched '/element' to command name 'findElement'
[debug] &amp#27;[35m[WD Proxy]&amp#27;[39m Proxying [POST /element] to [POST http://127.0.0.1:8200/wd/hub/session/b01b9567-541d-483f-ac26-a8bce9d5c12b/element] with body: {"strategy":"id","selector":"flipboard.app:id/icon_button_text","context":"","multiple":false}
[debug] &amp#27;[35m[WD Proxy]&amp#27;[39m Got response with status 200: {"sessionId":"b01b9567-541d-483f-ac26-a8bce9d5c12b","value":{"ELEMENT":"65749473-0d5f-42c1-be34-74ccaf6dbae5","element-6066-11e4-a52e-4f735466cecf":"65749473-0d5f-42c1-be34-74ccaf6dbae5"}}
[debug] &amp#27;[35m[W3C (6c027153)]&amp#27;[39m Responding to client with driver.findElement() result: {"element-6066-11e4-a52e-4f735466cecf":"65749473-0d5f-42c1-be34-74ccaf6dbae5","ELEMENT":"65749473-0d5f-42c1-be34-74ccaf6dbae5"}
&amp#27;[35m[HTTP]&amp#27;[39m &amp#27;[37m<-- POST /wd/hub/session/6c027153-de14-4360-bf21-330fdfd2de91/element &amp#27;[39m&amp#27;[32m200&amp#27;[39m &amp#27;[90m959 ms - 137&amp#27;[39m
&amp#27;[35m[HTTP]&amp#27;[39m &amp#27;[90m&amp#27;[39m
&amp#27;[35m[HTTP]&amp#27;[39m &amp#27;[37m-->&amp#27;[39m &amp#27;[37mPOST&amp#27;[39m &amp#27;[37m/wd/hub/session/6c027153-de14-4360-bf21-330fdfd2de91/element/65749473-0d5f-42c1-be34-74ccaf6dbae5/click&amp#27;[39m
&amp#27;[35m[HTTP]&amp#27;[39m &amp#27;[90m{"id":"65749473-0d5f-42c1-be34-74ccaf6dbae5"}&amp#27;[39m
[debug] &amp#27;[35m[W3C (6c027153)]&amp#27;[39m Calling AppiumDriver.click() with args: ["65749473-0d5f-42c1-be34-74ccaf6dbae5","6c027153-de14-4360-bf21-330fdfd2de91"]
[debug] &amp#27;[35m[WD Proxy]&amp#27;[39m Matched '/element/65749473-0d5f-42c1-be34-74ccaf6dbae5/click' to command name 'click'
[debug] &amp#27;[35m[WD Proxy]&amp#27;[39m Proxying [POST /element/65749473-0d5f-42c1-be34-74ccaf6dbae5/click] to [POST http://127.0.0.1:8200/wd/hub/session/b01b9567-541d-483f-ac26-a8bce9d5c12b/element/65749473-0d5f-42c1-be34-74ccaf6dbae5/click] with body: {"element":"65749473-0d5f-42c1-be34-74ccaf6dbae5"}
[debug] &amp#27;[35m[WD Proxy]&amp#27;[39m Got response with status 200: {"sessionId":"b01b9567-541d-483f-ac26-a8bce9d5c12b","value":null}
[debug] &amp#27;[35m[W3C (6c027153)]&amp#27;[39m Responding to client with driver.click() result: null
&amp#27;[35m[HTTP]&amp#27;[39m &amp#27;[37m<-- POST /wd/hub/session/6c027153-de14-4360-bf21-330fdfd2de91/element/65749473-0d5f-42c1-be34-74ccaf6dbae5/click &amp#27;[39m&amp#27;[32m200&amp#27;[39m &amp#27;[90m454 ms - 14&amp#27;[39m
&amp#27;[35m[HTTP]&amp#27;[39m &amp#27;[90m&amp#27;[39m
&amp#27;[35m[HTTP]&amp#27;[39m &amp#27;[37m-->&amp#27;[39m &amp#27;[37mGET&amp#27;[39m &amp#27;[37m/wd/hub/session/6c027153-de14-4360-bf21-330fdfd2de91&amp#27;[39m
&amp#27;[35m[HTTP]&amp#27;[39m &amp#27;[90m{}&amp#27;[39m
[debug] &amp#27;[35m[W3C (6c027153)]&amp#27;[39m Calling AppiumDriver.getSession() with args: ["6c027153-de14-4360-bf21-330fdfd2de91"]
[debug] &amp#27;[35m[UiAutomator2]&amp#27;[39m Getting session details from server to mix in
[debug] &amp#27;[35m[WD Proxy]&amp#27;[39m Matched '/' to command name 'getSession'
[debug] &amp#27;[35m[WD Proxy]&amp#27;[39m Proxying [GET /] to [GET http://127.0.0.1:8200/wd/hub/session/b01b9567-541d-483f-ac26-a8bce9d5c12b] with no body
[debug] &amp#27;[35m[WD Proxy]&amp#27;[39m Got response with status 200: {"sessionId":"b01b9567-541d-483f-ac26-a8bce9d5c12b","value":{"lastScrollData":null}}
[debug] &amp#27;[35m[W3C (6c027153)]&amp#27;[39m Responding to client with driver.getSession() result: {"platform":"LINUX","webStorageEnabled":false,"takesScreenshot":true,"javascriptEnabled":true,"databaseEnabled":false,"networkConnectionEnabled":true,"locationContextEnabled":false,"warnings":{},"desired":{"platformName":"android","appActivity":"flipboard.activities.LaunchActivity","appPackage":"flipboard.app","automationName":"UIAutomator2","deviceName":"Nexus:5554","platformVersion":"9"},"platformName":"android","appActivity":"flipboard.activities.LaunchActivity","appPackage":"flipboard.app","automationName":"UIAutomator2","deviceName":"emulator-5554","platformVersion":"9","deviceUDID":"emulator-5554","deviceApiLevel":28,"deviceScreenSize":"480x800","deviceScreenDensity":240,"deviceModel":"Android SDK built for x86","deviceManufacturer":"Google","pixelRatio":1.5,"statBarHeight":36,"viewportRect":{"left":0,"top":36,"width":480,"height":764},"lastScrollData":null}
&amp#27;[35m[HTTP]&amp#27;[39m &amp#27;[37m<-- GET /wd/hub/session/6c027153-de14-4360-bf21-330fdfd2de91 &amp#27;[39m&amp#27;[32m200&amp#27;[39m &amp#27;[90m68 ms - 886&amp#27;[39m
&amp#27;[35m[HTTP]&amp#27;[39m &amp#27;[90m&amp#27;[39m
&amp#27;[35m[HTTP]&amp#27;[39m &amp#27;[37m-->&amp#27;[39m &amp#27;[37mGET&amp#27;[39m &amp#27;[37m/wd/hub/session/6c027153-de14-4360-bf21-330fdfd2de91&amp#27;[39m
&amp#27;[35m[HTTP]&amp#27;[39m &amp#27;[90m{}&amp#27;[39m
[debug] &amp#27;[35m[W3C (6c027153)]&amp#27;[39m Calling AppiumDriver.getSession() with args: ["6c027153-de14-4360-bf21-330fdfd2de91"]
[debug] &amp#27;[35m[UiAutomator2]&amp#27;[39m Getting session details from server to mix in
[debug] &amp#27;[35m[WD Proxy]&amp#27;[39m Matched '/' to command name 'getSession'
[debug] &amp#27;[35m[WD Proxy]&amp#27;[39m Proxying [GET /] to [GET http://127.0.0.1:8200/wd/hub/session/b01b9567-541d-483f-ac26-a8bce9d5c12b] with no body
[debug] &amp#27;[35m[WD Proxy]&amp#27;[39m Got response with status 200: {"sessionId":"b01b9567-541d-483f-ac26-a8bce9d5c12b","value":{"lastScrollData":null}}
[debug] &amp#27;[35m[W3C (6c027153)]&amp#27;[39m Responding to client with driver.getSession() result: {"platform":"LINUX","webStorageEnabled":false,"takesScreenshot":true,"javascriptEnabled":true,"databaseEnabled":false,"networkConnectionEnabled":true,"locationContextEnabled":false,"warnings":{},"desired":{"platformName":"android","appActivity":"flipboard.activities.LaunchActivity","appPackage":"flipboard.app","automationName":"UIAutomator2","deviceName":"Nexus:5554","platformVersion":"9"},"platformName":"android","appActivity":"flipboard.activities.LaunchActivity","appPackage":"flipboard.app","automationName":"UIAutomator2","deviceName":"emulator-5554","platformVersion":"9","deviceUDID":"emulator-5554","deviceApiLevel":28,"deviceScreenSize":"480x800","deviceScreenDensity":240,"deviceModel":"Android SDK built for x86","deviceManufacturer":"Google","pixelRatio":1.5,"statBarHeight":36,"viewportRect":{"left":0,"top":36,"width":480,"height":764},"lastScrollData":null}
&amp#27;[35m[HTTP]&amp#27;[39m &amp#27;[37m<-- GET /wd/hub/session/6c027153-de14-4360-bf21-330fdfd2de91 &amp#27;[39m&amp#27;[32m200&amp#27;[39m &amp#27;[90m576 ms - 886&amp#27;[39m
&amp#27;[35m[HTTP]&amp#27;[39m &amp#27;[90m&amp#27;[39m
]]></system-out>
    <system-err><![CDATA[SLF4J: Failed to load class "org.slf4j.impl.StaticLoggerBinder".
SLF4J: Defaulting to no-operation (NOP) logger implementation
SLF4J: See http://www.slf4j.org/codes.html#StaticLoggerBinder for further details.
Apr 23, 2022 11:58:10 AM io.appium.java_client.remote.AppiumCommandExecutor$1 lambda$0
INFO: Detected dialect: W3C
]]></system-err>
  </testcase>
  <testcase name="tearDown" classname="com.automation.framework.testcases.LoginTest" time="2.697">
    <failure type="java.lang.StackOverflowError"><![CDATA[java.lang.StackOverflowError
	at com.automation.framework.testcases.LoginTest.tearDown(LoginTest.java:25)
	at com.automation.framework.testcases.LoginTest.tearDown(LoginTest.java:25)
	at com.automation.framework.testcases.LoginTest.tearDown(LoginTest.java:25)
	at com.automation.framework.testcases.LoginTest.tearDown(LoginTest.java:25)
	at com.automation.framework.testcases.LoginTest.tearDown(LoginTest.java:25)
	at com.automation.framework.testcases.LoginTest.tearDown(LoginTest.java:25)
	at com.automation.framework.testcases.LoginTest.tearDown(LoginTest.java:25)
	at com.automation.framework.testcases.LoginTest.tearDown(LoginTest.java:25)
	at com.automation.framework.testcases.LoginTest.tearDown(LoginTest.java:25)
	at com.automation.framework.testcases.LoginTest.tearDown(LoginTest.java:25)
	at com.automation.framework.testcases.LoginTest.tearDown(LoginTest.java:25)
	at com.automation.framework.testcases.LoginTest.tearDown(LoginTest.java:25)
	at com.automation.framework.testcases.LoginTest.tearDown(LoginTest.java:25)
	at com.automation.framework.testcases.LoginTest.tearDown(LoginTest.java:25)
	at com.automation.framework.testcases.LoginTest.tearDown(LoginTest.java:25)
	at com.automation.framework.testcases.LoginTest.tearDown(LoginTest.java:25)
	at com.automation.framework.testcases.LoginTest.tearDown(LoginTest.java:25)
	at com.automation.framework.testcases.LoginTest.tearDown(LoginTest.java:25)
	at com.automation.framework.testcases.LoginTest.tearDown(LoginTest.java:25)
	at com.automation.framework.testcases.LoginTest.tearDown(LoginTest.java:25)
	at com.automation.framework.testcases.LoginTest.tearDown(LoginTest.java:25)
	at com.automation.framework.testcases.LoginTest.tearDown(LoginTest.java:25)
	at com.automation.framework.testcases.LoginTest.tearDown(LoginTest.java:25)
	at com.automation.framework.testcases.LoginTest.tearDown(LoginTest.java:25)
	at com.automation.framework.testcases.LoginTest.tearDown(LoginTest.java:25)
	at com.automation.framework.testcases.LoginTest.tearDown(LoginTest.java:25)
	at com.automation.framework.testcases.LoginTest.tearDown(LoginTest.java:25)
	at com.automation.framework.testcases.LoginTest.tearDown(LoginTest.java:25)
	at com.automation.framework.testcases.LoginTest.tearDown(LoginTest.java:25)
	at com.automation.framework.testcases.LoginTest.tearDown(LoginTest.java:25)
	at com.automation.framework.testcases.LoginTest.tearDown(LoginTest.java:25)
	at com.automation.framework.testcases.LoginTest.tearDown(LoginTest.java:25)
	at com.automation.framework.testcases.LoginTest.tearDown(LoginTest.java:25)
	at com.automation.framework.testcases.LoginTest.tearDown(LoginTest.java:25)
	at com.automation.framework.testcases.LoginTest.tearDown(LoginTest.java:25)
	at com.automation.framework.testcases.LoginTest.tearDown(LoginTest.java:25)
	at com.automation.framework.testcases.LoginTest.tearDown(LoginTest.java:25)
	at com.automation.framework.testcases.LoginTest.tearDown(LoginTest.java:25)
	at com.automation.framework.testcases.LoginTest.tearDown(LoginTest.java:25)
	at com.automation.framework.testcases.LoginTest.tearDown(LoginTest.java:25)
	at com.automation.framework.testcases.LoginTest.tearDown(LoginTest.java:25)
	at com.automation.framework.testcases.LoginTest.tearDown(LoginTest.java:25)
	at com.automation.framework.testcases.LoginTest.tearDown(LoginTest.java:25)
	at com.automation.framework.testcases.LoginTest.tearDown(LoginTest.java:25)
	at com.automation.framework.testcases.LoginTest.tearDown(LoginTest.java:25)
	at com.automation.framework.testcases.LoginTest.tearDown(LoginTest.java:25)
	at com.automation.framework.testcases.LoginTest.tearDown(LoginTest.java:25)
	at com.automation.framework.testcases.LoginTest.tearDown(LoginTest.java:25)
	at com.automation.framework.testcases.LoginTest.tearDown(LoginTest.java:25)
	at com.automation.framework.testcases.LoginTest.tearDown(LoginTest.java:25)
	at com.automation.framework.testcases.LoginTest.tearDown(LoginTest.java:25)
	at com.automation.framework.testcases.LoginTest.tearDown(LoginTest.java:25)
	at com.automation.framework.testcases.LoginTest.tearDown(LoginTest.java:25)
	at com.automation.framework.testcases.LoginTest.tearDown(LoginTest.java:25)
	at com.automation.framework.testcases.LoginTest.tearDown(LoginTest.java:25)
	at com.automation.framework.testcases.LoginTest.tearDown(LoginTest.java:25)
	at com.automation.framework.testcases.LoginTest.tearDown(LoginTest.java:25)
	at com.automation.framework.testcases.LoginTest.tearDown(LoginTest.java:25)
	at com.automation.framework.testcases.LoginTest.tearDown(LoginTest.java:25)
	at com.automation.framework.testcases.LoginTest.tearDown(LoginTest.java:25)
	at com.automation.framework.testcases.LoginTest.tearDown(LoginTest.java:25)
	at com.automation.framework.testcases.LoginTest.tearDown(LoginTest.java:25)
	at com.automation.framework.testcases.LoginTest.tearDown(LoginTest.java:25)
	at com.automation.framework.testcases.LoginTest.tearDown(LoginTest.java:25)
	at com.automation.framework.testcases.LoginTest.tearDown(LoginTest.java:25)
	at com.automation.framework.testcases.LoginTest.tearDown(LoginTest.java:25)
	at com.automation.framework.testcases.LoginTest.tearDown(LoginTest.java:25)
	at com.automation.framework.testcases.LoginTest.tearDown(LoginTest.java:25)
	at com.automation.framework.testcases.LoginTest.tearDown(LoginTest.java:25)
	at com.automation.framework.testcases.LoginTest.tearDown(LoginTest.java:25)
	at com.automation.framework.testcases.LoginTest.tearDown(LoginTest.java:25)
	at com.automation.framework.testcases.LoginTest.tearDown(LoginTest.java:25)
	at com.automation.framework.testcases.LoginTest.tearDown(LoginTest.java:25)
	at com.automation.framework.testcases.LoginTest.tearDown(LoginTest.java:25)
	at com.automation.framework.testcases.LoginTest.tearDown(LoginTest.java:25)
	at com.automation.framework.testcases.LoginTest.tearDown(LoginTest.java:25)
	at com.automation.framework.testcases.LoginTest.tearDown(LoginTest.java:25)
	at com.automation.framework.testcases.LoginTest.tearDown(LoginTest.java:25)
	at com.automation.framework.testcases.LoginTest.tearDown(LoginTest.java:25)
	at com.automation.framework.testcases.LoginTest.tearDown(LoginTest.java:25)
	at com.automation.framework.testcases.LoginTest.tearDown(LoginTest.java:25)
	at com.automation.framework.testcases.LoginTest.tearDown(LoginTest.java:25)
	at com.automation.framework.testcases.LoginTest.tearDown(LoginTest.java:25)
	at com.automation.framework.testcases.LoginTest.tearDown(LoginTest.java:25)
	at com.automation.framework.testcases.LoginTest.tearDown(LoginTest.java:25)
	at com.automation.framework.testcases.LoginTest.tearDown(LoginTest.java:25)
	at com.automation.framework.testcases.LoginTest.tearDown(LoginTest.java:25)
	at com.automation.framework.testcases.LoginTest.tearDown(LoginTest.java:25)
	at com.automation.framework.testcases.LoginTest.tearDown(LoginTest.java:25)
	at com.automation.framework.testcases.LoginTest.tearDown(LoginTest.java:25)
	at com.automation.framework.testcases.LoginTest.tearDown(LoginTest.java:25)
	at com.automation.framework.testcases.LoginTest.tearDown(LoginTest.java:25)
	at com.automation.framework.testcases.LoginTest.tearDown(LoginTest.java:25)
	at com.automation.framework.testcases.LoginTest.tearDown(LoginTest.java:25)
	at com.automation.framework.testcases.LoginTest.tearDown(LoginTest.java:25)
	at com.automation.framework.testcases.LoginTest.tearDown(LoginTest.java:25)
	at com.automation.framework.testcases.LoginTest.tearDown(LoginTest.java:25)
	at com.automation.framework.testcases.LoginTest.tearDown(LoginTest.java:25)
	at com.automation.framework.testcases.LoginTest.tearDown(LoginTest.java:25)
	at com.automation.framework.testcases.LoginTest.tearDown(LoginTest.java:25)
	at com.automation.framework.testcases.LoginTest.tearDown(LoginTest.java:25)
	at com.automation.framework.testcases.LoginTest.tearDown(LoginTest.java:25)
	at com.automation.framework.testcases.LoginTest.tearDown(LoginTest.java:25)
	at com.automation.framework.testcases.LoginTest.tearDown(LoginTest.java:25)
	at com.automation.framework.testcases.LoginTest.tearDown(LoginTest.java:25)
	at com.automation.framework.testcases.LoginTest.tearDown(LoginTest.java:25)
	at com.automation.framework.testcases.LoginTest.tearDown(LoginTest.java:25)
	at com.automation.framework.testcases.LoginTest.tearDown(LoginTest.java:25)
	at com.automation.framework.testcases.LoginTest.tearDown(LoginTest.java:25)
	at com.automation.framework.testcases.LoginTest.tearDown(LoginTest.java:25)
	at com.automation.framework.testcases.LoginTest.tearDown(LoginTest.java:25)
	at com.automation.framework.testcases.LoginTest.tearDown(LoginTest.java:25)
	at com.automation.framework.testcases.LoginTest.tearDown(LoginTest.java:25)
	at com.automation.framework.testcases.LoginTest.tearDown(LoginTest.java:25)
	at com.automation.framework.testcases.LoginTest.tearDown(LoginTest.java:25)
	at com.automation.framework.testcases.LoginTest.tearDown(LoginTest.java:25)
	at com.automation.framework.testcases.LoginTest.tearDown(LoginTest.java:25)
	at com.automation.framework.testcases.LoginTest.tearDown(LoginTest.java:25)
	at com.automation.framework.testcases.LoginTest.tearDown(LoginTest.java:25)
	at com.automation.framework.testcases.LoginTest.tearDown(LoginTest.java:25)
	at com.automation.framework.testcases.LoginTest.tearDown(LoginTest.java:25)
	at com.automation.framework.testcases.LoginTest.tearDown(LoginTest.java:25)
	at com.automation.framework.testcases.LoginTest.tearDown(LoginTest.java:25)
	at com.automation.framework.testcases.LoginTest.tearDown(LoginTest.java:25)
	at com.automation.framework.testcases.LoginTest.tearDown(LoginTest.java:25)
	at com.automation.framework.testcases.LoginTest.tearDown(LoginTest.java:25)
	at com.automation.framework.testcases.LoginTest.tearDown(LoginTest.java:25)
	at com.automation.framework.testcases.LoginTest.tearDown(LoginTest.java:25)
	at com.automation.framework.testcases.LoginTest.tearDown(LoginTest.java:25)
	at com.automation.framework.testcases.LoginTest.tearDown(LoginTest.java:25)
	at com.automation.framework.testcases.LoginTest.tearDown(LoginTest.java:25)
	at com.automation.framework.testcases.LoginTest.tearDown(LoginTest.java:25)
	at com.automation.framework.testcases.LoginTest.tearDown(LoginTest.java:25)
	at com.automation.framework.testcases.LoginTest.tearDown(LoginTest.java:25)
	at com.automation.framework.testcases.LoginTest.tearDown(LoginTest.java:25)
	at com.automation.framework.testcases.LoginTest.tearDown(LoginTest.java:25)
	at com.automation.framework.testcases.LoginTest.tearDown(LoginTest.java:25)
	at com.automation.framework.testcases.LoginTest.tearDown(LoginTest.java:25)
	at com.automation.framework.testcases.LoginTest.tearDown(LoginTest.java:25)
	at com.automation.framework.testcases.LoginTest.tearDown(LoginTest.java:25)
	at com.automation.framework.testcases.LoginTest.tearDown(LoginTest.java:25)
	at com.automation.framework.testcases.LoginTest.tearDown(LoginTest.java:25)
	at com.automation.framework.testcases.LoginTest.tearDown(LoginTest.java:25)
	at com.automation.framework.testcases.LoginTest.tearDown(LoginTest.java:25)
	at com.automation.framework.testcases.LoginTest.tearDown(LoginTest.java:25)
	at com.automation.framework.testcases.LoginTest.tearDown(LoginTest.java:25)
	at com.automation.framework.testcases.LoginTest.tearDown(LoginTest.java:25)
	at com.automation.framework.testcases.LoginTest.tearDown(LoginTest.java:25)
	at com.automation.framework.testcases.LoginTest.tearDown(LoginTest.java:25)
	at com.automation.framework.testcases.LoginTest.tearDown(LoginTest.java:25)
	at com.automation.framework.testcases.LoginTest.tearDown(LoginTest.java:25)
	at com.automation.framework.testcases.LoginTest.tearDown(LoginTest.java:25)
	at com.automation.framework.testcases.LoginTest.tearDown(LoginTest.java:25)
	at com.automation.framework.testcases.LoginTest.tearDown(LoginTest.java:25)
	at com.automation.framework.testcases.LoginTest.tearDown(LoginTest.java:25)
	at com.automation.framework.testcases.LoginTest.tearDown(LoginTest.java:25)
	at com.automation.framework.testcases.LoginTest.tearDown(LoginTest.java:25)
	at com.automation.framework.testcases.LoginTest.tearDown(LoginTest.java:25)
	at com.automation.framework.testcases.LoginTest.tearDown(LoginTest.java:25)
	at com.automation.framework.testcases.LoginTest.tearDown(LoginTest.java:25)
	at com.automation.framework.testcases.LoginTest.tearDown(LoginTest.java:25)
	at com.automation.framework.testcases.LoginTest.tearDown(LoginTest.java:25)
	at com.automation.framework.testcases.LoginTest.tearDown(LoginTest.java:25)
	at com.automation.framework.testcases.LoginTest.tearDown(LoginTest.java:25)
	at com.automation.framework.testcases.LoginTest.tearDown(LoginTest.java:25)
	at com.automation.framework.testcases.LoginTest.tearDown(LoginTest.java:25)
	at com.automation.framework.testcases.LoginTest.tearDown(LoginTest.java:25)
	at com.automation.framework.testcases.LoginTest.tearDown(LoginTest.java:25)
	at com.automation.framework.testcases.LoginTest.tearDown(LoginTest.java:25)
	at com.automation.framework.testcases.LoginTest.tearDown(LoginTest.java:25)
	at com.automation.framework.testcases.LoginTest.tearDown(LoginTest.java:25)
	at com.automation.framework.testcases.LoginTest.tearDown(LoginTest.java:25)
	at com.automation.framework.testcases.LoginTest.tearDown(LoginTest.java:25)
	at com.automation.framework.testcases.LoginTest.tearDown(LoginTest.java:25)
	at com.automation.framework.testcases.LoginTest.tearDown(LoginTest.java:25)
	at com.automation.framework.testcases.LoginTest.tearDown(LoginTest.java:25)
	at com.automation.framework.testcases.LoginTest.tearDown(LoginTest.java:25)
	at com.automation.framework.testcases.LoginTest.tearDown(LoginTest.java:25)
	at com.automation.framework.testcases.LoginTest.tearDown(LoginTest.java:25)
	at com.automation.framework.testcases.LoginTest.tearDown(LoginTest.java:25)
	at com.automation.framework.testcases.LoginTest.tearDown(LoginTest.java:25)
	at com.automation.framework.testcases.LoginTest.tearDown(LoginTest.java:25)
	at com.automation.framework.testcases.LoginTest.tearDown(LoginTest.java:25)
	at com.automation.framework.testcases.LoginTest.tearDown(LoginTest.java:25)
	at com.automation.framework.testcases.LoginTest.tearDown(LoginTest.java:25)
	at com.automation.framework.testcases.LoginTest.tearDown(LoginTest.java:25)
	at com.automation.framework.testcases.LoginTest.tearDown(LoginTest.java:25)
	at com.automation.framework.testcases.LoginTest.tearDown(LoginTest.java:25)
	at com.automation.framework.testcases.LoginTest.tearDown(LoginTest.java:25)
	at com.automation.framework.testcases.LoginTest.tearDown(LoginTest.java:25)
	at com.automation.framework.testcases.LoginTest.tearDown(LoginTest.java:25)
	at com.automation.framework.testcases.LoginTest.tearDown(LoginTest.java:25)
	at com.automation.framework.testcases.LoginTest.tearDown(LoginTest.java:25)
	at com.automation.framework.testcases.LoginTest.tearDown(LoginTest.java:25)
	at com.automation.framework.testcases.LoginTest.tearDown(LoginTest.java:25)
	at com.automation.framework.testcases.LoginTest.tearDown(LoginTest.java:25)
	at com.automation.framework.testcases.LoginTest.tearDown(LoginTest.java:25)
	at com.automation.framework.testcases.LoginTest.tearDown(LoginTest.java:25)
	at com.automation.framework.testcases.LoginTest.tearDown(LoginTest.java:25)
	at com.automation.framework.testcases.LoginTest.tearDown(LoginTest.java:25)
	at com.automation.framework.testcases.LoginTest.tearDown(LoginTest.java:25)
	at com.automation.framework.testcases.LoginTest.tearDown(LoginTest.java:25)
	at com.automation.framework.testcases.LoginTest.tearDown(LoginTest.java:25)
	at com.automation.framework.testcases.LoginTest.tearDown(LoginTest.java:25)
	at com.automation.framework.testcases.LoginTest.tearDown(LoginTest.java:25)
	at com.automation.framework.testcases.LoginTest.tearDown(LoginTest.java:25)
	at com.automation.framework.testcases.LoginTest.tearDown(LoginTest.java:25)
	at com.automation.framework.testcases.LoginTest.tearDown(LoginTest.java:25)
	at com.automation.framework.testcases.LoginTest.tearDown(LoginTest.java:25)
	at com.automation.framework.testcases.LoginTest.tearDown(LoginTest.java:25)
	at com.automation.framework.testcases.LoginTest.tearDown(LoginTest.java:25)
	at com.automation.framework.testcases.LoginTest.tearDown(LoginTest.java:25)
	at com.automation.framework.testcases.LoginTest.tearDown(LoginTest.java:25)
	at com.automation.framework.testcases.LoginTest.tearDown(LoginTest.java:25)
	at com.automation.framework.testcases.LoginTest.tearDown(LoginTest.java:25)
	at com.automation.framework.testcases.LoginTest.tearDown(LoginTest.java:25)
	at com.automation.framework.testcases.LoginTest.tearDown(LoginTest.java:25)
	at com.automation.framework.testcases.LoginTest.tearDown(LoginTest.java:25)
	at com.automation.framework.testcases.LoginTest.tearDown(LoginTest.java:25)
	at com.automation.framework.testcases.LoginTest.tearDown(LoginTest.java:25)
	at com.automation.framework.testcases.LoginTest.tearDown(LoginTest.java:25)
	at com.automation.framework.testcases.LoginTest.tearDown(LoginTest.java:25)
	at com.automation.framework.testcases.LoginTest.tearDown(LoginTest.java:25)
	at com.automation.framework.testcases.LoginTest.tearDown(LoginTest.java:25)
	at com.automation.framework.testcases.LoginTest.tearDown(LoginTest.java:25)
	at com.automation.framework.testcases.LoginTest.tearDown(LoginTest.java:25)
	at com.automation.framework.testcases.LoginTest.tearDown(LoginTest.java:25)
	at com.automation.framework.testcases.LoginTest.tearDown(LoginTest.java:25)
	at com.automation.framework.testcases.LoginTest.tearDown(LoginTest.java:25)
	at com.automation.framework.testcases.LoginTest.tearDown(LoginTest.java:25)
	at com.automation.framework.testcases.LoginTest.tearDown(LoginTest.java:25)
	at com.automation.framework.testcases.LoginTest.tearDown(LoginTest.java:25)
	at com.automation.framework.testcases.LoginTest.tearDown(LoginTest.java:25)
	at com.automation.framework.testcases.LoginTest.tearDown(LoginTest.java:25)
	at com.automation.framework.testcases.LoginTest.tearDown(LoginTest.java:25)
	at com.automation.framework.testcases.LoginTest.tearDown(LoginTest.java:25)
	at com.automation.framework.testcases.LoginTest.tearDown(LoginTest.java:25)
	at com.automation.framework.testcases.LoginTest.tearDown(LoginTest.java:25)
	at com.automation.framework.testcases.LoginTest.tearDown(LoginTest.java:25)
	at com.automation.framework.testcases.LoginTest.tearDown(LoginTest.java:25)
	at com.automation.framework.testcases.LoginTest.tearDown(LoginTest.java:25)
	at com.automation.framework.testcases.LoginTest.tearDown(LoginTest.java:25)
	at com.automation.framework.testcases.LoginTest.tearDown(LoginTest.java:25)
	at com.automation.framework.testcases.LoginTest.tearDown(LoginTest.java:25)
	at com.automation.framework.testcases.LoginTest.tearDown(LoginTest.java:25)
	at com.automation.framework.testcases.LoginTest.tearDown(LoginTest.java:25)
	at com.automation.framework.testcases.LoginTest.tearDown(LoginTest.java:25)
	at com.automation.framework.testcases.LoginTest.tearDown(LoginTest.java:25)
	at com.automation.framework.testcases.LoginTest.tearDown(LoginTest.java:25)
	at com.automation.framework.testcases.LoginTest.tearDown(LoginTest.java:25)
	at com.automation.framework.testcases.LoginTest.tearDown(LoginTest.java:25)
	at com.automation.framework.testcases.LoginTest.tearDown(LoginTest.java:25)
	at com.automation.framework.testcases.LoginTest.tearDown(LoginTest.java:25)
	at com.automation.framework.testcases.LoginTest.tearDown(LoginTest.java:25)
	at com.automation.framework.testcases.LoginTest.tearDown(LoginTest.java:25)
	at com.automation.framework.testcases.LoginTest.tearDown(LoginTest.java:25)
	at com.automation.framework.testcases.LoginTest.tearDown(LoginTest.java:25)
	at com.automation.framework.testcases.LoginTest.tearDown(LoginTest.java:25)
	at com.automation.framework.testcases.LoginTest.tearDown(LoginTest.java:25)
	at com.automation.framework.testcases.LoginTest.tearDown(LoginTest.java:25)
	at com.automation.framework.testcases.LoginTest.tearDown(LoginTest.java:25)
	at com.automation.framework.testcases.LoginTest.tearDown(LoginTest.java:25)
	at com.automation.framework.testcases.LoginTest.tearDown(LoginTest.java:25)
	at com.automation.framework.testcases.LoginTest.tearDown(LoginTest.java:25)
	at com.automation.framework.testcases.LoginTest.tearDown(LoginTest.java:25)
	at com.automation.framework.testcases.LoginTest.tearDown(LoginTest.java:25)
	at com.automation.framework.testcases.LoginTest.tearDown(LoginTest.java:25)
	at com.automation.framework.testcases.LoginTest.tearDown(LoginTest.java:25)
	at com.automation.framework.testcases.LoginTest.tearDown(LoginTest.java:25)
	at com.automation.framework.testcases.LoginTest.tearDown(LoginTest.java:25)
	at com.automation.framework.testcases.LoginTest.tearDown(LoginTest.java:25)
	at com.automation.framework.testcases.LoginTest.tearDown(LoginTest.java:25)
	at com.automation.framework.testcases.LoginTest.tearDown(LoginTest.java:25)
	at com.automation.framework.testcases.LoginTest.tearDown(LoginTest.java:25)
	at com.automation.framework.testcases.LoginTest.tearDown(LoginTest.java:25)
	at com.automation.framework.testcases.LoginTest.tearDown(LoginTest.java:25)
	at com.automation.framework.testcases.LoginTest.tearDown(LoginTest.java:25)
	at com.automation.framework.testcases.LoginTest.tearDown(LoginTest.java:25)
	at com.automation.framework.testcases.LoginTest.tearDown(LoginTest.java:25)
	at com.automation.framework.testcases.LoginTest.tearDown(LoginTest.java:25)
	at com.automation.framework.testcases.LoginTest.tearDown(LoginTest.java:25)
	at com.automation.framework.testcases.LoginTest.tearDown(LoginTest.java:25)
	at com.automation.framework.testcases.LoginTest.tearDown(LoginTest.java:25)
	at com.automation.framework.testcases.LoginTest.tearDown(LoginTest.java:25)
	at com.automation.framework.testcases.LoginTest.tearDown(LoginTest.java:25)
	at com.automation.framework.testcases.LoginTest.tearDown(LoginTest.java:25)
	at com.automation.framework.testcases.LoginTest.tearDown(LoginTest.java:25)
	at com.automation.framework.testcases.LoginTest.tearDown(LoginTest.java:25)
	at com.automation.framework.testcases.LoginTest.tearDown(LoginTest.java:25)
	at com.automation.framework.testcases.LoginTest.tearDown(LoginTest.java:25)
	at com.automation.framework.testcases.LoginTest.tearDown(LoginTest.java:25)
	at com.automation.framework.testcases.LoginTest.tearDown(LoginTest.java:25)
	at com.automation.framework.testcases.LoginTest.tearDown(LoginTest.java:25)
	at com.automation.framework.testcases.LoginTest.tearDown(LoginTest.java:25)
	at com.automation.framework.testcases.LoginTest.tearDown(LoginTest.java:25)
	at com.automation.framework.testcases.LoginTest.tearDown(LoginTest.java:25)
	at com.automation.framework.testcases.LoginTest.tearDown(LoginTest.java:25)
	at com.automation.framework.testcases.LoginTest.tearDown(LoginTest.java:25)
	at com.automation.framework.testcases.LoginTest.tearDown(LoginTest.java:25)
	at com.automation.framework.testcases.LoginTest.tearDown(LoginTest.java:25)
	at com.automation.framework.testcases.LoginTest.tearDown(LoginTest.java:25)
	at com.automation.framework.testcases.LoginTest.tearDown(LoginTest.java:25)
	at com.automation.framework.testcases.LoginTest.tearDown(LoginTest.java:25)
	at com.automation.framework.testcases.LoginTest.tearDown(LoginTest.java:25)
	at com.automation.framework.testcases.LoginTest.tearDown(LoginTest.java:25)
	at com.automation.framework.testcases.LoginTest.tearDown(LoginTest.java:25)
	at com.automation.framework.testcases.LoginTest.tearDown(LoginTest.java:25)
	at com.automation.framework.testcases.LoginTest.tearDown(LoginTest.java:25)
	at com.automation.framework.testcases.LoginTest.tearDown(LoginTest.java:25)
	at com.automation.framework.testcases.LoginTest.tearDown(LoginTest.java:25)
	at com.automation.framework.testcases.LoginTest.tearDown(LoginTest.java:25)
	at com.automation.framework.testcases.LoginTest.tearDown(LoginTest.java:25)
	at com.automation.framework.testcases.LoginTest.tearDown(LoginTest.java:25)
	at com.automation.framework.testcases.LoginTest.tearDown(LoginTest.java:25)
	at com.automation.framework.testcases.LoginTest.tearDown(LoginTest.java:25)
	at com.automation.framework.testcases.LoginTest.tearDown(LoginTest.java:25)
	at com.automation.framework.testcases.LoginTest.tearDown(LoginTest.java:25)
	at com.automation.framework.testcases.LoginTest.tearDown(LoginTest.java:25)
	at com.automation.framework.testcases.LoginTest.tearDown(LoginTest.java:25)
	at com.automation.framework.testcases.LoginTest.tearDown(LoginTest.java:25)
	at com.automation.framework.testcases.LoginTest.tearDown(LoginTest.java:25)
	at com.automation.framework.testcases.LoginTest.tearDown(LoginTest.java:25)
	at com.automation.framework.testcases.LoginTest.tearDown(LoginTest.java:25)
	at com.automation.framework.testcases.LoginTest.tearDown(LoginTest.java:25)
	at com.automation.framework.testcases.LoginTest.tearDown(LoginTest.java:25)
	at com.automation.framework.testcases.LoginTest.tearDown(LoginTest.java:25)
	at com.automation.framework.testcases.LoginTest.tearDown(LoginTest.java:25)
	at com.automation.framework.testcases.LoginTest.tearDown(LoginTest.java:25)
	at com.automation.framework.testcases.LoginTest.tearDown(LoginTest.java:25)
	at com.automation.framework.testcases.LoginTest.tearDown(LoginTest.java:25)
	at com.automation.framework.testcases.LoginTest.tearDown(LoginTest.java:25)
	at com.automation.framework.testcases.LoginTest.tearDown(LoginTest.java:25)
	at com.automation.framework.testcases.LoginTest.tearDown(LoginTest.java:25)
	at com.automation.framework.testcases.LoginTest.tearDown(LoginTest.java:25)
	at com.automation.framework.testcases.LoginTest.tearDown(LoginTest.java:25)
	at com.automation.framework.testcases.LoginTest.tearDown(LoginTest.java:25)
	at com.automation.framework.testcases.LoginTest.tearDown(LoginTest.java:25)
	at com.automation.framework.testcases.LoginTest.tearDown(LoginTest.java:25)
	at com.automation.framework.testcases.LoginTest.tearDown(LoginTest.java:25)
	at com.automation.framework.testcases.LoginTest.tearDown(LoginTest.java:25)
	at com.automation.framework.testcases.LoginTest.tearDown(LoginTest.java:25)
	at com.automation.framework.testcases.LoginTest.tearDown(LoginTest.java:25)
	at com.automation.framework.testcases.LoginTest.tearDown(LoginTest.java:25)
	at com.automation.framework.testcases.LoginTest.tearDown(LoginTest.java:25)
	at com.automation.framework.testcases.LoginTest.tearDown(LoginTest.java:25)
	at com.automation.framework.testcases.LoginTest.tearDown(LoginTest.java:25)
	at com.automation.framework.testcases.LoginTest.tearDown(LoginTest.java:25)
	at com.automation.framework.testcases.LoginTest.tearDown(LoginTest.java:25)
	at com.automation.framework.testcases.LoginTest.tearDown(LoginTest.java:25)
	at com.automation.framework.testcases.LoginTest.tearDown(LoginTest.java:25)
	at com.automation.framework.testcases.LoginTest.tearDown(LoginTest.java:25)
	at com.automation.framework.testcases.LoginTest.tearDown(LoginTest.java:25)
	at com.automation.framework.testcases.LoginTest.tearDown(LoginTest.java:25)
	at com.automation.framework.testcases.LoginTest.tearDown(LoginTest.java:25)
	at com.automation.framework.testcases.LoginTest.tearDown(LoginTest.java:25)
	at com.automation.framework.testcases.LoginTest.tearDown(LoginTest.java:25)
	at com.automation.framework.testcases.LoginTest.tearDown(LoginTest.java:25)
	at com.automation.framework.testcases.LoginTest.tearDown(LoginTest.java:25)
	at com.automation.framework.testcases.LoginTest.tearDown(LoginTest.java:25)
	at com.automation.framework.testcases.LoginTest.tearDown(LoginTest.java:25)
	at com.automation.framework.testcases.LoginTest.tearDown(LoginTest.java:25)
	at com.automation.framework.testcases.LoginTest.tearDown(LoginTest.java:25)
	at com.automation.framework.testcases.LoginTest.tearDown(LoginTest.java:25)
	at com.automation.framework.testcases.LoginTest.tearDown(LoginTest.java:25)
	at com.automation.framework.testcases.LoginTest.tearDown(LoginTest.java:25)
	at com.automation.framework.testcases.LoginTest.tearDown(LoginTest.java:25)
	at com.automation.framework.testcases.LoginTest.tearDown(LoginTest.java:25)
	at com.automation.framework.testcases.LoginTest.tearDown(LoginTest.java:25)
	at com.automation.framework.testcases.LoginTest.tearDown(LoginTest.java:25)
	at com.automation.framework.testcases.LoginTest.tearDown(LoginTest.java:25)
	at com.automation.framework.testcases.LoginTest.tearDown(LoginTest.java:25)
	at com.automation.framework.testcases.LoginTest.tearDown(LoginTest.java:25)
	at com.automation.framework.testcases.LoginTest.tearDown(LoginTest.java:25)
	at com.automation.framework.testcases.LoginTest.tearDown(LoginTest.java:25)
	at com.automation.framework.testcases.LoginTest.tearDown(LoginTest.java:25)
	at com.automation.framework.testcases.LoginTest.tearDown(LoginTest.java:25)
	at com.automation.framework.testcases.LoginTest.tearDown(LoginTest.java:25)
	at com.automation.framework.testcases.LoginTest.tearDown(LoginTest.java:25)
	at com.automation.framework.testcases.LoginTest.tearDown(LoginTest.java:25)
	at com.automation.framework.testcases.LoginTest.tearDown(LoginTest.java:25)
	at com.automation.framework.testcases.LoginTest.tearDown(LoginTest.java:25)
	at com.automation.framework.testcases.LoginTest.tearDown(LoginTest.java:25)
	at com.automation.framework.testcases.LoginTest.tearDown(LoginTest.java:25)
	at com.automation.framework.testcases.LoginTest.tearDown(LoginTest.java:25)
	at com.automation.framework.testcases.LoginTest.tearDown(LoginTest.java:25)
	at com.automation.framework.testcases.LoginTest.tearDown(LoginTest.java:25)
	at com.automation.framework.testcases.LoginTest.tearDown(LoginTest.java:25)
	at com.automation.framework.testcases.LoginTest.tearDown(LoginTest.java:25)
	at com.automation.framework.testcases.LoginTest.tearDown(LoginTest.java:25)
	at com.automation.framework.testcases.LoginTest.tearDown(LoginTest.java:25)
	at com.automation.framework.testcases.LoginTest.tearDown(LoginTest.java:25)
	at com.automation.framework.testcases.LoginTest.tearDown(LoginTest.java:25)
	at com.automation.framework.testcases.LoginTest.tearDown(LoginTest.java:25)
	at com.automation.framework.testcases.LoginTest.tearDown(LoginTest.java:25)
	at com.automation.framework.testcases.LoginTest.tearDown(LoginTest.java:25)
	at com.automation.framework.testcases.LoginTest.tearDown(LoginTest.java:25)
	at com.automation.framework.testcases.LoginTest.tearDown(LoginTest.java:25)
	at com.automation.framework.testcases.LoginTest.tearDown(LoginTest.java:25)
	at com.automation.framework.testcases.LoginTest.tearDown(LoginTest.java:25)
	at com.automation.framework.testcases.LoginTest.tearDown(LoginTest.java:25)
	at com.automation.framework.testcases.LoginTest.tearDown(LoginTest.java:25)
	at com.automation.framework.testcases.LoginTest.tearDown(LoginTest.java:25)
	at com.automation.framework.testcases.LoginTest.tearDown(LoginTest.java:25)
	at com.automation.framework.testcases.LoginTest.tearDown(LoginTest.java:25)
	at com.automation.framework.testcases.LoginTest.tearDown(LoginTest.java:25)
	at com.automation.framework.testcases.LoginTest.tearDown(LoginTest.java:25)
	at com.automation.framework.testcases.LoginTest.tearDown(LoginTest.java:25)
	at com.automation.framework.testcases.LoginTest.tearDown(LoginTest.java:25)
	at com.automation.framework.testcases.LoginTest.tearDown(LoginTest.java:25)
	at com.automation.framework.testcases.LoginTest.tearDown(LoginTest.java:25)
	at com.automation.framework.testcases.LoginTest.tearDown(LoginTest.java:25)
	at com.automation.framework.testcases.LoginTest.tearDown(LoginTest.java:25)
	at com.automation.framework.testcases.LoginTest.tearDown(LoginTest.java:25)
	at com.automation.framework.testcases.LoginTest.tearDown(LoginTest.java:25)
	at com.automation.framework.testcases.LoginTest.tearDown(LoginTest.java:25)
	at com.automation.framework.testcases.LoginTest.tearDown(LoginTest.java:25)
	at com.automation.framework.testcases.LoginTest.tearDown(LoginTest.java:25)
	at com.automation.framework.testcases.LoginTest.tearDown(LoginTest.java:25)
	at com.automation.framework.testcases.LoginTest.tearDown(LoginTest.java:25)
	at com.automation.framework.testcases.LoginTest.tearDown(LoginTest.java:25)
	at com.automation.framework.testcases.LoginTest.tearDown(LoginTest.java:25)
	at com.automation.framework.testcases.LoginTest.tearDown(LoginTest.java:25)
	at com.automation.framework.testcases.LoginTest.tearDown(LoginTest.java:25)
	at com.automation.framework.testcases.LoginTest.tearDown(LoginTest.java:25)
	at com.automation.framework.testcases.LoginTest.tearDown(LoginTest.java:25)
	at com.automation.framework.testcases.LoginTest.tearDown(LoginTest.java:25)
	at com.automation.framework.testcases.LoginTest.tearDown(LoginTest.java:25)
	at com.automation.framework.testcases.LoginTest.tearDown(LoginTest.java:25)
	at com.automation.framework.testcases.LoginTest.tearDown(LoginTest.java:25)
	at com.automation.framework.testcases.LoginTest.tearDown(LoginTest.java:25)
	at com.automation.framework.testcases.LoginTest.tearDown(LoginTest.java:25)
	at com.automation.framework.testcases.LoginTest.tearDown(LoginTest.java:25)
	at com.automation.framework.testcases.LoginTest.tearDown(LoginTest.java:25)
	at com.automation.framework.testcases.LoginTest.tearDown(LoginTest.java:25)
	at com.automation.framework.testcases.LoginTest.tearDown(LoginTest.java:25)
	at com.automation.framework.testcases.LoginTest.tearDown(LoginTest.java:25)
	at com.automation.framework.testcases.LoginTest.tearDown(LoginTest.java:25)
	at com.automation.framework.testcases.LoginTest.tearDown(LoginTest.java:25)
	at com.automation.framework.testcases.LoginTest.tearDown(LoginTest.java:25)
	at com.automation.framework.testcases.LoginTest.tearDown(LoginTest.java:25)
	at com.automation.framework.testcases.LoginTest.tearDown(LoginTest.java:25)
	at com.automation.framework.testcases.LoginTest.tearDown(LoginTest.java:25)
	at com.automation.framework.testcases.LoginTest.tearDown(LoginTest.java:25)
	at com.automation.framework.testcases.LoginTest.tearDown(LoginTest.java:25)
	at com.automation.framework.testcases.LoginTest.tearDown(LoginTest.java:25)
	at com.automation.framework.testcases.LoginTest.tearDown(LoginTest.java:25)
	at com.automation.framework.testcases.LoginTest.tearDown(LoginTest.java:25)
	at com.automation.framework.testcases.LoginTest.tearDown(LoginTest.java:25)
	at com.automation.framework.testcases.LoginTest.tearDown(LoginTest.java:25)
	at com.automation.framework.testcases.LoginTest.tearDown(LoginTest.java:25)
	at com.automation.framework.testcases.LoginTest.tearDown(LoginTest.java:25)
	at com.automation.framework.testcases.LoginTest.tearDown(LoginTest.java:25)
	at com.automation.framework.testcases.LoginTest.tearDown(LoginTest.java:25)
	at com.automation.framework.testcases.LoginTest.tearDown(LoginTest.java:25)
	at com.automation.framework.testcases.LoginTest.tearDown(LoginTest.java:25)
	at com.automation.framework.testcases.LoginTest.tearDown(LoginTest.java:25)
	at com.automation.framework.testcases.LoginTest.tearDown(LoginTest.java:25)
	at com.automation.framework.testcases.LoginTest.tearDown(LoginTest.java:25)
	at com.automation.framework.testcases.LoginTest.tearDown(LoginTest.java:25)
	at com.automation.framework.testcases.LoginTest.tearDown(LoginTest.java:25)
	at com.automation.framework.testcases.LoginTest.tearDown(LoginTest.java:25)
	at com.automation.framework.testcases.LoginTest.tearDown(LoginTest.java:25)
	at com.automation.framework.testcases.LoginTest.tearDown(LoginTest.java:25)
	at com.automation.framework.testcases.LoginTest.tearDown(LoginTest.java:25)
	at com.automation.framework.testcases.LoginTest.tearDown(LoginTest.java:25)
	at com.automation.framework.testcases.LoginTest.tearDown(LoginTest.java:25)
	at com.automation.framework.testcases.LoginTest.tearDown(LoginTest.java:25)
	at com.automation.framework.testcases.LoginTest.tearDown(LoginTest.java:25)
	at com.automation.framework.testcases.LoginTest.tearDown(LoginTest.java:25)
	at com.automation.framework.testcases.LoginTest.tearDown(LoginTest.java:25)
	at com.automation.framework.testcases.LoginTest.tearDown(LoginTest.java:25)
	at com.automation.framework.testcases.LoginTest.tearDown(LoginTest.java:25)
	at com.automation.framework.testcases.LoginTest.tearDown(LoginTest.java:25)
	at com.automation.framework.testcases.LoginTest.tearDown(LoginTest.java:25)
[...]
	at com.automation.framework.testcases.LoginTest.tearDown(LoginTest.java:25)
	at com.automation.framework.testcases.LoginTest.tearDown(LoginTest.java:25)
	at com.automation.framework.testcases.LoginTest.tearDown(LoginTest.java:25)
	at com.automation.framework.testcases.LoginTest.tearDown(LoginTest.java:25)
	at com.automation.framework.testcases.LoginTest.tearDown(LoginTest.java:25)
	at com.automation.framework.testcases.LoginTest.tearDown(LoginTest.java:25)
	at com.automation.framework.testcases.LoginTest.tearDown(LoginTest.java:25)
	at com.automation.framework.testcases.LoginTest.tearDown(LoginTest.java:25)
	at com.automation.framework.testcases.LoginTest.tearDown(LoginTest.java:25)
	at com.automation.framework.testcases.LoginTest.tearDown(LoginTest.java:25)
	at com.automation.framework.testcases.LoginTest.tearDown(LoginTest.java:25)
	at com.automation.framework.testcases.LoginTest.tearDown(LoginTest.java:25)
	at com.automation.framework.testcases.LoginTest.tearDown(LoginTest.java:25)
	at com.automation.framework.testcases.LoginTest.tearDown(LoginTest.java:25)
	at com.automation.framework.testcases.LoginTest.tearDown(LoginTest.java:25)
	at com.automation.framework.testcases.LoginTest.tearDown(LoginTest.java:25)
	at com.automation.framework.testcases.LoginTest.tearDown(LoginTest.java:25)
	at com.automation.framework.testcases.LoginTest.tearDown(LoginTest.java:25)
	at com.automation.framework.testcases.LoginTest.tearDown(LoginTest.java:25)
	at com.automation.framework.testcases.LoginTest.tearDown(LoginTest.java:25)
	at com.automation.framework.testcases.LoginTest.tearDown(LoginTest.java:25)
	at com.automation.framework.testcases.LoginTest.tearDown(LoginTest.java:25)
	at com.automation.framework.testcases.LoginTest.tearDown(LoginTest.java:25)
	at com.automation.framework.testcases.LoginTest.tearDown(LoginTest.java:25)
	at com.automation.framework.testcases.LoginTest.tearDown(LoginTest.java:25)
	at com.automation.framework.testcases.LoginTest.tearDown(LoginTest.java:25)
	at com.automation.framework.testcases.LoginTest.tearDown(LoginTest.java:25)
	at com.automation.framework.testcases.LoginTest.tearDown(LoginTest.java:25)
	at com.automation.framework.testcases.LoginTest.tearDown(LoginTest.java:25)
	at com.automation.framework.testcases.LoginTest.tearDown(LoginTest.java:25)
	at com.automation.framework.testcases.LoginTest.tearDown(LoginTest.java:25)
	at com.automation.framework.testcases.LoginTest.tearDown(LoginTest.java:25)
	at com.automation.framework.testcases.LoginTest.tearDown(LoginTest.java:25)
	at com.automation.framework.testcases.LoginTest.tearDown(LoginTest.java:25)
	at com.automation.framework.testcases.LoginTest.tearDown(LoginTest.java:25)
	at com.automation.framework.testcases.LoginTest.tearDown(LoginTest.java:25)
	at com.automation.framework.testcases.LoginTest.tearDown(LoginTest.java:25)
	at com.automation.framework.testcases.LoginTest.tearDown(LoginTest.java:25)
	at com.automation.framework.testcases.LoginTest.tearDown(LoginTest.java:25)
	at com.automation.framework.testcases.LoginTest.tearDown(LoginTest.java:25)
	at com.automation.framework.testcases.LoginTest.tearDown(LoginTest.java:25)
	at com.automation.framework.testcases.LoginTest.tearDown(LoginTest.java:25)
	at com.automation.framework.testcases.LoginTest.tearDown(LoginTest.java:25)
	at com.automation.framework.testcases.LoginTest.tearDown(LoginTest.java:25)
	at com.automation.framework.testcases.LoginTest.tearDown(LoginTest.java:25)
	at com.automation.framework.testcases.LoginTest.tearDown(LoginTest.java:25)
	at com.automation.framework.testcases.LoginTest.tearDown(LoginTest.java:25)
	at com.automation.framework.testcases.LoginTest.tearDown(LoginTest.java:25)
	at com.automation.framework.testcases.LoginTest.tearDown(LoginTest.java:25)
	at com.automation.framework.testcases.LoginTest.tearDown(LoginTest.java:25)
	at com.automation.framework.testcases.LoginTest.tearDown(LoginTest.java:25)
	at com.automation.framework.testcases.LoginTest.tearDown(LoginTest.java:25)
	at com.automation.framework.testcases.LoginTest.tearDown(LoginTest.java:25)
	at com.automation.framework.testcases.LoginTest.tearDown(LoginTest.java:25)
	at com.automation.framework.testcases.LoginTest.tearDown(LoginTest.java:25)
	at com.automation.framework.testcases.LoginTest.tearDown(LoginTest.java:25)
	at com.automation.framework.testcases.LoginTest.tearDown(LoginTest.java:25)
	at com.automation.framework.testcases.LoginTest.tearDown(LoginTest.java:25)
	at com.automation.framework.testcases.LoginTest.tearDown(LoginTest.java:25)
	at com.automation.framework.testcases.LoginTest.tearDown(LoginTest.java:25)
	at com.automation.framework.testcases.LoginTest.tearDown(LoginTest.java:25)
	at com.automation.framework.testcases.LoginTest.tearDown(LoginTest.java:25)
	at com.automation.framework.testcases.LoginTest.tearDown(LoginTest.java:25)
	at com.automation.framework.testcases.LoginTest.tearDown(LoginTest.java:25)
	at com.automation.framework.testcases.LoginTest.tearDown(LoginTest.java:25)
	at com.automation.framework.testcases.LoginTest.tearDown(LoginTest.java:25)
	at com.automation.framework.testcases.LoginTest.tearDown(LoginTest.java:25)
	at com.automation.framework.testcases.LoginTest.tearDown(LoginTest.java:25)
	at com.automation.framework.testcases.LoginTest.tearDown(LoginTest.java:25)
	at com.automation.framework.testcases.LoginTest.tearDown(LoginTest.java:25)
	at com.automation.framework.testcases.LoginTest.tearDown(LoginTest.java:25)
	at com.automation.framework.testcases.LoginTest.tearDown(LoginTest.java:25)
	at com.automation.framework.testcases.LoginTest.tearDown(LoginTest.java:25)
	at com.automation.framework.testcases.LoginTest.tearDown(LoginTest.java:25)
	at com.automation.framework.testcases.LoginTest.tearDown(LoginTest.java:25)
	at com.automation.framework.testcases.LoginTest.tearDown(LoginTest.java:25)
	at com.automation.framework.testcases.LoginTest.tearDown(LoginTest.java:25)
	at com.automation.framework.testcases.LoginTest.tearDown(LoginTest.java:25)
	at com.automation.framework.testcases.LoginTest.tearDown(LoginTest.java:25)
	at com.automation.framework.testcases.LoginTest.tearDown(LoginTest.java:25)
	at com.automation.framework.testcases.LoginTest.tearDown(LoginTest.java:25)
	at com.automation.framework.testcases.LoginTest.tearDown(LoginTest.java:25)
	at com.automation.framework.testcases.LoginTest.tearDown(LoginTest.java:25)
	at com.automation.framework.testcases.LoginTest.tearDown(LoginTest.java:25)
	at com.automation.framework.testcases.LoginTest.tearDown(LoginTest.java:25)
	at com.automation.framework.testcases.LoginTest.tearDown(LoginTest.java:25)
	at com.automation.framework.testcases.LoginTest.tearDown(LoginTest.java:25)
	at com.automation.framework.testcases.LoginTest.tearDown(LoginTest.java:25)
	at com.automation.framework.testcases.LoginTest.tearDown(LoginTest.java:25)
	at com.automation.framework.testcases.LoginTest.tearDown(LoginTest.java:25)
	at com.automation.framework.testcases.LoginTest.tearDown(LoginTest.java:25)
	at com.automation.framework.testcases.LoginTest.tearDown(LoginTest.java:25)
	at com.automation.framework.testcases.LoginTest.tearDown(LoginTest.java:25)
	at com.automation.framework.testcases.LoginTest.tearDown(LoginTest.java:25)
	at com.automation.framework.testcases.LoginTest.tearDown(LoginTest.java:25)
	at com.automation.framework.testcases.LoginTest.tearDown(LoginTest.java:25)
	at com.automation.framework.testcases.LoginTest.tearDown(LoginTest.java:25)
	at com.automation.framework.testcases.LoginTest.tearDown(LoginTest.java:25)
	at com.automation.framework.testcases.LoginTest.tearDown(LoginTest.java:25)
	at com.automation.framework.testcases.LoginTest.tearDown(LoginTest.java:25)
	at com.automation.framework.testcases.LoginTest.tearDown(LoginTest.java:25)
	at com.automation.framework.testcases.LoginTest.tearDown(LoginTest.java:25)
	at com.automation.framework.testcases.LoginTest.tearDown(LoginTest.java:25)
	at com.automation.framework.testcases.LoginTest.tearDown(LoginTest.java:25)
	at com.automation.framework.testcases.LoginTest.tearDown(LoginTest.java:25)
	at com.automation.framework.testcases.LoginTest.tearDown(LoginTest.java:25)
	at com.automation.framework.testcases.LoginTest.tearDown(LoginTest.java:25)
	at com.automation.framework.testcases.LoginTest.tearDown(LoginTest.java:25)
	at com.automation.framework.testcases.LoginTest.tearDown(LoginTest.java:25)
	at com.automation.framework.testcases.LoginTest.tearDown(LoginTest.java:25)
	at com.automation.framework.testcases.LoginTest.tearDown(LoginTest.java:25)
	at com.automation.framework.testcases.LoginTest.tearDown(LoginTest.java:25)
	at com.automation.framework.testcases.LoginTest.tearDown(LoginTest.java:25)
	at com.automation.framework.testcases.LoginTest.tearDown(LoginTest.java:25)
	at com.automation.framework.testcases.LoginTest.tearDown(LoginTest.java:25)
	at com.automation.framework.testcases.LoginTest.tearDown(LoginTest.java:25)
	at com.automation.framework.testcases.LoginTest.tearDown(LoginTest.java:25)
	at com.automation.framework.testcases.LoginTest.tearDown(LoginTest.java:25)
	at com.automation.framework.testcases.LoginTest.tearDown(LoginTest.java:25)
	at com.automation.framework.testcases.LoginTest.tearDown(LoginTest.java:25)
	at com.automation.framework.testcases.LoginTest.tearDown(LoginTest.java:25)
	at com.automation.framework.testcases.LoginTest.tearDown(LoginTest.java:25)
	at com.automation.framework.testcases.LoginTest.tearDown(LoginTest.java:25)
	at com.automation.framework.testcases.LoginTest.tearDown(LoginTest.java:25)
	at com.automation.framework.testcases.LoginTest.tearDown(LoginTest.java:25)
	at com.automation.framework.testcases.LoginTest.tearDown(LoginTest.java:25)
	at com.automation.framework.testcases.LoginTest.tearDown(LoginTest.java:25)
	at com.automation.framework.testcases.LoginTest.tearDown(LoginTest.java:25)
	at com.automation.framework.testcases.LoginTest.tearDown(LoginTest.java:25)
	at com.automation.framework.testcases.LoginTest.tearDown(LoginTest.java:25)
	at com.automation.framework.testcases.LoginTest.tearDown(LoginTest.java:25)
	at com.automation.framework.testcases.LoginTest.tearDown(LoginTest.java:25)
	at com.automation.framework.testcases.LoginTest.tearDown(LoginTest.java:25)
	at com.automation.framework.testcases.LoginTest.tearDown(LoginTest.java:25)
	at com.automation.framework.testcases.LoginTest.tearDown(LoginTest.java:25)
	at com.automation.framework.testcases.LoginTest.tearDown(LoginTest.java:25)
	at com.automation.framework.testcases.LoginTest.tearDown(LoginTest.java:25)
	at com.automation.framework.testcases.LoginTest.tearDown(LoginTest.java:25)
	at com.automation.framework.testcases.LoginTest.tearDown(LoginTest.java:25)
	at com.automation.framework.testcases.LoginTest.tearDown(LoginTest.java:25)
	at com.automation.framework.testcases.LoginTest.tearDown(LoginTest.java:25)
	at com.automation.framework.testcases.LoginTest.tearDown(LoginTest.java:25)
	at com.automation.framework.testcases.LoginTest.tearDown(LoginTest.java:25)
	at com.automation.framework.testcases.LoginTest.tearDown(LoginTest.java:25)
	at com.automation.framework.testcases.LoginTest.tearDown(LoginTest.java:25)
	at com.automation.framework.testcases.LoginTest.tearDown(LoginTest.java:25)
	at com.automation.framework.testcases.LoginTest.tearDown(LoginTest.java:25)
	at com.automation.framework.testcases.LoginTest.tearDown(LoginTest.java:25)
	at com.automation.framework.testcases.LoginTest.tearDown(LoginTest.java:25)
	at com.automation.framework.testcases.LoginTest.tearDown(LoginTest.java:25)
	at com.automation.framework.testcases.LoginTest.tearDown(LoginTest.java:25)
	at com.automation.framework.testcases.LoginTest.tearDown(LoginTest.java:25)
	at com.automation.framework.testcases.LoginTest.tearDown(LoginTest.java:25)
	at com.automation.framework.testcases.LoginTest.tearDown(LoginTest.java:25)
	at com.automation.framework.testcases.LoginTest.tearDown(LoginTest.java:25)
	at com.automation.framework.testcases.LoginTest.tearDown(LoginTest.java:25)
	at com.automation.framework.testcases.LoginTest.tearDown(LoginTest.java:25)
	at com.automation.framework.testcases.LoginTest.tearDown(LoginTest.java:25)
	at com.automation.framework.testcases.LoginTest.tearDown(LoginTest.java:25)
	at com.automation.framework.testcases.LoginTest.tearDown(LoginTest.java:25)
	at com.automation.framework.testcases.LoginTest.tearDown(LoginTest.java:25)
	at com.automation.framework.testcases.LoginTest.tearDown(LoginTest.java:25)
	at com.automation.framework.testcases.LoginTest.tearDown(LoginTest.java:25)
	at com.automation.framework.testcases.LoginTest.tearDown(LoginTest.java:25)
	at com.automation.framework.testcases.LoginTest.tearDown(LoginTest.java:25)
	at com.automation.framework.testcases.LoginTest.tearDown(LoginTest.java:25)
	at com.automation.framework.testcases.LoginTest.tearDown(LoginTest.java:25)
	at com.automation.framework.testcases.LoginTest.tearDown(LoginTest.java:25)
	at com.automation.framework.testcases.LoginTest.tearDown(LoginTest.java:25)
	at com.automation.framework.testcases.LoginTest.tearDown(LoginTest.java:25)
	at com.automation.framework.testcases.LoginTest.tearDown(LoginTest.java:25)
	at com.automation.framework.testcases.LoginTest.tearDown(LoginTest.java:25)
	at com.automation.framework.testcases.LoginTest.tearDown(LoginTest.java:25)
	at com.automation.framework.testcases.LoginTest.tearDown(LoginTest.java:25)
	at com.automation.framework.testcases.LoginTest.tearDown(LoginTest.java:25)
	at com.automation.framework.testcases.LoginTest.tearDown(LoginTest.java:25)
	at com.automation.framework.testcases.LoginTest.tearDown(LoginTest.java:25)
	at com.automation.framework.testcases.LoginTest.tearDown(LoginTest.java:25)
	at com.automation.framework.testcases.LoginTest.tearDown(LoginTest.java:25)
	at com.automation.framework.testcases.LoginTest.tearDown(LoginTest.java:25)
	at com.automation.framework.testcases.LoginTest.tearDown(LoginTest.java:25)
	at com.automation.framework.testcases.LoginTest.tearDown(LoginTest.java:25)
	at com.automation.framework.testcases.LoginTest.tearDown(LoginTest.java:25)
	at com.automation.framework.testcases.LoginTest.tearDown(LoginTest.java:25)
	at com.automation.framework.testcases.LoginTest.tearDown(LoginTest.java:25)
	at com.automation.framework.testcases.LoginTest.tearDown(LoginTest.java:25)
	at com.automation.framework.testcases.LoginTest.tearDown(LoginTest.java:25)
	at com.automation.framework.testcases.LoginTest.tearDown(LoginTest.java:25)
	at com.automation.framework.testcases.LoginTest.tearDown(LoginTest.java:25)
	at com.automation.framework.testcases.LoginTest.tearDown(LoginTest.java:25)
	at com.automation.framework.testcases.LoginTest.tearDown(LoginTest.java:25)
	at com.automation.framework.testcases.LoginTest.tearDown(LoginTest.java:25)
	at com.automation.framework.testcases.LoginTest.tearDown(LoginTest.java:25)
	at com.automation.framework.testcases.LoginTest.tearDown(LoginTest.java:25)
	at com.automation.framework.testcases.LoginTest.tearDown(LoginTest.java:25)
	at com.automation.framework.testcases.LoginTest.tearDown(LoginTest.java:25)
	at com.automation.framework.testcases.LoginTest.tearDown(LoginTest.java:25)
	at com.automation.framework.testcases.LoginTest.tearDown(LoginTest.java:25)
	at com.automation.framework.testcases.LoginTest.tearDown(LoginTest.java:25)
	at com.automation.framework.testcases.LoginTest.tearDown(LoginTest.java:25)
	at com.automation.framework.testcases.LoginTest.tearDown(LoginTest.java:25)
	at com.automation.framework.testcases.LoginTest.tearDown(LoginTest.java:25)
	at com.automation.framework.testcases.LoginTest.tearDown(LoginTest.java:25)
	at com.automation.framework.testcases.LoginTest.tearDown(LoginTest.java:25)
	at com.automation.framework.testcases.LoginTest.tearDown(LoginTest.java:25)
	at com.automation.framework.testcases.LoginTest.tearDown(LoginTest.java:25)
	at com.automation.framework.testcases.LoginTest.tearDown(LoginTest.java:25)
	at com.automation.framework.testcases.LoginTest.tearDown(LoginTest.java:25)
	at com.automation.framework.testcases.LoginTest.tearDown(LoginTest.java:25)
	at com.automation.framework.testcases.LoginTest.tearDown(LoginTest.java:25)
	at com.automation.framework.testcases.LoginTest.tearDown(LoginTest.java:25)
	at com.automation.framework.testcases.LoginTest.tearDown(LoginTest.java:25)
	at com.automation.framework.testcases.LoginTest.tearDown(LoginTest.java:25)
	at com.automation.framework.testcases.LoginTest.tearDown(LoginTest.java:25)
	at com.automation.framework.testcases.LoginTest.tearDown(LoginTest.java:25)
	at com.automation.framework.testcases.LoginTest.tearDown(LoginTest.java:25)
	at com.automation.framework.testcases.LoginTest.tearDown(LoginTest.java:25)
	at com.automation.framework.testcases.LoginTest.tearDown(LoginTest.java:25)
	at com.automation.framework.testcases.LoginTest.tearDown(LoginTest.java:25)
	at com.automation.framework.testcases.LoginTest.tearDown(LoginTest.java:25)
	at com.automation.framework.testcases.LoginTest.tearDown(LoginTest.java:25)
	at com.automation.framework.testcases.LoginTest.tearDown(LoginTest.java:25)
	at com.automation.framework.testcases.LoginTest.tearDown(LoginTest.java:25)
	at com.automation.framework.testcases.LoginTest.tearDown(LoginTest.java:25)
	at com.automation.framework.testcases.LoginTest.tearDown(LoginTest.java:25)
	at com.automation.framework.testcases.LoginTest.tearDown(LoginTest.java:25)
	at com.automation.framework.testcases.LoginTest.tearDown(LoginTest.java:25)
	at com.automation.framework.testcases.LoginTest.tearDown(LoginTest.java:25)
	at com.automation.framework.testcases.LoginTest.tearDown(LoginTest.java:25)
	at com.automation.framework.testcases.LoginTest.tearDown(LoginTest.java:25)
	at com.automation.framework.testcases.LoginTest.tearDown(LoginTest.java:25)
	at com.automation.framework.testcases.LoginTest.tearDown(LoginTest.java:25)
	at com.automation.framework.testcases.LoginTest.tearDown(LoginTest.java:25)
	at com.automation.framework.testcases.LoginTest.tearDown(LoginTest.java:25)
	at com.automation.framework.testcases.LoginTest.tearDown(LoginTest.java:25)
	at com.automation.framework.testcases.LoginTest.tearDown(LoginTest.java:25)
	at com.automation.framework.testcases.LoginTest.tearDown(LoginTest.java:25)
	at com.automation.framework.testcases.LoginTest.tearDown(LoginTest.java:25)
	at com.automation.framework.testcases.LoginTest.tearDown(LoginTest.java:25)
	at com.automation.framework.testcases.LoginTest.tearDown(LoginTest.java:25)
	at com.automation.framework.testcases.LoginTest.tearDown(LoginTest.java:25)
	at com.automation.framework.testcases.LoginTest.tearDown(LoginTest.java:25)
	at com.automation.framework.testcases.LoginTest.tearDown(LoginTest.java:25)
	at com.automation.framework.testcases.LoginTest.tearDown(LoginTest.java:25)
	at com.automation.framework.testcases.LoginTest.tearDown(LoginTest.java:25)
	at com.automation.framework.testcases.LoginTest.tearDown(LoginTest.java:25)
	at com.automation.framework.testcases.LoginTest.tearDown(LoginTest.java:25)
	at com.automation.framework.testcases.LoginTest.tearDown(LoginTest.java:25)
	at com.automation.framework.testcases.LoginTest.tearDown(LoginTest.java:25)
	at com.automation.framework.testcases.LoginTest.tearDown(LoginTest.java:25)
	at com.automation.framework.testcases.LoginTest.tearDown(LoginTest.java:25)
	at com.automation.framework.testcases.LoginTest.tearDown(LoginTest.java:25)
	at com.automation.framework.testcases.LoginTest.tearDown(LoginTest.java:25)
	at com.automation.framework.testcases.LoginTest.tearDown(LoginTest.java:25)
	at com.automation.framework.testcases.LoginTest.tearDown(LoginTest.java:25)
	at com.automation.framework.testcases.LoginTest.tearDown(LoginTest.java:25)
	at com.automation.framework.testcases.LoginTest.tearDown(LoginTest.java:25)
	at com.automation.framework.testcases.LoginTest.tearDown(LoginTest.java:25)
	at com.automation.framework.testcases.LoginTest.tearDown(LoginTest.java:25)
]]></failure>
  </testcase>
</testsuite>