<?xml version="1.0" encoding="UTF-8"?>
<testng-results skipped="0" failed="0" ignored="0" total="1" passed="1">
  <reporter-output>
  </reporter-output>
  <suite name="Suite" duration-ms="21750" started-at="2022-04-23T06:27:52Z" finished-at="2022-04-23T06:28:14Z">
    <groups>
    </groups>
    <test name="Regression" duration-ms="21750" started-at="2022-04-23T06:27:52Z" finished-at="2022-04-23T06:28:14Z">
      <class name="com.automation.framework.testcases.LoginTest">
        <test-method status="PASS" signature="init()[pri:0, instance:com.automation.framework.testcases.LoginTest@5e955596]" name="init" is-config="true" duration-ms="18941" started-at="2022-04-23T06:27:52Z" finished-at="2022-04-23T06:28:11Z">
          <reporter-output>
          </reporter-output>
        </test-method> <!-- init -->
        <test-method status="PASS" signature="validateGetStartedButton()[pri:0, instance:com.automation.framework.testcases.LoginTest@5e955596]" name="validateGetStartedButton" duration-ms="2552" started-at="2022-04-23T06:28:11Z" finished-at="2022-04-23T06:28:14Z">
          <reporter-output>
          </reporter-output>
        </test-method> <!-- validateGetStartedButton -->
        <test-method status="FAIL" signature="tearDown()[pri:0, instance:com.automation.framework.testcases.LoginTest@5e955596]" name="tearDown" is-config="true" duration-ms="7" started-at="2022-04-23T06:28:14Z" finished-at="2022-04-23T06:28:14Z">
          <exception class="java.lang.StackOverflowError">
            <full-stacktrace>
              <![CDATA[java.lang.StackOverflowError
at com.automation.framework.testcases.LoginTest.tearDown(LoginTest.java:25)
at com.automation.framework.testcases.LoginTest.tearDown(LoginTest.java:25)
at com.automation.framework.testcases.LoginTest.tearDown(LoginTest.java:25)
at com.automation.framework.testcases.LoginTest.tearDown(LoginTest.java:25)
at com.automation.framework.testcases.LoginTest.tearDown(LoginTest.java:25)
at com.automation.framework.testcases.LoginTest.tearDown(LoginTest.java:25)
at com.automation.framework.testcases.LoginTest.tearDown(LoginTest.java:25)
at com.automation.framework.testcases.LoginTest.tearDown(LoginTest.java:25)
at com.automation.framework.testcases.LoginTest.tearDown(LoginTest.java:25)
at com.automation.framework.testcases.LoginTest.tearDown(LoginTest.java:25)
at com.automation.framework.testcases.LoginTest.tearDown(LoginTest.java:25)
at com.automation.framework.testcases.LoginTest.tearDown(LoginTest.java:25)
at com.automation.framework.testcases.LoginTest.tearDown(LoginTest.java:25)
at com.automation.framework.testcases.LoginTest.tearDown(LoginTest.java:25)
at com.automation.framework.testcases.LoginTest.tearDown(LoginTest.java:25)
at com.automation.framework.testcases.LoginTest.tearDown(LoginTest.java:25)
at com.automation.framework.testcases.LoginTest.tearDown(LoginTest.java:25)
at com.automation.framework.testcases.LoginTest.tearDown(LoginTest.java:25)
at com.automation.framework.testcases.LoginTest.tearDown(LoginTest.java:25)
at com.automation.framework.testcases.LoginTest.tearDown(LoginTest.java:25)
at com.automation.framework.testcases.LoginTest.tearDown(LoginTest.java:25)
at com.automation.framework.testcases.LoginTest.tearDown(LoginTest.java:25)
at com.automation.framework.testcases.LoginTest.tearDown(LoginTest.java:25)
at com.automation.framework.testcases.LoginTest.tearDown(LoginTest.java:25)
at com.automation.framework.testcases.LoginTest.tearDown(LoginTest.java:25)
at com.automation.framework.testcases.LoginTest.tearDown(LoginTest.java:25)
at com.automation.framework.testcases.LoginTest.tearDown(LoginTest.java:25)
at com.automation.framework.testcases.LoginTest.tearDown(LoginTest.java:25)
at com.automation.framework.testcases.LoginTest.tearDown(LoginTest.java:25)
at com.automation.framework.testcases.LoginTest.tearDown(LoginTest.java:25)
at com.automation.framework.testcases.LoginTest.tearDown(LoginTest.java:25)
at com.automation.framework.testcases.LoginTest.tearDown(LoginTest.java:25)
at com.automation.framework.testcases.LoginTest.tearDown(LoginTest.java:25)
at com.automation.framework.testcases.LoginTest.tearDown(LoginTest.java:25)
at com.automation.framework.testcases.LoginTest.tearDown(LoginTest.java:25)
at com.automation.framework.testcases.LoginTest.tearDown(LoginTest.java:25)
at com.automation.framework.testcases.LoginTest.tearDown(LoginTest.java:25)
at com.automation.framework.testcases.LoginTest.tearDown(LoginTest.java:25)
at com.automation.framework.testcases.LoginTest.tearDown(LoginTest.java:25)
at com.automation.framework.testcases.LoginTest.tearDown(LoginTest.java:25)
at com.automation.framework.testcases.LoginTest.tearDown(LoginTest.java:25)
at com.automation.framework.testcases.LoginTest.tearDown(LoginTest.java:25)
at com.automation.framework.testcases.LoginTest.tearDown(LoginTest.java:25)
at com.automation.framework.testcases.LoginTest.tearDown(LoginTest.java:25)
at com.automation.framework.testcases.LoginTest.tearDown(LoginTest.java:25)
at com.automation.framework.testcases.LoginTest.tearDown(LoginTest.java:25)
at com.automation.framework.testcases.LoginTest.tearDown(LoginTest.java:25)
at com.automation.framework.testcases.LoginTest.tearDown(LoginTest.java:25)
at com.automation.framework.testcases.LoginTest.tearDown(LoginTest.java:25)
at com.automation.framework.testcases.LoginTest.tearDown(LoginTest.java:25)
at com.automation.framework.testcases.LoginTest.tearDown(LoginTest.java:25)
at com.automation.framework.testcases.LoginTest.tearDown(LoginTest.java:25)
at com.automation.framework.testcases.LoginTest.tearDown(LoginTest.java:25)
at com.automation.framework.testcases.LoginTest.tearDown(LoginTest.java:25)
at com.automation.framework.testcases.LoginTest.tearDown(LoginTest.java:25)
at com.automation.framework.testcases.LoginTest.tearDown(LoginTest.java:25)
at com.automation.framework.testcases.LoginTest.tearDown(LoginTest.java:25)
at com.automation.framework.testcases.LoginTest.tearDown(LoginTest.java:25)
at com.automation.framework.testcases.LoginTest.tearDown(LoginTest.java:25)
at com.automation.framework.testcases.LoginTest.tearDown(LoginTest.java:25)
at com.automation.framework.testcases.LoginTest.tearDown(LoginTest.java:25)
at com.automation.framework.testcases.LoginTest.tearDown(LoginTest.java:25)
at com.automation.framework.testcases.LoginTest.tearDown(LoginTest.java:25)
at com.automation.framework.testcases.LoginTest.tearDown(LoginTest.java:25)
at com.automation.framework.testcases.LoginTest.tearDown(LoginTest.java:25)
at com.automation.framework.testcases.LoginTest.tearDown(LoginTest.java:25)
at com.automation.framework.testcases.LoginTest.tearDown(LoginTest.java:25)
at com.automation.framework.testcases.LoginTest.tearDown(LoginTest.java:25)
at com.automation.framework.testcases.LoginTest.tearDown(LoginTest.java:25)
at com.automation.framework.testcases.LoginTest.tearDown(LoginTest.java:25)
at com.automation.framework.testcases.LoginTest.tearDown(LoginTest.java:25)
at com.automation.framework.testcases.LoginTest.tearDown(LoginTest.java:25)
at com.automation.framework.testcases.LoginTest.tearDown(LoginTest.java:25)
at com.automation.framework.testcases.LoginTest.tearDown(LoginTest.java:25)
at com.automation.framework.testcases.LoginTest.tearDown(LoginTest.java:25)
at com.automation.framework.testcases.LoginTest.tearDown(LoginTest.java:25)
at com.automation.framework.testcases.LoginTest.tearDown(LoginTest.java:25)
at com.automation.framework.testcases.LoginTest.tearDown(LoginTest.java:25)
at com.automation.framework.testcases.LoginTest.tearDown(LoginTest.java:25)
at com.automation.framework.testcases.LoginTest.tearDown(LoginTest.java:25)
at com.automation.framework.testcases.LoginTest.tearDown(LoginTest.java:25)
at com.automation.framework.testcases.LoginTest.tearDown(LoginTest.java:25)
at com.automation.framework.testcases.LoginTest.tearDown(LoginTest.java:25)
at com.automation.framework.testcases.LoginTest.tearDown(LoginTest.java:25)
at com.automation.framework.testcases.LoginTest.tearDown(LoginTest.java:25)
at com.automation.framework.testcases.LoginTest.tearDown(LoginTest.java:25)
at com.automation.framework.testcases.LoginTest.tearDown(LoginTest.java:25)
at com.automation.framework.testcases.LoginTest.tearDown(LoginTest.java:25)
at com.automation.framework.testcases.LoginTest.tearDown(LoginTest.java:25)
at com.automation.framework.testcases.LoginTest.tearDown(LoginTest.java:25)
at com.automation.framework.testcases.LoginTest.tearDown(LoginTest.java:25)
at com.automation.framework.testcases.LoginTest.tearDown(LoginTest.java:25)
at com.automation.framework.testcases.LoginTest.tearDown(LoginTest.java:25)
at com.automation.framework.testcases.LoginTest.tearDown(LoginTest.java:25)
at com.automation.framework.testcases.LoginTest.tearDown(LoginTest.java:25)
at com.automation.framework.testcases.LoginTest.tearDown(LoginTest.java:25)
at com.automation.framework.testcases.LoginTest.tearDown(LoginTest.java:25)
at com.automation.framework.testcases.LoginTest.tearDown(LoginTest.java:25)
at com.automation.framework.testcases.LoginTest.tearDown(LoginTest.java:25)
at com.automation.framework.testcases.LoginTest.tearDown(LoginTest.java:25)
at com.automation.framework.testcases.LoginTest.tearDown(LoginTest.java:25)
at com.automation.framework.testcases.LoginTest.tearDown(LoginTest.java:25)
at com.automation.framework.testcases.LoginTest.tearDown(LoginTest.java:25)
at com.automation.framework.testcases.LoginTest.tearDown(LoginTest.java:25)
at com.automation.framework.testcases.LoginTest.tearDown(LoginTest.java:25)
at com.automation.framework.testcases.LoginTest.tearDown(LoginTest.java:25)
at com.automation.framework.testcases.LoginTest.tearDown(LoginTest.java:25)
at com.automation.framework.testcases.LoginTest.tearDown(LoginTest.java:25)
at com.automation.framework.testcases.LoginTest.tearDown(LoginTest.java:25)
at com.automation.framework.testcases.LoginTest.tearDown(LoginTest.java:25)
at com.automation.framework.testcases.LoginTest.tearDown(LoginTest.java:25)
at com.automation.framework.testcases.LoginTest.tearDown(LoginTest.java:25)
at com.automation.framework.testcases.LoginTest.tearDown(LoginTest.java:25)
at com.automation.framework.testcases.LoginTest.tearDown(LoginTest.java:25)
at com.automation.framework.testcases.LoginTest.tearDown(LoginTest.java:25)
at com.automation.framework.testcases.LoginTest.tearDown(LoginTest.java:25)
at com.automation.framework.testcases.LoginTest.tearDown(LoginTest.java:25)
at com.automation.framework.testcases.LoginTest.tearDown(LoginTest.java:25)
at com.automation.framework.testcases.LoginTest.tearDown(LoginTest.java:25)
at com.automation.framework.testcases.LoginTest.tearDown(LoginTest.java:25)
at com.automation.framework.testcases.LoginTest.tearDown(LoginTest.java:25)
at com.automation.framework.testcases.LoginTest.tearDown(LoginTest.java:25)
at com.automation.framework.testcases.LoginTest.tearDown(LoginTest.java:25)
at com.automation.framework.testcases.LoginTest.tearDown(LoginTest.java:25)
at com.automation.framework.testcases.LoginTest.tearDown(LoginTest.java:25)
at com.automation.framework.testcases.LoginTest.tearDown(LoginTest.java:25)
at com.automation.framework.testcases.LoginTest.tearDown(LoginTest.java:25)
at com.automation.framework.testcases.LoginTest.tearDown(LoginTest.java:25)
at com.automation.framework.testcases.LoginTest.tearDown(LoginTest.java:25)
at com.automation.framework.testcases.LoginTest.tearDown(LoginTest.java:25)
at com.automation.framework.testcases.LoginTest.tearDown(LoginTest.java:25)
at com.automation.framework.testcases.LoginTest.tearDown(LoginTest.java:25)
at com.automation.framework.testcases.LoginTest.tearDown(LoginTest.java:25)
at com.automation.framework.testcases.LoginTest.tearDown(LoginTest.java:25)
at com.automation.framework.testcases.LoginTest.tearDown(LoginTest.java:25)
at com.automation.framework.testcases.LoginTest.tearDown(LoginTest.java:25)
at com.automation.framework.testcases.LoginTest.tearDown(LoginTest.java:25)
at com.automation.framework.testcases.LoginTest.tearDown(LoginTest.java:25)
at com.automation.framework.testcases.LoginTest.tearDown(LoginTest.java:25)
at com.automation.framework.testcases.LoginTest.tearDown(LoginTest.java:25)
at com.automation.framework.testcases.LoginTest.tearDown(LoginTest.java:25)
at com.automation.framework.testcases.LoginTest.tearDown(LoginTest.java:25)
at com.automation.framework.testcases.LoginTest.tearDown(LoginTest.java:25)
at com.automation.framework.testcases.LoginTest.tearDown(LoginTest.java:25)
at com.automation.framework.testcases.LoginTest.tearDown(LoginTest.java:25)
at com.automation.framework.testcases.LoginTest.tearDown(LoginTest.java:25)
at com.automation.framework.testcases.LoginTest.tearDown(LoginTest.java:25)
at com.automation.framework.testcases.LoginTest.tearDown(LoginTest.java:25)
at com.automation.framework.testcases.LoginTest.tearDown(LoginTest.java:25)
at com.automation.framework.testcases.LoginTest.tearDown(LoginTest.java:25)
at com.automation.framework.testcases.LoginTest.tearDown(LoginTest.java:25)
at com.automation.framework.testcases.LoginTest.tearDown(LoginTest.java:25)
at com.automation.framework.testcases.LoginTest.tearDown(LoginTest.java:25)
at com.automation.framework.testcases.LoginTest.tearDown(LoginTest.java:25)
at com.automation.framework.testcases.LoginTest.tearDown(LoginTest.java:25)
at com.automation.framework.testcases.LoginTest.tearDown(LoginTest.java:25)
at com.automation.framework.testcases.LoginTest.tearDown(LoginTest.java:25)
at com.automation.framework.testcases.LoginTest.tearDown(LoginTest.java:25)
at com.automation.framework.testcases.LoginTest.tearDown(LoginTest.java:25)
at com.automation.framework.testcases.LoginTest.tearDown(LoginTest.java:25)
at com.automation.framework.testcases.LoginTest.tearDown(LoginTest.java:25)
at com.automation.framework.testcases.LoginTest.tearDown(LoginTest.java:25)
at com.automation.framework.testcases.LoginTest.tearDown(LoginTest.java:25)
at com.automation.framework.testcases.LoginTest.tearDown(LoginTest.java:25)
at com.automation.framework.testcases.LoginTest.tearDown(LoginTest.java:25)
at com.automation.framework.testcases.LoginTest.tearDown(LoginTest.java:25)
at com.automation.framework.testcases.LoginTest.tearDown(LoginTest.java:25)
at com.automation.framework.testcases.LoginTest.tearDown(LoginTest.java:25)
at com.automation.framework.testcases.LoginTest.tearDown(LoginTest.java:25)
at com.automation.framework.testcases.LoginTest.tearDown(LoginTest.java:25)
at com.automation.framework.testcases.LoginTest.tearDown(LoginTest.java:25)
at com.automation.framework.testcases.LoginTest.tearDown(LoginTest.java:25)
at com.automation.framework.testcases.LoginTest.tearDown(LoginTest.java:25)
at com.automation.framework.testcases.LoginTest.tearDown(LoginTest.java:25)
at com.automation.framework.testcases.LoginTest.tearDown(LoginTest.java:25)
at com.automation.framework.testcases.LoginTest.tearDown(LoginTest.java:25)
at com.automation.framework.testcases.LoginTest.tearDown(LoginTest.java:25)
at com.automation.framework.testcases.LoginTest.tearDown(LoginTest.java:25)
at com.automation.framework.testcases.LoginTest.tearDown(LoginTest.java:25)
at com.automation.framework.testcases.LoginTest.tearDown(LoginTest.java:25)
at com.automation.framework.testcases.LoginTest.tearDown(LoginTest.java:25)
at com.automation.framework.testcases.LoginTest.tearDown(LoginTest.java:25)
at com.automation.framework.testcases.LoginTest.tearDown(LoginTest.java:25)
at com.automation.framework.testcases.LoginTest.tearDown(LoginTest.java:25)
at com.automation.framework.testcases.LoginTest.tearDown(LoginTest.java:25)
at com.automation.framework.testcases.LoginTest.tearDown(LoginTest.java:25)
at com.automation.framework.testcases.LoginTest.tearDown(LoginTest.java:25)
at com.automation.framework.testcases.LoginTest.tearDown(LoginTest.java:25)
at com.automation.framework.testcases.LoginTest.tearDown(LoginTest.java:25)
at com.automation.framework.testcases.LoginTest.tearDown(LoginTest.java:25)
at com.automation.framework.testcases.LoginTest.tearDown(LoginTest.java:25)
at com.automation.framework.testcases.LoginTest.tearDown(LoginTest.java:25)
at com.automation.framework.testcases.LoginTest.tearDown(LoginTest.java:25)
at com.automation.framework.testcases.LoginTest.tearDown(LoginTest.java:25)
at com.automation.framework.testcases.LoginTest.tearDown(LoginTest.java:25)
at com.automation.framework.testcases.LoginTest.tearDown(LoginTest.java:25)
at com.automation.framework.testcases.LoginTest.tearDown(LoginTest.java:25)
at com.automation.framework.testcases.LoginTest.tearDown(LoginTest.java:25)
at com.automation.framework.testcases.LoginTest.tearDown(LoginTest.java:25)
at com.automation.framework.testcases.LoginTest.tearDown(LoginTest.java:25)
at com.automation.framework.testcases.LoginTest.tearDown(LoginTest.java:25)
at com.automation.framework.testcases.LoginTest.tearDown(LoginTest.java:25)
at com.automation.framework.testcases.LoginTest.tearDown(LoginTest.java:25)
at com.automation.framework.testcases.LoginTest.tearDown(LoginTest.java:25)
at com.automation.framework.testcases.LoginTest.tearDown(LoginTest.java:25)
at com.automation.framework.testcases.LoginTest.tearDown(LoginTest.java:25)
at com.automation.framework.testcases.LoginTest.tearDown(LoginTest.java:25)
at com.automation.framework.testcases.LoginTest.tearDown(LoginTest.java:25)
at com.automation.framework.testcases.LoginTest.tearDown(LoginTest.java:25)
at com.automation.framework.testcases.LoginTest.tearDown(LoginTest.java:25)
at com.automation.framework.testcases.LoginTest.tearDown(LoginTest.java:25)
at com.automation.framework.testcases.LoginTest.tearDown(LoginTest.java:25)
at com.automation.framework.testcases.LoginTest.tearDown(LoginTest.java:25)
at com.automation.framework.testcases.LoginTest.tearDown(LoginTest.java:25)
at com.automation.framework.testcases.LoginTest.tearDown(LoginTest.java:25)
at com.automation.framework.testcases.LoginTest.tearDown(LoginTest.java:25)
at com.automation.framework.testcases.LoginTest.tearDown(LoginTest.java:25)
at com.automation.framework.testcases.LoginTest.tearDown(LoginTest.java:25)
at com.automation.framework.testcases.LoginTest.tearDown(LoginTest.java:25)
at com.automation.framework.testcases.LoginTest.tearDown(LoginTest.java:25)
at com.automation.framework.testcases.LoginTest.tearDown(LoginTest.java:25)
at com.automation.framework.testcases.LoginTest.tearDown(LoginTest.java:25)
at com.automation.framework.testcases.LoginTest.tearDown(LoginTest.java:25)
at com.automation.framework.testcases.LoginTest.tearDown(LoginTest.java:25)
at com.automation.framework.testcases.LoginTest.tearDown(LoginTest.java:25)
at com.automation.framework.testcases.LoginTest.tearDown(LoginTest.java:25)
at com.automation.framework.testcases.LoginTest.tearDown(LoginTest.java:25)
at com.automation.framework.testcases.LoginTest.tearDown(LoginTest.java:25)
at com.automation.framework.testcases.LoginTest.tearDown(LoginTest.java:25)
at com.automation.framework.testcases.LoginTest.tearDown(LoginTest.java:25)
at com.automation.framework.testcases.LoginTest.tearDown(LoginTest.java:25)
at com.automation.framework.testcases.LoginTest.tearDown(LoginTest.java:25)
at com.automation.framework.testcases.LoginTest.tearDown(LoginTest.java:25)
at com.automation.framework.testcases.LoginTest.tearDown(LoginTest.java:25)
at com.automation.framework.testcases.LoginTest.tearDown(LoginTest.java:25)
at com.automation.framework.testcases.LoginTest.tearDown(LoginTest.java:25)
at com.automation.framework.testcases.LoginTest.tearDown(LoginTest.java:25)
at com.automation.framework.testcases.LoginTest.tearDown(LoginTest.java:25)
at com.automation.framework.testcases.LoginTest.tearDown(LoginTest.java:25)
at com.automation.framework.testcases.LoginTest.tearDown(LoginTest.java:25)
at com.automation.framework.testcases.LoginTest.tearDown(LoginTest.java:25)
at com.automation.framework.testcases.LoginTest.tearDown(LoginTest.java:25)
at com.automation.framework.testcases.LoginTest.tearDown(LoginTest.java:25)
at com.automation.framework.testcases.LoginTest.tearDown(LoginTest.java:25)
at com.automation.framework.testcases.LoginTest.tearDown(LoginTest.java:25)
at com.automation.framework.testcases.LoginTest.tearDown(LoginTest.java:25)
at com.automation.framework.testcases.LoginTest.tearDown(LoginTest.java:25)
at com.automation.framework.testcases.LoginTest.tearDown(LoginTest.java:25)
at com.automation.framework.testcases.LoginTest.tearDown(LoginTest.java:25)
at com.automation.framework.testcases.LoginTest.tearDown(LoginTest.java:25)
at com.automation.framework.testcases.LoginTest.tearDown(LoginTest.java:25)
at com.automation.framework.testcases.LoginTest.tearDown(LoginTest.java:25)
at com.automation.framework.testcases.LoginTest.tearDown(LoginTest.java:25)
at com.automation.framework.testcases.LoginTest.tearDown(LoginTest.java:25)
at com.automation.framework.testcases.LoginTest.tearDown(LoginTest.java:25)
at com.automation.framework.testcases.LoginTest.tearDown(LoginTest.java:25)
at com.automation.framework.testcases.LoginTest.tearDown(LoginTest.java:25)
at com.automation.framework.testcases.LoginTest.tearDown(LoginTest.java:25)
at com.automation.framework.testcases.LoginTest.tearDown(LoginTest.java:25)
at com.automation.framework.testcases.LoginTest.tearDown(LoginTest.java:25)
at com.automation.framework.testcases.LoginTest.tearDown(LoginTest.java:25)
at com.automation.framework.testcases.LoginTest.tearDown(LoginTest.java:25)
at com.automation.framework.testcases.LoginTest.tearDown(LoginTest.java:25)
at com.automation.framework.testcases.LoginTest.tearDown(LoginTest.java:25)
at com.automation.framework.testcases.LoginTest.tearDown(LoginTest.java:25)
at com.automation.framework.testcases.LoginTest.tearDown(LoginTest.java:25)
at com.automation.framework.testcases.LoginTest.tearDown(LoginTest.java:25)
at com.automation.framework.testcases.LoginTest.tearDown(LoginTest.java:25)
at com.automation.framework.testcases.LoginTest.tearDown(LoginTest.java:25)
at com.automation.framework.testcases.LoginTest.tearDown(LoginTest.java:25)
at com.automation.framework.testcases.LoginTest.tearDown(LoginTest.java:25)
at com.automation.framework.testcases.LoginTest.tearDown(LoginTest.java:25)
at com.automation.framework.testcases.LoginTest.tearDown(LoginTest.java:25)
at com.automation.framework.testcases.LoginTest.tearDown(LoginTest.java:25)
at com.automation.framework.testcases.LoginTest.tearDown(LoginTest.java:25)
at com.automation.framework.testcases.LoginTest.tearDown(LoginTest.java:25)
at com.automation.framework.testcases.LoginTest.tearDown(LoginTest.java:25)
at com.automation.framework.testcases.LoginTest.tearDown(LoginTest.java:25)
at com.automation.framework.testcases.LoginTest.tearDown(LoginTest.java:25)
at com.automation.framework.testcases.LoginTest.tearDown(LoginTest.java:25)
at com.automation.framework.testcases.LoginTest.tearDown(LoginTest.java:25)
at com.automation.framework.testcases.LoginTest.tearDown(LoginTest.java:25)
at com.automation.framework.testcases.LoginTest.tearDown(LoginTest.java:25)
at com.automation.framework.testcases.LoginTest.tearDown(LoginTest.java:25)
at com.automation.framework.testcases.LoginTest.tearDown(LoginTest.java:25)
at com.automation.framework.testcases.LoginTest.tearDown(LoginTest.java:25)
at com.automation.framework.testcases.LoginTest.tearDown(LoginTest.java:25)
at com.automation.framework.testcases.LoginTest.tearDown(LoginTest.java:25)
at com.automation.framework.testcases.LoginTest.tearDown(LoginTest.java:25)
at com.automation.framework.testcases.LoginTest.tearDown(LoginTest.java:25)
at com.automation.framework.testcases.LoginTest.tearDown(LoginTest.java:25)
at com.automation.framework.testcases.LoginTest.tearDown(LoginTest.java:25)
at com.automation.framework.testcases.LoginTest.tearDown(LoginTest.java:25)
at com.automation.framework.testcases.LoginTest.tearDown(LoginTest.java:25)
at com.automation.framework.testcases.LoginTest.tearDown(LoginTest.java:25)
at com.automation.framework.testcases.LoginTest.tearDown(LoginTest.java:25)
at com.automation.framework.testcases.LoginTest.tearDown(LoginTest.java:25)
at com.automation.framework.testcases.LoginTest.tearDown(LoginTest.java:25)
at com.automation.framework.testcases.LoginTest.tearDown(LoginTest.java:25)
at com.automation.framework.testcases.LoginTest.tearDown(LoginTest.java:25)
at com.automation.framework.testcases.LoginTest.tearDown(LoginTest.java:25)
at com.automation.framework.testcases.LoginTest.tearDown(LoginTest.java:25)
at com.automation.framework.testcases.LoginTest.tearDown(LoginTest.java:25)
at com.automation.framework.testcases.LoginTest.tearDown(LoginTest.java:25)
at com.automation.framework.testcases.LoginTest.tearDown(LoginTest.java:25)
at com.automation.framework.testcases.LoginTest.tearDown(LoginTest.java:25)
at com.automation.framework.testcases.LoginTest.tearDown(LoginTest.java:25)
at com.automation.framework.testcases.LoginTest.tearDown(LoginTest.java:25)
at com.automation.framework.testcases.LoginTest.tearDown(LoginTest.java:25)
at com.automation.framework.testcases.LoginTest.tearDown(LoginTest.java:25)
at com.automation.framework.testcases.LoginTest.tearDown(LoginTest.java:25)
at com.automation.framework.testcases.LoginTest.tearDown(LoginTest.java:25)
at com.automation.framework.testcases.LoginTest.tearDown(LoginTest.java:25)
at com.automation.framework.testcases.LoginTest.tearDown(LoginTest.java:25)
at com.automation.framework.testcases.LoginTest.tearDown(LoginTest.java:25)
at com.automation.framework.testcases.LoginTest.tearDown(LoginTest.java:25)
at com.automation.framework.testcases.LoginTest.tearDown(LoginTest.java:25)
at com.automation.framework.testcases.LoginTest.tearDown(LoginTest.java:25)
at com.automation.framework.testcases.LoginTest.tearDown(LoginTest.java:25)
at com.automation.framework.testcases.LoginTest.tearDown(LoginTest.java:25)
at com.automation.framework.testcases.LoginTest.tearDown(LoginTest.java:25)
at com.automation.framework.testcases.LoginTest.tearDown(LoginTest.java:25)
at com.automation.framework.testcases.LoginTest.tearDown(LoginTest.java:25)
at com.automation.framework.testcases.LoginTest.tearDown(LoginTest.java:25)
at com.automation.framework.testcases.LoginTest.tearDown(LoginTest.java:25)
at com.automation.framework.testcases.LoginTest.tearDown(LoginTest.java:25)
at com.automation.framework.testcases.LoginTest.tearDown(LoginTest.java:25)
at com.automation.framework.testcases.LoginTest.tearDown(LoginTest.java:25)
at com.automation.framework.testcases.LoginTest.tearDown(LoginTest.java:25)
at com.automation.framework.testcases.LoginTest.tearDown(LoginTest.java:25)
at com.automation.framework.testcases.LoginTest.tearDown(LoginTest.java:25)
at com.automation.framework.testcases.LoginTest.tearDown(LoginTest.java:25)
at com.automation.framework.testcases.LoginTest.tearDown(LoginTest.java:25)
at com.automation.framework.testcases.LoginTest.tearDown(LoginTest.java:25)
at com.automation.framework.testcases.LoginTest.tearDown(LoginTest.java:25)
at com.automation.framework.testcases.LoginTest.tearDown(LoginTest.java:25)
at com.automation.framework.testcases.LoginTest.tearDown(LoginTest.java:25)
at com.automation.framework.testcases.LoginTest.tearDown(LoginTest.java:25)
at com.automation.framework.testcases.LoginTest.tearDown(LoginTest.java:25)
at com.automation.framework.testcases.LoginTest.tearDown(LoginTest.java:25)
at com.automation.framework.testcases.LoginTest.tearDown(LoginTest.java:25)
at com.automation.framework.testcases.LoginTest.tearDown(LoginTest.java:25)
at com.automation.framework.testcases.LoginTest.tearDown(LoginTest.java:25)
at com.automation.framework.testcases.LoginTest.tearDown(LoginTest.java:25)
at com.automation.framework.testcases.LoginTest.tearDown(LoginTest.java:25)
at com.automation.framework.testcases.LoginTest.tearDown(LoginTest.java:25)
at com.automation.framework.testcases.LoginTest.tearDown(LoginTest.java:25)
at com.automation.framework.testcases.LoginTest.tearDown(LoginTest.java:25)
at com.automation.framework.testcases.LoginTest.tearDown(LoginTest.java:25)
at com.automation.framework.testcases.LoginTest.tearDown(LoginTest.java:25)
at com.automation.framework.testcases.LoginTest.tearDown(LoginTest.java:25)
at com.automation.framework.testcases.LoginTest.tearDown(LoginTest.java:25)
at com.automation.framework.testcases.LoginTest.tearDown(LoginTest.java:25)
at com.automation.framework.testcases.LoginTest.tearDown(LoginTest.java:25)
at com.automation.framework.testcases.LoginTest.tearDown(LoginTest.java:25)
at com.automation.framework.testcases.LoginTest.tearDown(LoginTest.java:25)
at com.automation.framework.testcases.LoginTest.tearDown(LoginTest.java:25)
at com.automation.framework.testcases.LoginTest.tearDown(LoginTest.java:25)
at com.automation.framework.testcases.LoginTest.tearDown(LoginTest.java:25)
at com.automation.framework.testcases.LoginTest.tearDown(LoginTest.java:25)
at com.automation.framework.testcases.LoginTest.tearDown(LoginTest.java:25)
at com.automation.framework.testcases.LoginTest.tearDown(LoginTest.java:25)
at com.automation.framework.testcases.LoginTest.tearDown(LoginTest.java:25)
at com.automation.framework.testcases.LoginTest.tearDown(LoginTest.java:25)
at com.automation.framework.testcases.LoginTest.tearDown(LoginTest.java:25)
at com.automation.framework.testcases.LoginTest.tearDown(LoginTest.java:25)
at com.automation.framework.testcases.LoginTest.tearDown(LoginTest.java:25)
at com.automation.framework.testcases.LoginTest.tearDown(LoginTest.java:25)
at com.automation.framework.testcases.LoginTest.tearDown(LoginTest.java:25)
at com.automation.framework.testcases.LoginTest.tearDown(LoginTest.java:25)
at com.automation.framework.testcases.LoginTest.tearDown(LoginTest.java:25)
at com.automation.framework.testcases.LoginTest.tearDown(LoginTest.java:25)
at com.automation.framework.testcases.LoginTest.tearDown(LoginTest.java:25)
at com.automation.framework.testcases.LoginTest.tearDown(LoginTest.java:25)
at com.automation.framework.testcases.LoginTest.tearDown(LoginTest.java:25)
at com.automation.framework.testcases.LoginTest.tearDown(LoginTest.java:25)
at com.automation.framework.testcases.LoginTest.tearDown(LoginTest.java:25)
at com.automation.framework.testcases.LoginTest.tearDown(LoginTest.java:25)
at com.automation.framework.testcases.LoginTest.tearDown(LoginTest.java:25)
at com.automation.framework.testcases.LoginTest.tearDown(LoginTest.java:25)
at com.automation.framework.testcases.LoginTest.tearDown(LoginTest.java:25)
at com.automation.framework.testcases.LoginTest.tearDown(LoginTest.java:25)
at com.automation.framework.testcases.LoginTest.tearDown(LoginTest.java:25)
at com.automation.framework.testcases.LoginTest.tearDown(LoginTest.java:25)
at com.automation.framework.testcases.LoginTest.tearDown(LoginTest.java:25)
at com.automation.framework.testcases.LoginTest.tearDown(LoginTest.java:25)
at com.automation.framework.testcases.LoginTest.tearDown(LoginTest.java:25)
at com.automation.framework.testcases.LoginTest.tearDown(LoginTest.java:25)
at com.automation.framework.testcases.LoginTest.tearDown(LoginTest.java:25)
at com.automation.framework.testcases.LoginTest.tearDown(LoginTest.java:25)
at com.automation.framework.testcases.LoginTest.tearDown(LoginTest.java:25)
at com.automation.framework.testcases.LoginTest.tearDown(LoginTest.java:25)
at com.automation.framework.testcases.LoginTest.tearDown(LoginTest.java:25)
at com.automation.framework.testcases.LoginTest.tearDown(LoginTest.java:25)
at com.automation.framework.testcases.LoginTest.tearDown(LoginTest.java:25)
at com.automation.framework.testcases.LoginTest.tearDown(LoginTest.java:25)
at com.automation.framework.testcases.LoginTest.tearDown(LoginTest.java:25)
at com.automation.framework.testcases.LoginTest.tearDown(LoginTest.java:25)
at com.automation.framework.testcases.LoginTest.tearDown(LoginTest.java:25)
at com.automation.framework.testcases.LoginTest.tearDown(LoginTest.java:25)
at com.automation.framework.testcases.LoginTest.tearDown(LoginTest.java:25)
at com.automation.framework.testcases.LoginTest.tearDown(LoginTest.java:25)
at com.automation.framework.testcases.LoginTest.tearDown(LoginTest.java:25)
at com.automation.framework.testcases.LoginTest.tearDown(LoginTest.java:25)
at com.automation.framework.testcases.LoginTest.tearDown(LoginTest.java:25)
at com.automation.framework.testcases.LoginTest.tearDown(LoginTest.java:25)
at com.automation.framework.testcases.LoginTest.tearDown(LoginTest.java:25)
at com.automation.framework.testcases.LoginTest.tearDown(LoginTest.java:25)
at com.automation.framework.testcases.LoginTest.tearDown(LoginTest.java:25)
at com.automation.framework.testcases.LoginTest.tearDown(LoginTest.java:25)
at com.automation.framework.testcases.LoginTest.tearDown(LoginTest.java:25)
at com.automation.framework.testcases.LoginTest.tearDown(LoginTest.java:25)
at com.automation.framework.testcases.LoginTest.tearDown(LoginTest.java:25)
at com.automation.framework.testcases.LoginTest.tearDown(LoginTest.java:25)
at com.automation.framework.testcases.LoginTest.tearDown(LoginTest.java:25)
at com.automation.framework.testcases.LoginTest.tearDown(LoginTest.java:25)
at com.automation.framework.testcases.LoginTest.tearDown(LoginTest.java:25)
at com.automation.framework.testcases.LoginTest.tearDown(LoginTest.java:25)
at com.automation.framework.testcases.LoginTest.tearDown(LoginTest.java:25)
at com.automation.framework.testcases.LoginTest.tearDown(LoginTest.java:25)
at com.automation.framework.testcases.LoginTest.tearDown(LoginTest.java:25)
at com.automation.framework.testcases.LoginTest.tearDown(LoginTest.java:25)
at com.automation.framework.testcases.LoginTest.tearDown(LoginTest.java:25)
at com.automation.framework.testcases.LoginTest.tearDown(LoginTest.java:25)
at com.automation.framework.testcases.LoginTest.tearDown(LoginTest.java:25)
at com.automation.framework.testcases.LoginTest.tearDown(LoginTest.java:25)
at com.automation.framework.testcases.LoginTest.tearDown(LoginTest.java:25)
at com.automation.framework.testcases.LoginTest.tearDown(LoginTest.java:25)
at com.automation.framework.testcases.LoginTest.tearDown(LoginTest.java:25)
at com.automation.framework.testcases.LoginTest.tearDown(LoginTest.java:25)
at com.automation.framework.testcases.LoginTest.tearDown(LoginTest.java:25)
at com.automation.framework.testcases.LoginTest.tearDown(LoginTest.java:25)
at com.automation.framework.testcases.LoginTest.tearDown(LoginTest.java:25)
at com.automation.framework.testcases.LoginTest.tearDown(LoginTest.java:25)
at com.automation.framework.testcases.LoginTest.tearDown(LoginTest.java:25)
at com.automation.framework.testcases.LoginTest.tearDown(LoginTest.java:25)
at com.automation.framework.testcases.LoginTest.tearDown(LoginTest.java:25)
at com.automation.framework.testcases.LoginTest.tearDown(LoginTest.java:25)
at com.automation.framework.testcases.LoginTest.tearDown(LoginTest.java:25)
at com.automation.framework.testcases.LoginTest.tearDown(LoginTest.java:25)
at com.automation.framework.testcases.LoginTest.tearDown(LoginTest.java:25)
at com.automation.framework.testcases.LoginTest.tearDown(LoginTest.java:25)
at com.automation.framework.testcases.LoginTest.tearDown(LoginTest.java:25)
at com.automation.framework.testcases.LoginTest.tearDown(LoginTest.java:25)
at com.automation.framework.testcases.LoginTest.tearDown(LoginTest.java:25)
at com.automation.framework.testcases.LoginTest.tearDown(LoginTest.java:25)
at com.automation.framework.testcases.LoginTest.tearDown(LoginTest.java:25)
at com.automation.framework.testcases.LoginTest.tearDown(LoginTest.java:25)
at com.automation.framework.testcases.LoginTest.tearDown(LoginTest.java:25)
at com.automation.framework.testcases.LoginTest.tearDown(LoginTest.java:25)
at com.automation.framework.testcases.LoginTest.tearDown(LoginTest.java:25)
at com.automation.framework.testcases.LoginTest.tearDown(LoginTest.java:25)
at com.automation.framework.testcases.LoginTest.tearDown(LoginTest.java:25)
at com.automation.framework.testcases.LoginTest.tearDown(LoginTest.java:25)
at com.automation.framework.testcases.LoginTest.tearDown(LoginTest.java:25)
at com.automation.framework.testcases.LoginTest.tearDown(LoginTest.java:25)
at com.automation.framework.testcases.LoginTest.tearDown(LoginTest.java:25)
at com.automation.framework.testcases.LoginTest.tearDown(LoginTest.java:25)
at com.automation.framework.testcases.LoginTest.tearDown(LoginTest.java:25)
at com.automation.framework.testcases.LoginTest.tearDown(LoginTest.java:25)
at com.automation.framework.testcases.LoginTest.tearDown(LoginTest.java:25)
at com.automation.framework.testcases.LoginTest.tearDown(LoginTest.java:25)
at com.automation.framework.testcases.LoginTest.tearDown(LoginTest.java:25)
at com.automation.framework.testcases.LoginTest.tearDown(LoginTest.java:25)
at com.automation.framework.testcases.LoginTest.tearDown(LoginTest.java:25)
at com.automation.framework.testcases.LoginTest.tearDown(LoginTest.java:25)
at com.automation.framework.testcases.LoginTest.tearDown(LoginTest.java:25)
at com.automation.framework.testcases.LoginTest.tearDown(LoginTest.java:25)
at com.automation.framework.testcases.LoginTest.tearDown(LoginTest.java:25)
at com.automation.framework.testcases.LoginTest.tearDown(LoginTest.java:25)
at com.automation.framework.testcases.LoginTest.tearDown(LoginTest.java:25)
at com.automation.framework.testcases.LoginTest.tearDown(LoginTest.java:25)
at com.automation.framework.testcases.LoginTest.tearDown(LoginTest.java:25)
at com.automation.framework.testcases.LoginTest.tearDown(LoginTest.java:25)
at com.automation.framework.testcases.LoginTest.tearDown(LoginTest.java:25)
at com.automation.framework.testcases.LoginTest.tearDown(LoginTest.java:25)
at com.automation.framework.testcases.LoginTest.tearDown(LoginTest.java:25)
at com.automation.framework.testcases.LoginTest.tearDown(LoginTest.java:25)
at com.automation.framework.testcases.LoginTest.tearDown(LoginTest.java:25)
at com.automation.framework.testcases.LoginTest.tearDown(LoginTest.java:25)
at com.automation.framework.testcases.LoginTest.tearDown(LoginTest.java:25)
at com.automation.framework.testcases.LoginTest.tearDown(LoginTest.java:25)
at com.automation.framework.testcases.LoginTest.tearDown(LoginTest.java:25)
at com.automation.framework.testcases.LoginTest.tearDown(LoginTest.java:25)
at com.automation.framework.testcases.LoginTest.tearDown(LoginTest.java:25)
at com.automation.framework.testcases.LoginTest.tearDown(LoginTest.java:25)
at com.automation.framework.testcases.LoginTest.tearDown(LoginTest.java:25)
at com.automation.framework.testcases.LoginTest.tearDown(LoginTest.java:25)
at com.automation.framework.testcases.LoginTest.tearDown(LoginTest.java:25)
at com.automation.framework.testcases.LoginTest.tearDown(LoginTest.java:25)
at com.automation.framework.testcases.LoginTest.tearDown(LoginTest.java:25)
at com.automation.framework.testcases.LoginTest.tearDown(LoginTest.java:25)
at com.automation.framework.testcases.LoginTest.tearDown(LoginTest.java:25)
at com.automation.framework.testcases.LoginTest.tearDown(LoginTest.java:25)
at com.automation.framework.testcases.LoginTest.tearDown(LoginTest.java:25)
at com.automation.framework.testcases.LoginTest.tearDown(LoginTest.java:25)
at com.automation.framework.testcases.LoginTest.tearDown(LoginTest.java:25)
at com.automation.framework.testcases.LoginTest.tearDown(LoginTest.java:25)
at com.automation.framework.testcases.LoginTest.tearDown(LoginTest.java:25)
at com.automation.framework.testcases.LoginTest.tearDown(LoginTest.java:25)
at com.automation.framework.testcases.LoginTest.tearDown(LoginTest.java:25)
at com.automation.framework.testcases.LoginTest.tearDown(LoginTest.java:25)
at com.automation.framework.testcases.LoginTest.tearDown(LoginTest.java:25)
at com.automation.framework.testcases.LoginTest.tearDown(LoginTest.java:25)
at com.automation.framework.testcases.LoginTest.tearDown(LoginTest.java:25)
at com.automation.framework.testcases.LoginTest.tearDown(LoginTest.java:25)
at com.automation.framework.testcases.LoginTest.tearDown(LoginTest.java:25)
at com.automation.framework.testcases.LoginTest.tearDown(LoginTest.java:25)
at com.automation.framework.testcases.LoginTest.tearDown(LoginTest.java:25)
at com.automation.framework.testcases.LoginTest.tearDown(LoginTest.java:25)
at com.automation.framework.testcases.LoginTest.tearDown(LoginTest.java:25)
at com.automation.framework.testcases.LoginTest.tearDown(LoginTest.java:25)
at com.automation.framework.testcases.LoginTest.tearDown(LoginTest.java:25)
at com.automation.framework.testcases.LoginTest.tearDown(LoginTest.java:25)
at com.automation.framework.testcases.LoginTest.tearDown(LoginTest.java:25)
at com.automation.framework.testcases.LoginTest.tearDown(LoginTest.java:25)
at com.automation.framework.testcases.LoginTest.tearDown(LoginTest.java:25)
at com.automation.framework.testcases.LoginTest.tearDown(LoginTest.java:25)
at com.automation.framework.testcases.LoginTest.tearDown(LoginTest.java:25)
at com.automation.framework.testcases.LoginTest.tearDown(LoginTest.java:25)
at com.automation.framework.testcases.LoginTest.tearDown(LoginTest.java:25)
at com.automation.framework.testcases.LoginTest.tearDown(LoginTest.java:25)
at com.automation.framework.testcases.LoginTest.tearDown(LoginTest.java:25)
at com.automation.framework.testcases.LoginTest.tearDown(LoginTest.java:25)
at com.automation.framework.testcases.LoginTest.tearDown(LoginTest.java:25)
at com.automation.framework.testcases.LoginTest.tearDown(LoginTest.java:25)
at com.automation.framework.testcases.LoginTest.tearDown(LoginTest.java:25)
at com.automation.framework.testcases.LoginTest.tearDown(LoginTest.java:25)
at com.automation.framework.testcases.LoginTest.tearDown(LoginTest.java:25)
at com.automation.framework.testcases.LoginTest.tearDown(LoginTest.java:25)
at com.automation.framework.testcases.LoginTest.tearDown(LoginTest.java:25)
at com.automation.framework.testcases.LoginTest.tearDown(LoginTest.java:25)
at com.automation.framework.testcases.LoginTest.tearDown(LoginTest.java:25)
at com.automation.framework.testcases.LoginTest.tearDown(LoginTest.java:25)
at com.automation.framework.testcases.LoginTest.tearDown(LoginTest.java:25)
at com.automation.framework.testcases.LoginTest.tearDown(LoginTest.java:25)
at com.automation.framework.testcases.LoginTest.tearDown(LoginTest.java:25)
at com.automation.framework.testcases.LoginTest.tearDown(LoginTest.java:25)
at com.automation.framework.testcases.LoginTest.tearDown(LoginTest.java:25)
at com.automation.framework.testcases.LoginTest.tearDown(LoginTest.java:25)
at com.automation.framework.testcases.LoginTest.tearDown(LoginTest.java:25)
at com.automation.framework.testcases.LoginTest.tearDown(LoginTest.java:25)
at com.automation.framework.testcases.LoginTest.tearDown(LoginTest.java:25)
at com.automation.framework.testcases.LoginTest.tearDown(LoginTest.java:25)
at com.automation.framework.testcases.LoginTest.tearDown(LoginTest.java:25)
at com.automation.framework.testcases.LoginTest.tearDown(LoginTest.java:25)
at com.automation.framework.testcases.LoginTest.tearDown(LoginTest.java:25)
at com.automation.framework.testcases.LoginTest.tearDown(LoginTest.java:25)
at com.automation.framework.testcases.LoginTest.tearDown(LoginTest.java:25)
at com.automation.framework.testcases.LoginTest.tearDown(LoginTest.java:25)
at com.automation.framework.testcases.LoginTest.tearDown(LoginTest.java:25)
at com.automation.framework.testcases.LoginTest.tearDown(LoginTest.java:25)
at com.automation.framework.testcases.LoginTest.tearDown(LoginTest.java:25)
at com.automation.framework.testcases.LoginTest.tearDown(LoginTest.java:25)
at com.automation.framework.testcases.LoginTest.tearDown(LoginTest.java:25)
at com.automation.framework.testcases.LoginTest.tearDown(LoginTest.java:25)
at com.automation.framework.testcases.LoginTest.tearDown(LoginTest.java:25)
at com.automation.framework.testcases.LoginTest.tearDown(LoginTest.java:25)
at com.automation.framework.testcases.LoginTest.tearDown(LoginTest.java:25)
at com.automation.framework.testcases.LoginTest.tearDown(LoginTest.java:25)
at com.automation.framework.testcases.LoginTest.tearDown(LoginTest.java:25)
at com.automation.framework.testcases.LoginTest.tearDown(LoginTest.java:25)
at com.automation.framework.testcases.LoginTest.tearDown(LoginTest.java:25)
at com.automation.framework.testcases.LoginTest.tearDown(LoginTest.java:25)
at com.automation.framework.testcases.LoginTest.tearDown(LoginTest.java:25)
at com.automation.framework.testcases.LoginTest.tearDown(LoginTest.java:25)
at com.automation.framework.testcases.LoginTest.tearDown(LoginTest.java:25)
at com.automation.framework.testcases.LoginTest.tearDown(LoginTest.java:25)
at com.automation.framework.testcases.LoginTest.tearDown(LoginTest.java:25)
at com.automation.framework.testcases.LoginTest.tearDown(LoginTest.java:25)
at com.automation.framework.testcases.LoginTest.tearDown(LoginTest.java:25)
at com.automation.framework.testcases.LoginTest.tearDown(LoginTest.java:25)
at com.automation.framework.testcases.LoginTest.tearDown(LoginTest.java:25)
at com.automation.framework.testcases.LoginTest.tearDown(LoginTest.java:25)
at com.automation.framework.testcases.LoginTest.tearDown(LoginTest.java:25)
at com.automation.framework.testcases.LoginTest.tearDown(LoginTest.java:25)
at com.automation.framework.testcases.LoginTest.tearDown(LoginTest.java:25)
at com.automation.framework.testcases.LoginTest.tearDown(LoginTest.java:25)
at com.automation.framework.testcases.LoginTest.tearDown(LoginTest.java:25)
at com.automation.framework.testcases.LoginTest.tearDown(LoginTest.java:25)
at com.automation.framework.testcases.LoginTest.tearDown(LoginTest.java:25)
at com.automation.framework.testcases.LoginTest.tearDown(LoginTest.java:25)
at com.automation.framework.testcases.LoginTest.tearDown(LoginTest.java:25)
at com.automation.framework.testcases.LoginTest.tearDown(LoginTest.java:25)
at com.automation.framework.testcases.LoginTest.tearDown(LoginTest.java:25)
at com.automation.framework.testcases.LoginTest.tearDown(LoginTest.java:25)
at com.automation.framework.testcases.LoginTest.tearDown(LoginTest.java:25)
at com.automation.framework.testcases.LoginTest.tearDown(LoginTest.java:25)
at com.automation.framework.testcases.LoginTest.tearDown(LoginTest.java:25)
at com.automation.framework.testcases.LoginTest.tearDown(LoginTest.java:25)
at com.automation.framework.testcases.LoginTest.tearDown(LoginTest.java:25)
at com.automation.framework.testcases.LoginTest.tearDown(LoginTest.java:25)
at com.automation.framework.testcases.LoginTest.tearDown(LoginTest.java:25)
at com.automation.framework.testcases.LoginTest.tearDown(LoginTest.java:25)
at com.automation.framework.testcases.LoginTest.tearDown(LoginTest.java:25)
at com.automation.framework.testcases.LoginTest.tearDown(LoginTest.java:25)
at com.automation.framework.testcases.LoginTest.tearDown(LoginTest.java:25)
at com.automation.framework.testcases.LoginTest.tearDown(LoginTest.java:25)
at com.automation.framework.testcases.LoginTest.tearDown(LoginTest.java:25)
at com.automation.framework.testcases.LoginTest.tearDown(LoginTest.java:25)
at com.automation.framework.testcases.LoginTest.tearDown(LoginTest.java:25)
at com.automation.framework.testcases.LoginTest.tearDown(LoginTest.java:25)
at com.automation.framework.testcases.LoginTest.tearDown(LoginTest.java:25)
at com.automation.framework.testcases.LoginTest.tearDown(LoginTest.java:25)
at com.automation.framework.testcases.LoginTest.tearDown(LoginTest.java:25)
at com.automation.framework.testcases.LoginTest.tearDown(LoginTest.java:25)
at com.automation.framework.testcases.LoginTest.tearDown(LoginTest.java:25)
at com.automation.framework.testcases.LoginTest.tearDown(LoginTest.java:25)
at com.automation.framework.testcases.LoginTest.tearDown(LoginTest.java:25)
at com.automation.framework.testcases.LoginTest.tearDown(LoginTest.java:25)
at com.automation.framework.testcases.LoginTest.tearDown(LoginTest.java:25)
at com.automation.framework.testcases.LoginTest.tearDown(LoginTest.java:25)
at com.automation.framework.testcases.LoginTest.tearDown(LoginTest.java:25)
at com.automation.framework.testcases.LoginTest.tearDown(LoginTest.java:25)
at com.automation.framework.testcases.LoginTest.tearDown(LoginTest.java:25)
at com.automation.framework.testcases.LoginTest.tearDown(LoginTest.java:25)
at com.automation.framework.testcases.LoginTest.tearDown(LoginTest.java:25)
at com.automation.framework.testcases.LoginTest.tearDown(LoginTest.java:25)
at com.automation.framework.testcases.LoginTest.tearDown(LoginTest.java:25)
at com.automation.framework.testcases.LoginTest.tearDown(LoginTest.java:25)
at com.automation.framework.testcases.LoginTest.tearDown(LoginTest.java:25)
at com.automation.framework.testcases.LoginTest.tearDown(LoginTest.java:25)
at com.automation.framework.testcases.LoginTest.tearDown(LoginTest.java:25)
at com.automation.framework.testcases.LoginTest.tearDown(LoginTest.java:25)
at com.automation.framework.testcases.LoginTest.tearDown(LoginTest.java:25)
at com.automation.framework.testcases.LoginTest.tearDown(LoginTest.java:25)
at com.automation.framework.testcases.LoginTest.tearDown(LoginTest.java:25)
at com.automation.framework.testcases.LoginTest.tearDown(LoginTest.java:25)
at com.automation.framework.testcases.LoginTest.tearDown(LoginTest.java:25)
at com.automation.framework.testcases.LoginTest.tearDown(LoginTest.java:25)
at com.automation.framework.testcases.LoginTest.tearDown(LoginTest.java:25)
at com.automation.framework.testcases.LoginTest.tearDown(LoginTest.java:25)
at com.automation.framework.testcases.LoginTest.tearDown(LoginTest.java:25)
at com.automation.framework.testcases.LoginTest.tearDown(LoginTest.java:25)
at com.automation.framework.testcases.LoginTest.tearDown(LoginTest.java:25)
at com.automation.framework.testcases.LoginTest.tearDown(LoginTest.java:25)
at com.automation.framework.testcases.LoginTest.tearDown(LoginTest.java:25)
at com.automation.framework.testcases.LoginTest.tearDown(LoginTest.java:25)
at com.automation.framework.testcases.LoginTest.tearDown(LoginTest.java:25)
at com.automation.framework.testcases.LoginTest.tearDown(LoginTest.java:25)
at com.automation.framework.testcases.LoginTest.tearDown(LoginTest.java:25)
at com.automation.framework.testcases.LoginTest.tearDown(LoginTest.java:25)
at com.automation.framework.testcases.LoginTest.tearDown(LoginTest.java:25)
at com.automation.framework.testcases.LoginTest.tearDown(LoginTest.java:25)
at com.automation.framework.testcases.LoginTest.tearDown(LoginTest.java:25)
at com.automation.framework.testcases.LoginTest.tearDown(LoginTest.java:25)
at com.automation.framework.testcases.LoginTest.tearDown(LoginTest.java:25)
at com.automation.framework.testcases.LoginTest.tearDown(LoginTest.java:25)
at com.automation.framework.testcases.LoginTest.tearDown(LoginTest.java:25)
at com.automation.framework.testcases.LoginTest.tearDown(LoginTest.java:25)
at com.automation.framework.testcases.LoginTest.tearDown(LoginTest.java:25)
at com.automation.framework.testcases.LoginTest.tearDown(LoginTest.java:25)
at com.automation.framework.testcases.LoginTest.tearDown(LoginTest.java:25)
at com.automation.framework.testcases.LoginTest.tearDown(LoginTest.java:25)
at com.automation.framework.testcases.LoginTest.tearDown(LoginTest.java:25)
at com.automation.framework.testcases.LoginTest.tearDown(LoginTest.java:25)
at com.automation.framework.testcases.LoginTest.tearDown(LoginTest.java:25)
at com.automation.framework.testcases.LoginTest.tearDown(LoginTest.java:25)
at com.automation.framework.testcases.LoginTest.tearDown(LoginTest.java:25)
at com.automation.framework.testcases.LoginTest.tearDown(LoginTest.java:25)
at com.automation.framework.testcases.LoginTest.tearDown(LoginTest.java:25)
at com.automation.framework.testcases.LoginTest.tearDown(LoginTest.java:25)
at com.automation.framework.testcases.LoginTest.tearDown(LoginTest.java:25)
at com.automation.framework.testcases.LoginTest.tearDown(LoginTest.java:25)
at com.automation.framework.testcases.LoginTest.tearDown(LoginTest.java:25)
at com.automation.framework.testcases.LoginTest.tearDown(LoginTest.java:25)
at com.automation.framework.testcases.LoginTest.tearDown(LoginTest.java:25)
at com.automation.framework.testcases.LoginTest.tearDown(LoginTest.java:25)
at com.automation.framework.testcases.LoginTest.tearDown(LoginTest.java:25)
at com.automation.framework.testcases.LoginTest.tearDown(LoginTest.java:25)
at com.automation.framework.testcases.LoginTest.tearDown(LoginTest.java:25)
at com.automation.framework.testcases.LoginTest.tearDown(LoginTest.java:25)
at com.automation.framework.testcases.LoginTest.tearDown(LoginTest.java:25)
at com.automation.framework.testcases.LoginTest.tearDown(LoginTest.java:25)
at com.automation.framework.testcases.LoginTest.tearDown(LoginTest.java:25)
at com.automation.framework.testcases.LoginTest.tearDown(LoginTest.java:25)
at com.automation.framework.testcases.LoginTest.tearDown(LoginTest.java:25)
at com.automation.framework.testcases.LoginTest.tearDown(LoginTest.java:25)
at com.automation.framework.testcases.LoginTest.tearDown(LoginTest.java:25)
at com.automation.framework.testcases.LoginTest.tearDown(LoginTest.java:25)
at com.automation.framework.testcases.LoginTest.tearDown(LoginTest.java:25)
at com.automation.framework.testcases.LoginTest.tearDown(LoginTest.java:25)
at com.automation.framework.testcases.LoginTest.tearDown(LoginTest.java:25)
at com.automation.framework.testcases.LoginTest.tearDown(LoginTest.java:25)
at com.automation.framework.testcases.LoginTest.tearDown(LoginTest.java:25)
at com.automation.framework.testcases.LoginTest.tearDown(LoginTest.java:25)
at com.automation.framework.testcases.LoginTest.tearDown(LoginTest.java:25)
at com.automation.framework.testcases.LoginTest.tearDown(LoginTest.java:25)
at com.automation.framework.testcases.LoginTest.tearDown(LoginTest.java:25)
at com.automation.framework.testcases.LoginTest.tearDown(LoginTest.java:25)
at com.automation.framework.testcases.LoginTest.tearDown(LoginTest.java:25)
at com.automation.framework.testcases.LoginTest.tearDown(LoginTest.java:25)
at com.automation.framework.testcases.LoginTest.tearDown(LoginTest.java:25)
at com.automation.framework.testcases.LoginTest.tearDown(LoginTest.java:25)
at com.automation.framework.testcases.LoginTest.tearDown(LoginTest.java:25)
at com.automation.framework.testcases.LoginTest.tearDown(LoginTest.java:25)
at com.automation.framework.testcases.LoginTest.tearDown(LoginTest.java:25)
at com.automation.framework.testcases.LoginTest.tearDown(LoginTest.java:25)
at com.automation.framework.testcases.LoginTest.tearDown(LoginTest.java:25)
at com.automation.framework.testcases.LoginTest.tearDown(LoginTest.java:25)
at com.automation.framework.testcases.LoginTest.tearDown(LoginTest.java:25)
at com.automation.framework.testcases.LoginTest.tearDown(LoginTest.java:25)
at com.automation.framework.testcases.LoginTest.tearDown(LoginTest.java:25)
at com.automation.framework.testcases.LoginTest.tearDown(LoginTest.java:25)
at com.automation.framework.testcases.LoginTest.tearDown(LoginTest.java:25)
at com.automation.framework.testcases.LoginTest.tearDown(LoginTest.java:25)
at com.automation.framework.testcases.LoginTest.tearDown(LoginTest.java:25)
at com.automation.framework.testcases.LoginTest.tearDown(LoginTest.java:25)
at com.automation.framework.testcases.LoginTest.tearDown(LoginTest.java:25)
at com.automation.framework.testcases.LoginTest.tearDown(LoginTest.java:25)
at com.automation.framework.testcases.LoginTest.tearDown(LoginTest.java:25)
at com.automation.framework.testcases.LoginTest.tearDown(LoginTest.java:25)
at com.automation.framework.testcases.LoginTest.tearDown(LoginTest.java:25)
at com.automation.framework.testcases.LoginTest.tearDown(LoginTest.java:25)
at com.automation.framework.testcases.LoginTest.tearDown(LoginTest.java:25)
at com.automation.framework.testcases.LoginTest.tearDown(LoginTest.java:25)
at com.automation.framework.testcases.LoginTest.tearDown(LoginTest.java:25)
at com.automation.framework.testcases.LoginTest.tearDown(LoginTest.java:25)
at com.automation.framework.testcases.LoginTest.tearDown(LoginTest.java:25)
at com.automation.framework.testcases.LoginTest.tearDown(LoginTest.java:25)
at com.automation.framework.testcases.LoginTest.tearDown(LoginTest.java:25)
at com.automation.framework.testcases.LoginTest.tearDown(LoginTest.java:25)
at com.automation.framework.testcases.LoginTest.tearDown(LoginTest.java:25)
at com.automation.framework.testcases.LoginTest.tearDown(LoginTest.java:25)
at com.automation.framework.testcases.LoginTest.tearDown(LoginTest.java:25)
at com.automation.framework.testcases.LoginTest.tearDown(LoginTest.java:25)
at com.automation.framework.testcases.LoginTest.tearDown(LoginTest.java:25)
at com.automation.framework.testcases.LoginTest.tearDown(LoginTest.java:25)
at com.automation.framework.testcases.LoginTest.tearDown(LoginTest.java:25)
at com.automation.framework.testcases.LoginTest.tearDown(LoginTest.java:25)
at com.automation.framework.testcases.LoginTest.tearDown(LoginTest.java:25)
at com.automation.framework.testcases.LoginTest.tearDown(LoginTest.java:25)
at com.automation.framework.testcases.LoginTest.tearDown(LoginTest.java:25)
at com.automation.framework.testcases.LoginTest.tearDown(LoginTest.java:25)
at com.automation.framework.testcases.LoginTest.tearDown(LoginTest.java:25)
at com.automation.framework.testcases.LoginTest.tearDown(LoginTest.java:25)
at com.automation.framework.testcases.LoginTest.tearDown(LoginTest.java:25)
at com.automation.framework.testcases.LoginTest.tearDown(LoginTest.java:25)
at com.automation.framework.testcases.LoginTest.tearDown(LoginTest.java:25)
at com.automation.framework.testcases.LoginTest.tearDown(LoginTest.java:25)
at com.automation.framework.testcases.LoginTest.tearDown(LoginTest.java:25)
at com.automation.framework.testcases.LoginTest.tearDown(LoginTest.java:25)
at com.automation.framework.testcases.LoginTest.tearDown(LoginTest.java:25)
at com.automation.framework.testcases.LoginTest.tearDown(LoginTest.java:25)
at com.automation.framework.testcases.LoginTest.tearDown(LoginTest.java:25)
at com.automation.framework.testcases.LoginTest.tearDown(LoginTest.java:25)
at com.automation.framework.testcases.LoginTest.tearDown(LoginTest.java:25)
at com.automation.framework.testcases.LoginTest.tearDown(LoginTest.java:25)
at com.automation.framework.testcases.LoginTest.tearDown(LoginTest.java:25)
at com.automation.framework.testcases.LoginTest.tearDown(LoginTest.java:25)
at com.automation.framework.testcases.LoginTest.tearDown(LoginTest.java:25)
at com.automation.framework.testcases.LoginTest.tearDown(LoginTest.java:25)
at com.automation.framework.testcases.LoginTest.tearDown(LoginTest.java:25)
at com.automation.framework.testcases.LoginTest.tearDown(LoginTest.java:25)
at com.automation.framework.testcases.LoginTest.tearDown(LoginTest.java:25)
at com.automation.framework.testcases.LoginTest.tearDown(LoginTest.java:25)
at com.automation.framework.testcases.LoginTest.tearDown(LoginTest.java:25)
at com.automation.framework.testcases.LoginTest.tearDown(LoginTest.java:25)
at com.automation.framework.testcases.LoginTest.tearDown(LoginTest.java:25)
at com.automation.framework.testcases.LoginTest.tearDown(LoginTest.java:25)
at com.automation.framework.testcases.LoginTest.tearDown(LoginTest.java:25)
at com.automation.framework.testcases.LoginTest.tearDown(LoginTest.java:25)
at com.automation.framework.testcases.LoginTest.tearDown(LoginTest.java:25)
at com.automation.framework.testcases.LoginTest.tearDown(LoginTest.java:25)
at com.automation.framework.testcases.LoginTest.tearDown(LoginTest.java:25)
at com.automation.framework.testcases.LoginTest.tearDown(LoginTest.java:25)
at com.automation.framework.testcases.LoginTest.tearDown(LoginTest.java:25)
at com.automation.framework.testcases.LoginTest.tearDown(LoginTest.java:25)
at com.automation.framework.testcases.LoginTest.tearDown(LoginTest.java:25)
at com.automation.framework.testcases.LoginTest.tearDown(LoginTest.java:25)
at com.automation.framework.testcases.LoginTest.tearDown(LoginTest.java:25)
at com.automation.framework.testcases.LoginTest.tearDown(LoginTest.java:25)
at com.automation.framework.testcases.LoginTest.tearDown(LoginTest.java:25)
at com.automation.framework.testcases.LoginTest.tearDown(LoginTest.java:25)
at com.automation.framework.testcases.LoginTest.tearDown(LoginTest.java:25)
at com.automation.framework.testcases.LoginTest.tearDown(LoginTest.java:25)
at com.automation.framework.testcases.LoginTest.tearDown(LoginTest.java:25)
at com.automation.framework.testcases.LoginTest.tearDown(LoginTest.java:25)
at com.automation.framework.testcases.LoginTest.tearDown(LoginTest.java:25)
at com.automation.framework.testcases.LoginTest.tearDown(LoginTest.java:25)
at com.automation.framework.testcases.LoginTest.tearDown(LoginTest.java:25)
at com.automation.framework.testcases.LoginTest.tearDown(LoginTest.java:25)
at com.automation.framework.testcases.LoginTest.tearDown(LoginTest.java:25)
at com.automation.framework.testcases.LoginTest.tearDown(LoginTest.java:25)
at com.automation.framework.testcases.LoginTest.tearDown(LoginTest.java:25)
at com.automation.framework.testcases.LoginTest.tearDown(LoginTest.java:25)
at com.automation.framework.testcases.LoginTest.tearDown(LoginTest.java:25)
at com.automation.framework.testcases.LoginTest.tearDown(LoginTest.java:25)
at com.automation.framework.testcases.LoginTest.tearDown(LoginTest.java:25)
at com.automation.framework.testcases.LoginTest.tearDown(LoginTest.java:25)
at com.automation.framework.testcases.LoginTest.tearDown(LoginTest.java:25)
at com.automation.framework.testcases.LoginTest.tearDown(LoginTest.java:25)
at com.automation.framework.testcases.LoginTest.tearDown(LoginTest.java:25)
at com.automation.framework.testcases.LoginTest.tearDown(LoginTest.java:25)
at com.automation.framework.testcases.LoginTest.tearDown(LoginTest.java:25)
at com.automation.framework.testcases.LoginTest.tearDown(LoginTest.java:25)
at com.automation.framework.testcases.LoginTest.tearDown(LoginTest.java:25)
at com.automation.framework.testcases.LoginTest.tearDown(LoginTest.java:25)
at com.automation.framework.testcases.LoginTest.tearDown(LoginTest.java:25)
at com.automation.framework.testcases.LoginTest.tearDown(LoginTest.java:25)
at com.automation.framework.testcases.LoginTest.tearDown(LoginTest.java:25)
at com.automation.framework.testcases.LoginTest.tearDown(LoginTest.java:25)
at com.automation.framework.testcases.LoginTest.tearDown(LoginTest.java:25)
at com.automation.framework.testcases.LoginTest.tearDown(LoginTest.java:25)
at com.automation.framework.testcases.LoginTest.tearDown(LoginTest.java:25)
at com.automation.framework.testcases.LoginTest.tearDown(LoginTest.java:25)
at com.automation.framework.testcases.LoginTest.tearDown(LoginTest.java:25)
at com.automation.framework.testcases.LoginTest.tearDown(LoginTest.java:25)
at com.automation.framework.testcases.LoginTest.tearDown(LoginTest.java:25)
at com.automation.framework.testcases.LoginTest.tearDown(LoginTest.java:25)
at com.automation.framework.testcases.LoginTest.tearDown(LoginTest.java:25)
at com.automation.framework.testcases.LoginTest.tearDown(LoginTest.java:25)
at com.automation.framework.testcases.LoginTest.tearDown(LoginTest.java:25)
at com.automation.framework.testcases.LoginTest.tearDown(LoginTest.java:25)
at com.automation.framework.testcases.LoginTest.tearDown(LoginTest.java:25)
at com.automation.framework.testcases.LoginTest.tearDown(LoginTest.java:25)
at com.automation.framework.testcases.LoginTest.tearDown(LoginTest.java:25)
at com.automation.framework.testcases.LoginTest.tearDown(LoginTest.java:25)
at com.automation.framework.testcases.LoginTest.tearDown(LoginTest.java:25)
at com.automation.framework.testcases.LoginTest.tearDown(LoginTest.java:25)
at com.automation.framework.testcases.LoginTest.tearDown(LoginTest.java:25)
at com.automation.framework.testcases.LoginTest.tearDown(LoginTest.java:25)
at com.automation.framework.testcases.LoginTest.tearDown(LoginTest.java:25)
at com.automation.framework.testcases.LoginTest.tearDown(LoginTest.java:25)
at com.automation.framework.testcases.LoginTest.tearDown(LoginTest.java:25)
at com.automation.framework.testcases.LoginTest.tearDown(LoginTest.java:25)
at com.automation.framework.testcases.LoginTest.tearDown(LoginTest.java:25)
at com.automation.framework.testcases.LoginTest.tearDown(LoginTest.java:25)
at com.automation.framework.testcases.LoginTest.tearDown(LoginTest.java:25)
at com.automation.framework.testcases.LoginTest.tearDown(LoginTest.java:25)
at com.automation.framework.testcases.LoginTest.tearDown(LoginTest.java:25)
at com.automation.framework.testcases.LoginTest.tearDown(LoginTest.java:25)
at com.automation.framework.testcases.LoginTest.tearDown(LoginTest.java:25)
at com.automation.framework.testcases.LoginTest.tearDown(LoginTest.java:25)
at com.automation.framework.testcases.LoginTest.tearDown(LoginTest.java:25)
at com.automation.framework.testcases.LoginTest.tearDown(LoginTest.java:25)
at com.automation.framework.testcases.LoginTest.tearDown(LoginTest.java:25)
at com.automation.framework.testcases.LoginTest.tearDown(LoginTest.java:25)
at com.automation.framework.testcases.LoginTest.tearDown(LoginTest.java:25)
at com.automation.framework.testcases.LoginTest.tearDown(LoginTest.java:25)
at com.automation.framework.testcases.LoginTest.tearDown(LoginTest.java:25)
at com.automation.framework.testcases.LoginTest.tearDown(LoginTest.java:25)
at com.automation.framework.testcases.LoginTest.tearDown(LoginTest.java:25)
at com.automation.framework.testcases.LoginTest.tearDown(LoginTest.java:25)
at com.automation.framework.testcases.LoginTest.tearDown(LoginTest.java:25)
at com.automation.framework.testcases.LoginTest.tearDown(LoginTest.java:25)
at com.automation.framework.testcases.LoginTest.tearDown(LoginTest.java:25)
at com.automation.framework.testcases.LoginTest.tearDown(LoginTest.java:25)
at com.automation.framework.testcases.LoginTest.tearDown(LoginTest.java:25)
at com.automation.framework.testcases.LoginTest.tearDown(LoginTest.java:25)
at com.automation.framework.testcases.LoginTest.tearDown(LoginTest.java:25)
at com.automation.framework.testcases.LoginTest.tearDown(LoginTest.java:25)
at com.automation.framework.testcases.LoginTest.tearDown(LoginTest.java:25)
at com.automation.framework.testcases.LoginTest.tearDown(LoginTest.java:25)
at com.automation.framework.testcases.LoginTest.tearDown(LoginTest.java:25)
at com.automation.framework.testcases.LoginTest.tearDown(LoginTest.java:25)
at com.automation.framework.testcases.LoginTest.tearDown(LoginTest.java:25)
at com.automation.framework.testcases.LoginTest.tearDown(LoginTest.java:25)
at com.automation.framework.testcases.LoginTest.tearDown(LoginTest.java:25)
at com.automation.framework.testcases.LoginTest.tearDown(LoginTest.java:25)
at com.automation.framework.testcases.LoginTest.tearDown(LoginTest.java:25)
at com.automation.framework.testcases.LoginTest.tearDown(LoginTest.java:25)
at com.automation.framework.testcases.LoginTest.tearDown(LoginTest.java:25)
at com.automation.framework.testcases.LoginTest.tearDown(LoginTest.java:25)
at com.automation.framework.testcases.LoginTest.tearDown(LoginTest.java:25)
at com.automation.framework.testcases.LoginTest.tearDown(LoginTest.java:25)
at com.automation.framework.testcases.LoginTest.tearDown(LoginTest.java:25)
at com.automation.framework.testcases.LoginTest.tearDown(LoginTest.java:25)
at com.automation.framework.testcases.LoginTest.tearDown(LoginTest.java:25)
at com.automation.framework.testcases.LoginTest.tearDown(LoginTest.java:25)
at com.automation.framework.testcases.LoginTest.tearDown(LoginTest.java:25)
at com.automation.framework.testcases.LoginTest.tearDown(LoginTest.java:25)
at com.automation.framework.testcases.LoginTest.tearDown(LoginTest.java:25)
at com.automation.framework.testcases.LoginTest.tearDown(LoginTest.java:25)
at com.automation.framework.testcases.LoginTest.tearDown(LoginTest.java:25)
at com.automation.framework.testcases.LoginTest.tearDown(LoginTest.java:25)
at com.automation.framework.testcases.LoginTest.tearDown(LoginTest.java:25)
at com.automation.framework.testcases.LoginTest.tearDown(LoginTest.java:25)
at com.automation.framework.testcases.LoginTest.tearDown(LoginTest.java:25)
at com.automation.framework.testcases.LoginTest.tearDown(LoginTest.java:25)
at com.automation.framework.testcases.LoginTest.tearDown(LoginTest.java:25)
at com.automation.framework.testcases.LoginTest.tearDown(LoginTest.java:25)
at com.automation.framework.testcases.LoginTest.tearDown(LoginTest.java:25)
at com.automation.framework.testcases.LoginTest.tearDown(LoginTest.java:25)
at com.automation.framework.testcases.LoginTest.tearDown(LoginTest.java:25)
at com.automation.framework.testcases.LoginTest.tearDown(LoginTest.java:25)
at com.automation.framework.testcases.LoginTest.tearDown(LoginTest.java:25)
at com.automation.framework.testcases.LoginTest.tearDown(LoginTest.java:25)
at com.automation.framework.testcases.LoginTest.tearDown(LoginTest.java:25)
at com.automation.framework.testcases.LoginTest.tearDown(LoginTest.java:25)
at com.automation.framework.testcases.LoginTest.tearDown(LoginTest.java:25)
at com.automation.framework.testcases.LoginTest.tearDown(LoginTest.java:25)
at com.automation.framework.testcases.LoginTest.tearDown(LoginTest.java:25)
at com.automation.framework.testcases.LoginTest.tearDown(LoginTest.java:25)
at com.automation.framework.testcases.LoginTest.tearDown(LoginTest.java:25)
at com.automation.framework.testcases.LoginTest.tearDown(LoginTest.java:25)
at com.automation.framework.testcases.LoginTest.tearDown(LoginTest.java:25)
at com.automation.framework.testcases.LoginTest.tearDown(LoginTest.java:25)
at com.automation.framework.testcases.LoginTest.tearDown(LoginTest.java:25)
at com.automation.framework.testcases.LoginTest.tearDown(LoginTest.java:25)
at com.automation.framework.testcases.LoginTest.tearDown(LoginTest.java:25)
at com.automation.framework.testcases.LoginTest.tearDown(LoginTest.java:25)
at com.automation.framework.testcases.LoginTest.tearDown(LoginTest.java:25)
at com.automation.framework.testcases.LoginTest.tearDown(LoginTest.java:25)
at com.automation.framework.testcases.LoginTest.tearDown(LoginTest.java:25)
at com.automation.framework.testcases.LoginTest.tearDown(LoginTest.java:25)
at com.automation.framework.testcases.LoginTest.tearDown(LoginTest.java:25)
at com.automation.framework.testcases.LoginTest.tearDown(LoginTest.java:25)
at com.automation.framework.testcases.LoginTest.tearDown(LoginTest.java:25)
at com.automation.framework.testcases.LoginTest.tearDown(LoginTest.java:25)
at com.automation.framework.testcases.LoginTest.tearDown(LoginTest.java:25)
at com.automation.framework.testcases.LoginTest.tearDown(LoginTest.java:25)
at com.automation.framework.testcases.LoginTest.tearDown(LoginTest.java:25)
at com.automation.framework.testcases.LoginTest.tearDown(LoginTest.java:25)
at com.automation.framework.testcases.LoginTest.tearDown(LoginTest.java:25)
at com.automation.framework.testcases.LoginTest.tearDown(LoginTest.java:25)
at com.automation.framework.testcases.LoginTest.tearDown(LoginTest.java:25)
at com.automation.framework.testcases.LoginTest.tearDown(LoginTest.java:25)
at com.automation.framework.testcases.LoginTest.tearDown(LoginTest.java:25)
at com.automation.framework.testcases.LoginTest.tearDown(LoginTest.java:25)
at com.automation.framework.testcases.LoginTest.tearDown(LoginTest.java:25)
at com.automation.framework.testcases.LoginTest.tearDown(LoginTest.java:25)
at com.automation.framework.testcases.LoginTest.tearDown(LoginTest.java:25)
at com.automation.framework.testcases.LoginTest.tearDown(LoginTest.java:25)
at com.automation.framework.testcases.LoginTest.tearDown(LoginTest.java:25)
at com.automation.framework.testcases.LoginTest.tearDown(LoginTest.java:25)
at com.automation.framework.testcases.LoginTest.tearDown(LoginTest.java:25)
at com.automation.framework.testcases.LoginTest.tearDown(LoginTest.java:25)
at com.automation.framework.testcases.LoginTest.tearDown(LoginTest.java:25)
at com.automation.framework.testcases.LoginTest.tearDown(LoginTest.java:25)
at com.automation.framework.testcases.LoginTest.tearDown(LoginTest.java:25)
at com.automation.framework.testcases.LoginTest.tearDown(LoginTest.java:25)
at com.automation.framework.testcases.LoginTest.tearDown(LoginTest.java:25)
at com.automation.framework.testcases.LoginTest.tearDown(LoginTest.java:25)
at com.automation.framework.testcases.LoginTest.tearDown(LoginTest.java:25)
at com.automation.framework.testcases.LoginTest.tearDown(LoginTest.java:25)
at com.automation.framework.testcases.LoginTest.tearDown(LoginTest.java:25)
at com.automation.framework.testcases.LoginTest.tearDown(LoginTest.java:25)
at com.automation.framework.testcases.LoginTest.tearDown(LoginTest.java:25)
at com.automation.framework.testcases.LoginTest.tearDown(LoginTest.java:25)
at com.automation.framework.testcases.LoginTest.tearDown(LoginTest.java:25)
at com.automation.framework.testcases.LoginTest.tearDown(LoginTest.java:25)
at com.automation.framework.testcases.LoginTest.tearDown(LoginTest.java:25)
at com.automation.framework.testcases.LoginTest.tearDown(LoginTest.java:25)
at com.automation.framework.testcases.LoginTest.tearDown(LoginTest.java:25)
at com.automation.framework.testcases.LoginTest.tearDown(LoginTest.java:25)
at com.automation.framework.testcases.LoginTest.tearDown(LoginTest.java:25)
at com.automation.framework.testcases.LoginTest.tearDown(LoginTest.java:25)
at com.automation.framework.testcases.LoginTest.tearDown(LoginTest.java:25)
at com.automation.framework.testcases.LoginTest.tearDown(LoginTest.java:25)
at com.automation.framework.testcases.LoginTest.tearDown(LoginTest.java:25)
at com.automation.framework.testcases.LoginTest.tearDown(LoginTest.java:25)
at com.automation.framework.testcases.LoginTest.tearDown(LoginTest.java:25)
at com.automation.framework.testcases.LoginTest.tearDown(LoginTest.java:25)
at com.automation.framework.testcases.LoginTest.tearDown(LoginTest.java:25)
at com.automation.framework.testcases.LoginTest.tearDown(LoginTest.java:25)
at com.automation.framework.testcases.LoginTest.tearDown(LoginTest.java:25)
at com.automation.framework.testcases.LoginTest.tearDown(LoginTest.java:25)
at com.automation.framework.testcases.LoginTest.tearDown(LoginTest.java:25)
at com.automation.framework.testcases.LoginTest.tearDown(LoginTest.java:25)
at com.automation.framework.testcases.LoginTest.tearDown(LoginTest.java:25)
at com.automation.framework.testcases.LoginTest.tearDown(LoginTest.java:25)
at com.automation.framework.testcases.LoginTest.tearDown(LoginTest.java:25)
at com.automation.framework.testcases.LoginTest.tearDown(LoginTest.java:25)
at com.automation.framework.testcases.LoginTest.tearDown(LoginTest.java:25)
at com.automation.framework.testcases.LoginTest.tearDown(LoginTest.java:25)
at com.automation.framework.testcases.LoginTest.tearDown(LoginTest.java:25)
at com.automation.framework.testcases.LoginTest.tearDown(LoginTest.java:25)
at com.automation.framework.testcases.LoginTest.tearDown(LoginTest.java:25)
at com.automation.framework.testcases.LoginTest.tearDown(LoginTest.java:25)
at com.automation.framework.testcases.LoginTest.tearDown(LoginTest.java:25)
at com.automation.framework.testcases.LoginTest.tearDown(LoginTest.java:25)
at com.automation.framework.testcases.LoginTest.tearDown(LoginTest.java:25)
at com.automation.framework.testcases.LoginTest.tearDown(LoginTest.java:25)
at com.automation.framework.testcases.LoginTest.tearDown(LoginTest.java:25)
at com.automation.framework.testcases.LoginTest.tearDown(LoginTest.java:25)
at com.automation.framework.testcases.LoginTest.tearDown(LoginTest.java:25)
at com.automation.framework.testcases.LoginTest.tearDown(LoginTest.java:25)
at com.automation.framework.testcases.LoginTest.tearDown(LoginTest.java:25)
at com.automation.framework.testcases.LoginTest.tearDown(LoginTest.java:25)
at com.automation.framework.testcases.LoginTest.tearDown(LoginTest.java:25)
at com.automation.framework.testcases.LoginTest.tearDown(LoginTest.java:25)
at com.automation.framework.testcases.LoginTest.tearDown(LoginTest.java:25)
at com.automation.framework.testcases.LoginTest.tearDown(LoginTest.java:25)
at com.automation.framework.testcases.LoginTest.tearDown(LoginTest.java:25)
at com.automation.framework.testcases.LoginTest.tearDown(LoginTest.java:25)
at com.automation.framework.testcases.LoginTest.tearDown(LoginTest.java:25)
at com.automation.framework.testcases.LoginTest.tearDown(LoginTest.java:25)
at com.automation.framework.testcases.LoginTest.tearDown(LoginTest.java:25)
at com.automation.framework.testcases.LoginTest.tearDown(LoginTest.java:25)
at com.automation.framework.testcases.LoginTest.tearDown(LoginTest.java:25)
at com.automation.framework.testcases.LoginTest.tearDown(LoginTest.java:25)
at com.automation.framework.testcases.LoginTest.tearDown(LoginTest.java:25)
at com.automation.framework.testcases.LoginTest.tearDown(LoginTest.java:25)
at com.automation.framework.testcases.LoginTest.tearDown(LoginTest.java:25)
at com.automation.framework.testcases.LoginTest.tearDown(LoginTest.java:25)
at com.automation.framework.testcases.LoginTest.tearDown(LoginTest.java:25)
at com.automation.framework.testcases.LoginTest.tearDown(LoginTest.java:25)
at com.automation.framework.testcases.LoginTest.tearDown(LoginTest.java:25)
at com.automation.framework.testcases.LoginTest.tearDown(LoginTest.java:25)
at com.automation.framework.testcases.LoginTest.tearDown(LoginTest.java:25)
at com.automation.framework.testcases.LoginTest.tearDown(LoginTest.java:25)
at com.automation.framework.testcases.LoginTest.tearDown(LoginTest.java:25)
at com.automation.framework.testcases.LoginTest.tearDown(LoginTest.java:25)
at com.automation.framework.testcases.LoginTest.tearDown(LoginTest.java:25)
at com.automation.framework.testcases.LoginTest.tearDown(LoginTest.java:25)
at com.automation.framework.testcases.LoginTest.tearDown(LoginTest.java:25)
at com.automation.framework.testcases.LoginTest.tearDown(LoginTest.java:25)
at com.automation.framework.testcases.LoginTest.tearDown(LoginTest.java:25)
at com.automation.framework.testcases.LoginTest.tearDown(LoginTest.java:25)
at com.automation.framework.testcases.LoginTest.tearDown(LoginTest.java:25)
at com.automation.framework.testcases.LoginTest.tearDown(LoginTest.java:25)
at com.automation.framework.testcases.LoginTest.tearDown(LoginTest.java:25)
at com.automation.framework.testcases.LoginTest.tearDown(LoginTest.java:25)
at com.automation.framework.testcases.LoginTest.tearDown(LoginTest.java:25)
at com.automation.framework.testcases.LoginTest.tearDown(LoginTest.java:25)
at com.automation.framework.testcases.LoginTest.tearDown(LoginTest.java:25)
at com.automation.framework.testcases.LoginTest.tearDown(LoginTest.java:25)
at com.automation.framework.testcases.LoginTest.tearDown(LoginTest.java:25)
at com.automation.framework.testcases.LoginTest.tearDown(LoginTest.java:25)
at com.automation.framework.testcases.LoginTest.tearDown(LoginTest.java:25)
at com.automation.framework.testcases.LoginTest.tearDown(LoginTest.java:25)
at com.automation.framework.testcases.LoginTest.tearDown(LoginTest.java:25)
at com.automation.framework.testcases.LoginTest.tearDown(LoginTest.java:25)
]]>
            </full-stacktrace>
          </exception> <!-- java.lang.StackOverflowError -->
          <reporter-output>
          </reporter-output>
        </test-method> <!-- tearDown -->
      </class> <!-- com.automation.framework.testcases.LoginTest -->
    </test> <!-- Regression -->
  </suite> <!-- Suite -->
</testng-results>
